#-----------------------------------------------------------
# Webtalk v2015.3 (64-bit)
# SW Build 1368829 on Mon Sep 28 20:06:39 MDT 2015
# 
# Start of session at: Wed Oct 21 12:02:51 2015
# Process ID: 15324
# Current directory: /home/rupprich/Zynq/indoor-loc/indoor-loc.sdk/webtalk
# Command line: wbtcv -mode batch -source sdk_webtalk.tcl
# Log file: /home/rupprich/Zynq/indoor-loc/indoor-loc.sdk/webtalk/webtalk.log
# Journal file: /home/rupprich/Zynq/indoor-loc/indoor-loc.sdk/webtalk/webtalk.jou
#-----------------------------------------------------------
source sdk_webtalk.tcl
# webtalk_init -webtalk_dir /home/rupprich/Zynq/indoor-loc/indoor-loc.sdk/webtalk
# webtalk_register_client -client project
# webtalk_add_data -client project -key date_generated -value "Wed Oct 21 12:02:51 2015" -context "software_version_and_target_device"
# webtalk_add_data -client project -key product_version -value "SDK v2015.3" -context "software_version_and_target_device"
# webtalk_add_data -client project -key build_version -value "2015.3" -context "software_version_and_target_device"
# webtalk_add_data -client project -key os_platform -value "amd64" -context "software_version_and_target_device"
# webtalk_add_data -client project -key registration_id -value "" -context "software_version_and_target_device"
# webtalk_add_data -client project -key tool_flow -value "SDK" -context "software_version_and_target_device"
# webtalk_add_data -client project -key beta -value "false" -context "software_version_and_target_device"
# webtalk_add_data -client project -key route_design -value "NA" -context "software_version_and_target_device"
# webtalk_add_data -client project -key target_family -value "NA" -context "software_version_and_target_device"
# webtalk_add_data -client project -key target_device -value "NA" -context "software_version_and_target_device"
# webtalk_add_data -client project -key target_package -value "NA" -context "software_version_and_target_device"
# webtalk_add_data -client project -key target_speed -value "NA" -context "software_version_and_target_device"
# webtalk_add_data -client project -key random_id -value "m20qm8rjl3qn8b3fuqor92ih9s" -context "software_version_and_target_device"
# webtalk_add_data -client project -key project_id -value "2015.3_2" -context "software_version_and_target_device"
# webtalk_add_data -client project -key project_iteration -value "2" -context "software_version_and_target_device"
# webtalk_add_data -client project -key os_name -value "" -context "user_environment"
# webtalk_add_data -client project -key os_release -value "" -context "user_environment"
# webtalk_add_data -client project -key cpu_name -value "" -context "user_environment"
# webtalk_add_data -client project -key cpu_speed -value "" -context "user_environment"
# webtalk_add_data -client project -key total_processors -value "" -context "user_environment"
# webtalk_add_data -client project -key system_ram -value "" -context "user_environment"
# webtalk_register_client -client sdk
# webtalk_add_data -client sdk -key uid -value "1445419190000" -context "sdk\\\\hardware/1445419190000"
# webtalk_add_data -client sdk -key isZynq -value "true" -context "sdk\\\\hardware/1445419190000"
# webtalk_add_data -client sdk -key Processors -value "2" -context "sdk\\\\hardware/1445419190000"
# webtalk_add_data -client sdk -key VivadoVersion -value "2015.3" -context "sdk\\\\hardware/1445419190000"
# webtalk_add_data -client sdk -key Arch -value "zynq" -context "sdk\\\\hardware/1445419190000"
# webtalk_add_data -client sdk -key Device -value "7z020" -context "sdk\\\\hardware/1445419190000"
# webtalk_add_data -client sdk -key IsHandoff -value "true" -context "sdk\\\\hardware/1445419190000"
# webtalk_add_data -client sdk -key uid -value "1445421697000" -context "sdk\\\\bsp/1445421697000"
# webtalk_add_data -client sdk -key hwid -value "1445419190000" -context "sdk\\\\bsp/1445421697000"
# webtalk_add_data -client sdk -key os -value "standalone" -context "sdk\\\\bsp/1445421697000"
# webtalk_add_data -client sdk -key apptemplate -value "hello_world" -context "sdk\\\\bsp/1445421697000"
# webtalk_add_data -client sdk -key uid -value "1445421698000" -context "sdk\\\\application/1445421698000"
# webtalk_add_data -client sdk -key hwid -value "1445419190000" -context "sdk\\\\application/1445421698000"
# webtalk_add_data -client sdk -key bspid -value "1445421697000" -context "sdk\\\\application/1445421698000"
# webtalk_add_data -client sdk -key newbsp -value "true" -context "sdk\\\\application/1445421698000"
# webtalk_add_data -client sdk -key os -value "standalone" -context "sdk\\\\application/1445421698000"
# webtalk_add_data -client sdk -key apptemplate -value "hello_world" -context "sdk\\\\application/1445421698000"
# webtalk_transmit -clientid 3105887851 -regid "" -xml /home/rupprich/Zynq/indoor-loc/indoor-loc.sdk/webtalk/usage_statistics_ext_sdk.xml -html /home/rupprich/Zynq/indoor-loc/indoor-loc.sdk/webtalk/usage_statistics_ext_sdk.html -wdm /home/rupprich/Zynq/indoor-loc/indoor-loc.sdk/webtalk/sdk_webtalk.wdm -intro "<H3>SDK Usage Report</H3><BR>"
# webtalk_terminate
INFO: [Common 17-206] Exiting Webtalk at Wed Oct 21 12:02:52 2015...
