15:45:23 **** Incremental Build of configuration Debug for project IndoorLoc ****
make all 
make: Nothing to be done for 'all'.
10:15:21 **** Auto Build of configuration Debug for project IndoorLoc ****
make all 
Building file: ../src/imu/mpu9150/inv_mpu.c
Invoking: ARM gcc compiler
arm-xilinx-eabi-gcc -DMOTION_DRIVER_TARGET_ZEDBOARD -DMPU9150 -U__ACCUM_EPSILON__ -Wall -O0 -g3 -c -fmessage-length=0 -MT"src/imu/mpu9150/inv_mpu.o" -I../../IndoorLoc_gpio_timer_minimal_bsp/ps7_cortexa9_0/include -MMD -MP -MF"src/imu/mpu9150/inv_mpu.d" -MT"src/imu/mpu9150/inv_mpu.d" -o "src/imu/mpu9150/inv_mpu.o" "../src/imu/mpu9150/inv_mpu.c"
Finished building: ../src/imu/mpu9150/inv_mpu.c
 
Building target: IndoorLoc.elf
Invoking: ARM gcc linker
arm-xilinx-eabi-gcc -L../../IndoorLoc_bsp/ps7_cortexa9_0/lib -L"/home/ruppi/Zynq/indoor-loc/indoor-loc/indoor-loc.sdk/IndoorLoc/src/imu/mpu9150/mpl" -Wl,-T -Wl,../src/lscript.ld -L../../IndoorLoc_gpio_timer_minimal_bsp/ps7_cortexa9_0/lib -o "IndoorLoc.elf"  ./src/zedboard/iic_utils.o ./src/zedboard/time_utils.o  ./src/robot/pwmsw.o  ./src/imu/mpu9150/mpl/data_builder.o ./src/imu/mpu9150/mpl/eMPL_outputs.o ./src/imu/mpu9150/mpl/hal_outputs.o ./src/imu/mpu9150/mpl/message_layer.o ./src/imu/mpu9150/mpl/ml_math_func.o ./src/imu/mpu9150/mpl/mlmath.o ./src/imu/mpu9150/mpl/mpl.o ./src/imu/mpu9150/mpl/results_holder.o ./src/imu/mpu9150/mpl/start_manager.o ./src/imu/mpu9150/mpl/storage_manager.o  ./src/imu/mpu9150/inv_mpu.o ./src/imu/mpu9150/inv_mpu_dmp_motion_driver.o  ./src/imu/math_utils.o ./src/imu/mpu.o ./src/imu/mpu_int.o ./src/imu/mpu_utils.o  ./src/platform.o ./src/print_utils.o ./src/run.o   -lmpllib -lm -llibmplmpu -Wl,--start-group,-lxil,-lgcc,-lc,--end-group
Finished building target: IndoorLoc.elf
 
Invoking: ARM Print Size
arm-xilinx-eabi-size IndoorLoc.elf  |tee "IndoorLoc.elf.size"
   text	   data	    bss	    dec	    hex	filename
 194740	   3240	  24616	 222596	  36584	IndoorLoc.elf
Finished building: IndoorLoc.elf.size
 
11:25:01 **** Auto Build of configuration Debug for project IndoorLoc ****
make all 
Building file: ../src/imu/mpu_int.c
Invoking: ARM gcc compiler
arm-xilinx-eabi-gcc -DMOTION_DRIVER_TARGET_ZEDBOARD -DMPU9150 -U__ACCUM_EPSILON__ -Wall -O0 -g3 -c -fmessage-length=0 -MT"src/imu/mpu_int.o" -I../../IndoorLoc_gpio_timer_minimal_bsp/ps7_cortexa9_0/include -MMD -MP -MF"src/imu/mpu_int.d" -MT"src/imu/mpu_int.d" -o "src/imu/mpu_int.o" "../src/imu/mpu_int.c"
Finished building: ../src/imu/mpu_int.c
 
Building target: IndoorLoc.elf
Invoking: ARM gcc linker
arm-xilinx-eabi-gcc -L../../IndoorLoc_bsp/ps7_cortexa9_0/lib -L"/home/ruppi/Zynq/indoor-loc/indoor-loc/indoor-loc.sdk/IndoorLoc/src/imu/mpu9150/mpl" -Wl,-T -Wl,../src/lscript.ld -L../../IndoorLoc_gpio_timer_minimal_bsp/ps7_cortexa9_0/lib -o "IndoorLoc.elf"  ./src/zedboard/iic_utils.o ./src/zedboard/time_utils.o  ./src/robot/pwmsw.o  ./src/imu/mpu9150/mpl/data_builder.o ./src/imu/mpu9150/mpl/eMPL_outputs.o ./src/imu/mpu9150/mpl/hal_outputs.o ./src/imu/mpu9150/mpl/message_layer.o ./src/imu/mpu9150/mpl/ml_math_func.o ./src/imu/mpu9150/mpl/mlmath.o ./src/imu/mpu9150/mpl/mpl.o ./src/imu/mpu9150/mpl/results_holder.o ./src/imu/mpu9150/mpl/start_manager.o ./src/imu/mpu9150/mpl/storage_manager.o  ./src/imu/mpu9150/inv_mpu.o ./src/imu/mpu9150/inv_mpu_dmp_motion_driver.o  ./src/imu/math_utils.o ./src/imu/mpu.o ./src/imu/mpu_int.o ./src/imu/mpu_utils.o  ./src/platform.o ./src/print_utils.o ./src/run.o   -lmpllib -lm -llibmplmpu -Wl,--start-group,-lxil,-lgcc,-lc,--end-group
Finished building target: IndoorLoc.elf
 
Invoking: ARM Print Size
arm-xilinx-eabi-size IndoorLoc.elf  |tee "IndoorLoc.elf.size"
   text	   data	    bss	    dec	    hex	filename
 194740	   3240	  24616	 222596	  36584	IndoorLoc.elf
Finished building: IndoorLoc.elf.size
 
11:25:22 **** Auto Build of configuration Debug for project IndoorLoc ****
make all 
Building file: ../src/imu/mpu_int.c
Invoking: ARM gcc compiler
arm-xilinx-eabi-gcc -DMOTION_DRIVER_TARGET_ZEDBOARD -DMPU9150 -U__ACCUM_EPSILON__ -Wall -O0 -g3 -c -fmessage-length=0 -MT"src/imu/mpu_int.o" -I../../IndoorLoc_gpio_timer_minimal_bsp/ps7_cortexa9_0/include -MMD -MP -MF"src/imu/mpu_int.d" -MT"src/imu/mpu_int.d" -o "src/imu/mpu_int.o" "../src/imu/mpu_int.c"
Finished building: ../src/imu/mpu_int.c
 
Building target: IndoorLoc.elf
Invoking: ARM gcc linker
arm-xilinx-eabi-gcc -L../../IndoorLoc_bsp/ps7_cortexa9_0/lib -L"/home/ruppi/Zynq/indoor-loc/indoor-loc/indoor-loc.sdk/IndoorLoc/src/imu/mpu9150/mpl" -Wl,-T -Wl,../src/lscript.ld -L../../IndoorLoc_gpio_timer_minimal_bsp/ps7_cortexa9_0/lib -o "IndoorLoc.elf"  ./src/zedboard/iic_utils.o ./src/zedboard/time_utils.o  ./src/robot/pwmsw.o  ./src/imu/mpu9150/mpl/data_builder.o ./src/imu/mpu9150/mpl/eMPL_outputs.o ./src/imu/mpu9150/mpl/hal_outputs.o ./src/imu/mpu9150/mpl/message_layer.o ./src/imu/mpu9150/mpl/ml_math_func.o ./src/imu/mpu9150/mpl/mlmath.o ./src/imu/mpu9150/mpl/mpl.o ./src/imu/mpu9150/mpl/results_holder.o ./src/imu/mpu9150/mpl/start_manager.o ./src/imu/mpu9150/mpl/storage_manager.o  ./src/imu/mpu9150/inv_mpu.o ./src/imu/mpu9150/inv_mpu_dmp_motion_driver.o  ./src/imu/math_utils.o ./src/imu/mpu.o ./src/imu/mpu_int.o ./src/imu/mpu_utils.o  ./src/platform.o ./src/print_utils.o ./src/run.o   -lmpllib -lm -llibmplmpu -Wl,--start-group,-lxil,-lgcc,-lc,--end-group
Finished building target: IndoorLoc.elf
 
Invoking: ARM Print Size
arm-xilinx-eabi-size IndoorLoc.elf  |tee "IndoorLoc.elf.size"
   text	   data	    bss	    dec	    hex	filename
 194740	   3240	  24616	 222596	  36584	IndoorLoc.elf
Finished building: IndoorLoc.elf.size
 
13:29:26 **** Auto Build of configuration Debug for project IndoorLoc ****
make all 
Building file: ../src/imu/mpu.c
Invoking: ARM gcc compiler
arm-xilinx-eabi-gcc -DMOTION_DRIVER_TARGET_ZEDBOARD -DMPU9150 -U__ACCUM_EPSILON__ -Wall -O0 -g3 -c -fmessage-length=0 -MT"src/imu/mpu.o" -I../../IndoorLoc_gpio_timer_minimal_bsp/ps7_cortexa9_0/include -MMD -MP -MF"src/imu/mpu.d" -MT"src/imu/mpu.d" -o "src/imu/mpu.o" "../src/imu/mpu.c"
../src/imu/mpu.c:44:12: warning: 'count' defined but not used [-Wunused-variable]
 static int count = 0;
            ^
Finished building: ../src/imu/mpu.c
 
Building target: IndoorLoc.elf
Invoking: ARM gcc linker
arm-xilinx-eabi-gcc -L../../IndoorLoc_bsp/ps7_cortexa9_0/lib -L"/home/ruppi/Zynq/indoor-loc/indoor-loc/indoor-loc.sdk/IndoorLoc/src/imu/mpu9150/mpl" -Wl,-T -Wl,../src/lscript.ld -L../../IndoorLoc_gpio_timer_minimal_bsp/ps7_cortexa9_0/lib -o "IndoorLoc.elf"  ./src/zedboard/iic_utils.o ./src/zedboard/time_utils.o  ./src/robot/pwmsw.o  ./src/imu/mpu9150/mpl/data_builder.o ./src/imu/mpu9150/mpl/eMPL_outputs.o ./src/imu/mpu9150/mpl/hal_outputs.o ./src/imu/mpu9150/mpl/message_layer.o ./src/imu/mpu9150/mpl/ml_math_func.o ./src/imu/mpu9150/mpl/mlmath.o ./src/imu/mpu9150/mpl/mpl.o ./src/imu/mpu9150/mpl/results_holder.o ./src/imu/mpu9150/mpl/start_manager.o ./src/imu/mpu9150/mpl/storage_manager.o  ./src/imu/mpu9150/inv_mpu.o ./src/imu/mpu9150/inv_mpu_dmp_motion_driver.o  ./src/imu/math_utils.o ./src/imu/mpu.o ./src/imu/mpu_int.o ./src/imu/mpu_utils.o  ./src/platform.o ./src/print_utils.o ./src/run.o   -lmpllib -lm -llibmplmpu -Wl,--start-group,-lxil,-lgcc,-lc,--end-group
Finished building target: IndoorLoc.elf
 
Invoking: ARM Print Size
arm-xilinx-eabi-size IndoorLoc.elf  |tee "IndoorLoc.elf.size"
   text	   data	    bss	    dec	    hex	filename
 194676	   3240	  24616	 222532	  36544	IndoorLoc.elf
Finished building: IndoorLoc.elf.size
 
14:28:54 **** Auto Build of configuration Debug for project IndoorLoc ****
make all 
Building file: ../src/imu/mpu.c
Invoking: ARM gcc compiler
arm-xilinx-eabi-gcc -DMOTION_DRIVER_TARGET_ZEDBOARD -DMPU9150 -U__ACCUM_EPSILON__ -Wall -O0 -g3 -c -fmessage-length=0 -MT"src/imu/mpu.o" -I../../IndoorLoc_gpio_timer_minimal_bsp/ps7_cortexa9_0/include -MMD -MP -MF"src/imu/mpu.d" -MT"src/imu/mpu.d" -o "src/imu/mpu.o" "../src/imu/mpu.c"
../src/imu/mpu.c:44:12: warning: 'count' defined but not used [-Wunused-variable]
 static int count = 0;
            ^
Finished building: ../src/imu/mpu.c
 
Building file: ../src/imu/mpu_int.c
Invoking: ARM gcc compiler
arm-xilinx-eabi-gcc -DMOTION_DRIVER_TARGET_ZEDBOARD -DMPU9150 -U__ACCUM_EPSILON__ -Wall -O0 -g3 -c -fmessage-length=0 -MT"src/imu/mpu_int.o" -I../../IndoorLoc_gpio_timer_minimal_bsp/ps7_cortexa9_0/include -MMD -MP -MF"src/imu/mpu_int.d" -MT"src/imu/mpu_int.d" -o "src/imu/mpu_int.o" "../src/imu/mpu_int.c"
Finished building: ../src/imu/mpu_int.c
 
Building file: ../src/run.c
Invoking: ARM gcc compiler
arm-xilinx-eabi-gcc -DMOTION_DRIVER_TARGET_ZEDBOARD -DMPU9150 -U__ACCUM_EPSILON__ -Wall -O0 -g3 -c -fmessage-length=0 -MT"src/run.o" -I../../IndoorLoc_gpio_timer_minimal_bsp/ps7_cortexa9_0/include -MMD -MP -MF"src/run.d" -MT"src/run.d" -o "src/run.o" "../src/run.c"
../src/run.c: In function 'main':
../src/run.c:40:6: warning: unused variable 'status' [-Wunused-variable]
  int status = XST_SUCCESS;
      ^
Finished building: ../src/run.c
 
Building target: IndoorLoc.elf
Invoking: ARM gcc linker
arm-xilinx-eabi-gcc -L../../IndoorLoc_bsp/ps7_cortexa9_0/lib -L"/home/ruppi/Zynq/indoor-loc/indoor-loc/indoor-loc.sdk/IndoorLoc/src/imu/mpu9150/mpl" -Wl,-T -Wl,../src/lscript.ld -L../../IndoorLoc_gpio_timer_minimal_bsp/ps7_cortexa9_0/lib -o "IndoorLoc.elf"  ./src/zedboard/iic_utils.o ./src/zedboard/time_utils.o  ./src/robot/pwmsw.o  ./src/imu/mpu9150/mpl/data_builder.o ./src/imu/mpu9150/mpl/eMPL_outputs.o ./src/imu/mpu9150/mpl/hal_outputs.o ./src/imu/mpu9150/mpl/message_layer.o ./src/imu/mpu9150/mpl/ml_math_func.o ./src/imu/mpu9150/mpl/mlmath.o ./src/imu/mpu9150/mpl/mpl.o ./src/imu/mpu9150/mpl/results_holder.o ./src/imu/mpu9150/mpl/start_manager.o ./src/imu/mpu9150/mpl/storage_manager.o  ./src/imu/mpu9150/inv_mpu.o ./src/imu/mpu9150/inv_mpu_dmp_motion_driver.o  ./src/imu/math_utils.o ./src/imu/mpu.o ./src/imu/mpu_int.o ./src/imu/mpu_utils.o  ./src/platform.o ./src/print_utils.o ./src/run.o   -lmpllib -lm -llibmplmpu -Wl,--start-group,-lxil,-lgcc,-lc,--end-group
Finished building target: IndoorLoc.elf
 
Invoking: ARM Print Size
arm-xilinx-eabi-size IndoorLoc.elf  |tee "IndoorLoc.elf.size"
   text	   data	    bss	    dec	    hex	filename
 194676	   3240	  24616	 222532	  36544	IndoorLoc.elf
Finished building: IndoorLoc.elf.size
 
15:08:11 **** Auto Build of configuration Debug for project IndoorLoc ****
make all 
Building file: ../src/imu/mpu.c
Invoking: ARM gcc compiler
arm-xilinx-eabi-gcc -DMOTION_DRIVER_TARGET_ZEDBOARD -DMPU9150 -U__ACCUM_EPSILON__ -Wall -O0 -g3 -c -fmessage-length=0 -MT"src/imu/mpu.o" -I../../IndoorLoc_gpio_timer_minimal_bsp/ps7_cortexa9_0/include -MMD -MP -MF"src/imu/mpu.d" -MT"src/imu/mpu.d" -o "src/imu/mpu.o" "../src/imu/mpu.c"
../src/imu/mpu.c:44:12: warning: 'count' defined but not used [-Wunused-variable]
 static int count = 0;
            ^
Finished building: ../src/imu/mpu.c
 
Building target: IndoorLoc.elf
Invoking: ARM gcc linker
arm-xilinx-eabi-gcc -L../../IndoorLoc_bsp/ps7_cortexa9_0/lib -L"/home/ruppi/Zynq/indoor-loc/indoor-loc/indoor-loc.sdk/IndoorLoc/src/imu/mpu9150/mpl" -Wl,-T -Wl,../src/lscript.ld -L../../IndoorLoc_gpio_timer_minimal_bsp/ps7_cortexa9_0/lib -o "IndoorLoc.elf"  ./src/zedboard/iic_utils.o ./src/zedboard/time_utils.o  ./src/robot/pwmsw.o  ./src/imu/mpu9150/mpl/data_builder.o ./src/imu/mpu9150/mpl/eMPL_outputs.o ./src/imu/mpu9150/mpl/hal_outputs.o ./src/imu/mpu9150/mpl/message_layer.o ./src/imu/mpu9150/mpl/ml_math_func.o ./src/imu/mpu9150/mpl/mlmath.o ./src/imu/mpu9150/mpl/mpl.o ./src/imu/mpu9150/mpl/results_holder.o ./src/imu/mpu9150/mpl/start_manager.o ./src/imu/mpu9150/mpl/storage_manager.o  ./src/imu/mpu9150/inv_mpu.o ./src/imu/mpu9150/inv_mpu_dmp_motion_driver.o  ./src/imu/math_utils.o ./src/imu/mpu.o ./src/imu/mpu_int.o ./src/imu/mpu_utils.o  ./src/platform.o ./src/print_utils.o ./src/run.o   -lmpllib -lm -llibmplmpu -Wl,--start-group,-lxil,-lgcc,-lc,--end-group
Finished building target: IndoorLoc.elf
 
Invoking: ARM Print Size
arm-xilinx-eabi-size IndoorLoc.elf  |tee "IndoorLoc.elf.size"
   text	   data	    bss	    dec	    hex	filename
 194676	   3240	  24616	 222532	  36544	IndoorLoc.elf
Finished building: IndoorLoc.elf.size
 
