
*** Running vivado
    with args -log design_1_wrapper.vdi -applog -m64 -messageDb vivado.pb -mode batch -source design_1_wrapper.tcl -notrace


****** Vivado v2015.3 (64-bit)
  **** SW Build 1368829 on Mon Sep 28 20:06:39 MDT 2015
  **** IP Build 1367837 on Mon Sep 28 08:56:14 MDT 2015
    ** Copyright 1986-2015 Xilinx, Inc. All Rights Reserved.

source design_1_wrapper.tcl -notrace
Design is defaulting to srcset: sources_1
Design is defaulting to constrset: constrs_1
INFO: [Netlist 29-17] Analyzing 172 Unisim elements for replacement
INFO: [Netlist 29-28] Unisim Transformation completed in 0 CPU seconds
INFO: [Project 1-479] Netlist was created with Vivado 2015.3
INFO: [Device 21-403] Loading part xc7z020clg484-1
INFO: [Project 1-570] Preparing netlist for logic optimization
Parsing XDC File [/home/rupprich/Masterarbeit/indoor-loc/indoor-loc/indoor-loc.srcs/sources_1/bd/design_1/ip/design_1_processing_system7_0_0/design_1_processing_system7_0_0.xdc] for cell 'design_1_i/processing_system7_0/inst'
Finished Parsing XDC File [/home/rupprich/Masterarbeit/indoor-loc/indoor-loc/indoor-loc.srcs/sources_1/bd/design_1/ip/design_1_processing_system7_0_0/design_1_processing_system7_0_0.xdc] for cell 'design_1_i/processing_system7_0/inst'
Parsing XDC File [/home/rupprich/Masterarbeit/indoor-loc/indoor-loc/indoor-loc.srcs/sources_1/bd/design_1/ip/design_1_rst_processing_system7_0_100M_0/design_1_rst_processing_system7_0_100M_0_board.xdc] for cell 'design_1_i/rst_processing_system7_0_100M'
Finished Parsing XDC File [/home/rupprich/Masterarbeit/indoor-loc/indoor-loc/indoor-loc.srcs/sources_1/bd/design_1/ip/design_1_rst_processing_system7_0_100M_0/design_1_rst_processing_system7_0_100M_0_board.xdc] for cell 'design_1_i/rst_processing_system7_0_100M'
Parsing XDC File [/home/rupprich/Masterarbeit/indoor-loc/indoor-loc/indoor-loc.srcs/sources_1/bd/design_1/ip/design_1_rst_processing_system7_0_100M_0/design_1_rst_processing_system7_0_100M_0.xdc] for cell 'design_1_i/rst_processing_system7_0_100M'
Finished Parsing XDC File [/home/rupprich/Masterarbeit/indoor-loc/indoor-loc/indoor-loc.srcs/sources_1/bd/design_1/ip/design_1_rst_processing_system7_0_100M_0/design_1_rst_processing_system7_0_100M_0.xdc] for cell 'design_1_i/rst_processing_system7_0_100M'
Parsing XDC File [/home/rupprich/Masterarbeit/indoor-loc/indoor-loc/indoor-loc.srcs/sources_1/bd/design_1/ip/design_1_axi_gpio_0_0/design_1_axi_gpio_0_0_board.xdc] for cell 'design_1_i/axi_gpio_0/U0'
Finished Parsing XDC File [/home/rupprich/Masterarbeit/indoor-loc/indoor-loc/indoor-loc.srcs/sources_1/bd/design_1/ip/design_1_axi_gpio_0_0/design_1_axi_gpio_0_0_board.xdc] for cell 'design_1_i/axi_gpio_0/U0'
Parsing XDC File [/home/rupprich/Masterarbeit/indoor-loc/indoor-loc/indoor-loc.srcs/sources_1/bd/design_1/ip/design_1_axi_gpio_0_0/design_1_axi_gpio_0_0.xdc] for cell 'design_1_i/axi_gpio_0/U0'
Finished Parsing XDC File [/home/rupprich/Masterarbeit/indoor-loc/indoor-loc/indoor-loc.srcs/sources_1/bd/design_1/ip/design_1_axi_gpio_0_0/design_1_axi_gpio_0_0.xdc] for cell 'design_1_i/axi_gpio_0/U0'
Parsing XDC File [/home/rupprich/Masterarbeit/indoor-loc/indoor-loc/indoor-loc.srcs/sources_1/bd/design_1/ip/design_1_axi_timer_0_0/design_1_axi_timer_0_0.xdc] for cell 'design_1_i/axi_timer_0'
Finished Parsing XDC File [/home/rupprich/Masterarbeit/indoor-loc/indoor-loc/indoor-loc.srcs/sources_1/bd/design_1/ip/design_1_axi_timer_0_0/design_1_axi_timer_0_0.xdc] for cell 'design_1_i/axi_timer_0'
Parsing XDC File [/home/rupprich/Masterarbeit/indoor-loc/indoor-loc/indoor-loc.srcs/sources_1/bd/design_1/ip/design_1_axi_gpio_1_0/design_1_axi_gpio_1_0_board.xdc] for cell 'design_1_i/axi_gpio_uwb/U0'
Finished Parsing XDC File [/home/rupprich/Masterarbeit/indoor-loc/indoor-loc/indoor-loc.srcs/sources_1/bd/design_1/ip/design_1_axi_gpio_1_0/design_1_axi_gpio_1_0_board.xdc] for cell 'design_1_i/axi_gpio_uwb/U0'
Parsing XDC File [/home/rupprich/Masterarbeit/indoor-loc/indoor-loc/indoor-loc.srcs/sources_1/bd/design_1/ip/design_1_axi_gpio_1_0/design_1_axi_gpio_1_0.xdc] for cell 'design_1_i/axi_gpio_uwb/U0'
Finished Parsing XDC File [/home/rupprich/Masterarbeit/indoor-loc/indoor-loc/indoor-loc.srcs/sources_1/bd/design_1/ip/design_1_axi_gpio_1_0/design_1_axi_gpio_1_0.xdc] for cell 'design_1_i/axi_gpio_uwb/U0'
Parsing XDC File [/home/rupprich/Masterarbeit/indoor-loc/indoor-loc/indoor-loc.srcs/sources_1/bd/design_1/ip/design_1_axi_quad_spi_0_0/design_1_axi_quad_spi_0_0_board.xdc] for cell 'design_1_i/axi_quad_spi_uwb/U0'
Finished Parsing XDC File [/home/rupprich/Masterarbeit/indoor-loc/indoor-loc/indoor-loc.srcs/sources_1/bd/design_1/ip/design_1_axi_quad_spi_0_0/design_1_axi_quad_spi_0_0_board.xdc] for cell 'design_1_i/axi_quad_spi_uwb/U0'
Parsing XDC File [/home/rupprich/Masterarbeit/indoor-loc/indoor-loc/indoor-loc.srcs/sources_1/bd/design_1/ip/design_1_axi_quad_spi_0_0/design_1_axi_quad_spi_0_0.xdc] for cell 'design_1_i/axi_quad_spi_uwb/U0'
Finished Parsing XDC File [/home/rupprich/Masterarbeit/indoor-loc/indoor-loc/indoor-loc.srcs/sources_1/bd/design_1/ip/design_1_axi_quad_spi_0_0/design_1_axi_quad_spi_0_0.xdc] for cell 'design_1_i/axi_quad_spi_uwb/U0'
Parsing XDC File [/home/rupprich/Masterarbeit/indoor-loc/indoor-loc/indoor-loc.srcs/sources_1/bd/design_1/ip/design_1_axi_gpio_1_1/design_1_axi_gpio_1_1_board.xdc] for cell 'design_1_i/axi_gpio_1/U0'
Finished Parsing XDC File [/home/rupprich/Masterarbeit/indoor-loc/indoor-loc/indoor-loc.srcs/sources_1/bd/design_1/ip/design_1_axi_gpio_1_1/design_1_axi_gpio_1_1_board.xdc] for cell 'design_1_i/axi_gpio_1/U0'
Parsing XDC File [/home/rupprich/Masterarbeit/indoor-loc/indoor-loc/indoor-loc.srcs/sources_1/bd/design_1/ip/design_1_axi_gpio_1_1/design_1_axi_gpio_1_1.xdc] for cell 'design_1_i/axi_gpio_1/U0'
Finished Parsing XDC File [/home/rupprich/Masterarbeit/indoor-loc/indoor-loc/indoor-loc.srcs/sources_1/bd/design_1/ip/design_1_axi_gpio_1_1/design_1_axi_gpio_1_1.xdc] for cell 'design_1_i/axi_gpio_1/U0'
Parsing XDC File [/home/rupprich/Masterarbeit/indoor-loc/indoor-loc/indoor-loc.srcs/constrs_1/new/pwm.xdc]
Finished Parsing XDC File [/home/rupprich/Masterarbeit/indoor-loc/indoor-loc/indoor-loc.srcs/constrs_1/new/pwm.xdc]
Parsing XDC File [/home/rupprich/Masterarbeit/indoor-loc/indoor-loc/indoor-loc.srcs/sources_1/bd/design_1/ip/design_1_axi_quad_spi_0_0/design_1_axi_quad_spi_0_0_clocks.xdc] for cell 'design_1_i/axi_quad_spi_uwb/U0'
Finished Parsing XDC File [/home/rupprich/Masterarbeit/indoor-loc/indoor-loc/indoor-loc.srcs/sources_1/bd/design_1/ip/design_1_axi_quad_spi_0_0/design_1_axi_quad_spi_0_0_clocks.xdc] for cell 'design_1_i/axi_quad_spi_uwb/U0'
INFO: [Opt 31-138] Pushed 0 inverter(s) to 0 load pin(s).
INFO: [Project 1-111] Unisim Transformation Summary:
  A total of 2 instances were transformed.
  IOBUF => IOBUF (IBUF, OBUFT): 2 instances

link_design: Time (s): cpu = 00:00:08 ; elapsed = 00:00:09 . Memory (MB): peak = 1330.664 ; gain = 308.277 ; free physical = 955 ; free virtual = 10001
Command: opt_design
Attempting to get a license for feature 'Implementation' and/or device 'xc7z020'
INFO: [Common 17-349] Got license for feature 'Implementation' and/or device 'xc7z020'
Running DRC as a precondition to command opt_design

Starting DRC Task
INFO: [DRC 23-27] Running DRC with 4 threads
INFO: [Project 1-461] DRC finished with 0 Errors
INFO: [Project 1-462] Please refer to the DRC report (report_drc) for more information.

Time (s): cpu = 00:00:00.15 ; elapsed = 00:00:00.15 . Memory (MB): peak = 1375.684 ; gain = 36.016 ; free physical = 950 ; free virtual = 9996
INFO: [Timing 38-35] Done setting XDC timing constraints.

Starting Logic Optimization Task
Implement Debug Cores | Checksum: 1995ea02b

Phase 1 Retarget
INFO: [Opt 31-138] Pushed 0 inverter(s) to 0 load pin(s).
INFO: [Opt 31-49] Retargeted 0 cell(s).
Phase 1 Retarget | Checksum: 1d793a3dd

Time (s): cpu = 00:00:00.42 ; elapsed = 00:00:00.41 . Memory (MB): peak = 1797.176 ; gain = 0.000 ; free physical = 612 ; free virtual = 9658

Phase 2 Constant Propagation
INFO: [Opt 31-138] Pushed 0 inverter(s) to 0 load pin(s).
INFO: [Opt 31-10] Eliminated 178 cells.
Phase 2 Constant Propagation | Checksum: 1c4203aa2

Time (s): cpu = 00:00:01 ; elapsed = 00:00:01 . Memory (MB): peak = 1797.176 ; gain = 0.000 ; free physical = 612 ; free virtual = 9658

Phase 3 Sweep
INFO: [Opt 31-12] Eliminated 679 unconnected nets.
INFO: [Opt 31-11] Eliminated 278 unconnected cells.
Phase 3 Sweep | Checksum: 208aab2d9

Time (s): cpu = 00:00:02 ; elapsed = 00:00:02 . Memory (MB): peak = 1797.176 ; gain = 0.000 ; free physical = 612 ; free virtual = 9658

Starting Connectivity Check Task

Time (s): cpu = 00:00:00.02 ; elapsed = 00:00:00.02 . Memory (MB): peak = 1797.176 ; gain = 0.000 ; free physical = 612 ; free virtual = 9658
Ending Logic Optimization Task | Checksum: 208aab2d9

Time (s): cpu = 00:00:02 ; elapsed = 00:00:02 . Memory (MB): peak = 1797.176 ; gain = 0.000 ; free physical = 612 ; free virtual = 9658

Starting Power Optimization Task
INFO: [Pwropt 34-132] Skipping clock gating for clocks with a period < 2.00 ns.
Ending Power Optimization Task | Checksum: 208aab2d9

Time (s): cpu = 00:00:00.02 ; elapsed = 00:00:00.02 . Memory (MB): peak = 1797.176 ; gain = 0.000 ; free physical = 612 ; free virtual = 9658
INFO: [Common 17-83] Releasing license: Implementation
20 Infos, 0 Warnings, 0 Critical Warnings and 0 Errors encountered.
opt_design completed successfully
opt_design: Time (s): cpu = 00:00:13 ; elapsed = 00:00:13 . Memory (MB): peak = 1797.176 ; gain = 466.512 ; free physical = 612 ; free virtual = 9658
Writing placer database...
Writing XDEF routing.
Writing XDEF routing logical nets.
Writing XDEF routing special nets.
Write XDEF Complete: Time (s): cpu = 00:00:00.18 ; elapsed = 00:00:00.06 . Memory (MB): peak = 1829.191 ; gain = 0.000 ; free physical = 607 ; free virtual = 9655
INFO: [DRC 23-27] Running DRC with 4 threads
INFO: [Coretcl 2-168] The results of DRC are in file /home/rupprich/Masterarbeit/indoor-loc/indoor-loc/indoor-loc.runs/impl_2/design_1_wrapper_drc_opted.rpt.
Command: place_design
Attempting to get a license for feature 'Implementation' and/or device 'xc7z020'
INFO: [Common 17-349] Got license for feature 'Implementation' and/or device 'xc7z020'
INFO: [DRC 23-27] Running DRC with 4 threads
INFO: [Vivado_Tcl 4-198] DRC finished with 0 Errors
INFO: [Vivado_Tcl 4-199] Please refer to the DRC report (report_drc) for more information.
Running DRC as a precondition to command place_design
INFO: [DRC 23-27] Running DRC with 4 threads
INFO: [Vivado_Tcl 4-198] DRC finished with 0 Errors
INFO: [Vivado_Tcl 4-199] Please refer to the DRC report (report_drc) for more information.

Starting Placer Task
INFO: [Place 30-611] Multithreading enabled for place_design using a maximum of 4 CPUs

Phase 1 Placer Initialization
Netlist sorting complete. Time (s): cpu = 00:00:00.01 ; elapsed = 00:00:00.01 . Memory (MB): peak = 1829.199 ; gain = 0.000 ; free physical = 596 ; free virtual = 9644
Netlist sorting complete. Time (s): cpu = 00:00:00.01 ; elapsed = 00:00:00.01 . Memory (MB): peak = 1829.199 ; gain = 0.000 ; free physical = 596 ; free virtual = 9644

Phase 1.1 IO Placement/ Clock Placement/ Build Placer Device

Phase 1.1.1 Pre-Place Cells
Phase 1.1.1 Pre-Place Cells | Checksum: 7f1ddb77

Time (s): cpu = 00:00:00.06 ; elapsed = 00:00:00.07 . Memory (MB): peak = 1829.199 ; gain = 0.000 ; free physical = 596 ; free virtual = 9644
WARNING: [Place 30-12] An IO Bus FIXED_IO_mio with more than one IO standard is found. Components associated with this bus are: 
	FIXED_IO_mio[53] of IOStandard LVCMOS18
	FIXED_IO_mio[52] of IOStandard LVCMOS18
	FIXED_IO_mio[51] of IOStandard LVCMOS18
	FIXED_IO_mio[50] of IOStandard LVCMOS18
	FIXED_IO_mio[49] of IOStandard LVCMOS18
	FIXED_IO_mio[48] of IOStandard LVCMOS18
	FIXED_IO_mio[47] of IOStandard LVCMOS18
	FIXED_IO_mio[46] of IOStandard LVCMOS18
	FIXED_IO_mio[45] of IOStandard LVCMOS18
	FIXED_IO_mio[44] of IOStandard LVCMOS18
	FIXED_IO_mio[43] of IOStandard LVCMOS18
	FIXED_IO_mio[42] of IOStandard LVCMOS18
	FIXED_IO_mio[41] of IOStandard LVCMOS18
	FIXED_IO_mio[40] of IOStandard LVCMOS18
	FIXED_IO_mio[39] of IOStandard LVCMOS18
	FIXED_IO_mio[38] of IOStandard LVCMOS18
	FIXED_IO_mio[37] of IOStandard LVCMOS18
	FIXED_IO_mio[36] of IOStandard LVCMOS18
	FIXED_IO_mio[35] of IOStandard LVCMOS18
	FIXED_IO_mio[34] of IOStandard LVCMOS18
	FIXED_IO_mio[33] of IOStandard LVCMOS18
	FIXED_IO_mio[32] of IOStandard LVCMOS18
	FIXED_IO_mio[31] of IOStandard LVCMOS18
	FIXED_IO_mio[30] of IOStandard LVCMOS18
	FIXED_IO_mio[29] of IOStandard LVCMOS18
	FIXED_IO_mio[28] of IOStandard LVCMOS18
	FIXED_IO_mio[27] of IOStandard LVCMOS18
	FIXED_IO_mio[26] of IOStandard LVCMOS18
	FIXED_IO_mio[25] of IOStandard LVCMOS18
	FIXED_IO_mio[24] of IOStandard LVCMOS18
	FIXED_IO_mio[23] of IOStandard LVCMOS18
	FIXED_IO_mio[22] of IOStandard LVCMOS18
	FIXED_IO_mio[21] of IOStandard LVCMOS18
	FIXED_IO_mio[20] of IOStandard LVCMOS18
	FIXED_IO_mio[19] of IOStandard LVCMOS18
	FIXED_IO_mio[18] of IOStandard LVCMOS18
	FIXED_IO_mio[17] of IOStandard LVCMOS18
	FIXED_IO_mio[16] of IOStandard LVCMOS18
	FIXED_IO_mio[15] of IOStandard LVCMOS33
	FIXED_IO_mio[14] of IOStandard LVCMOS33
	FIXED_IO_mio[13] of IOStandard LVCMOS33
	FIXED_IO_mio[12] of IOStandard LVCMOS33
	FIXED_IO_mio[11] of IOStandard LVCMOS33
	FIXED_IO_mio[10] of IOStandard LVCMOS33
	FIXED_IO_mio[9] of IOStandard LVCMOS33
	FIXED_IO_mio[8] of IOStandard LVCMOS33
	FIXED_IO_mio[7] of IOStandard LVCMOS33
	FIXED_IO_mio[6] of IOStandard LVCMOS33
	FIXED_IO_mio[5] of IOStandard LVCMOS33
	FIXED_IO_mio[4] of IOStandard LVCMOS33
	FIXED_IO_mio[3] of IOStandard LVCMOS33
	FIXED_IO_mio[2] of IOStandard LVCMOS33
	FIXED_IO_mio[1] of IOStandard LVCMOS33
	FIXED_IO_mio[0] of IOStandard LVCMOS33
INFO: [Timing 38-35] Done setting XDC timing constraints.

Phase 1.1.2 IO and Clk Clean Up
Phase 1.1.2 IO and Clk Clean Up | Checksum: 7f1ddb77

Time (s): cpu = 00:00:03 ; elapsed = 00:00:02 . Memory (MB): peak = 1844.191 ; gain = 14.992 ; free physical = 592 ; free virtual = 9640

Phase 1.1.3 Implementation Feasibility check On IDelay
Phase 1.1.3 Implementation Feasibility check On IDelay | Checksum: 7f1ddb77

Time (s): cpu = 00:00:03 ; elapsed = 00:00:02 . Memory (MB): peak = 1844.191 ; gain = 14.992 ; free physical = 592 ; free virtual = 9640

Phase 1.1.4 Commit IO Placement
Phase 1.1.4 Commit IO Placement | Checksum: 7f346970

Time (s): cpu = 00:00:03 ; elapsed = 00:00:02 . Memory (MB): peak = 1844.191 ; gain = 14.992 ; free physical = 592 ; free virtual = 9640
Phase 1.1 IO Placement/ Clock Placement/ Build Placer Device | Checksum: 1765e32fa

Time (s): cpu = 00:00:03 ; elapsed = 00:00:02 . Memory (MB): peak = 1844.191 ; gain = 14.992 ; free physical = 592 ; free virtual = 9640

Phase 1.2 Build Placer Netlist Model

Phase 1.2.1 Place Init Design

Phase 1.2.1.1 Init Lut Pin Assignment
Phase 1.2.1.1 Init Lut Pin Assignment | Checksum: 1c940ccd1

Time (s): cpu = 00:00:03 ; elapsed = 00:00:02 . Memory (MB): peak = 1844.191 ; gain = 14.992 ; free physical = 589 ; free virtual = 9637
Phase 1.2.1 Place Init Design | Checksum: 1e309b321

Time (s): cpu = 00:00:05 ; elapsed = 00:00:03 . Memory (MB): peak = 1854.836 ; gain = 25.637 ; free physical = 576 ; free virtual = 9624
Phase 1.2 Build Placer Netlist Model | Checksum: 1e309b321

Time (s): cpu = 00:00:05 ; elapsed = 00:00:03 . Memory (MB): peak = 1854.836 ; gain = 25.637 ; free physical = 576 ; free virtual = 9624

Phase 1.3 Constrain Clocks/Macros

Phase 1.3.1 Constrain Global/Regional Clocks
Phase 1.3.1 Constrain Global/Regional Clocks | Checksum: 1e309b321

Time (s): cpu = 00:00:05 ; elapsed = 00:00:03 . Memory (MB): peak = 1854.836 ; gain = 25.637 ; free physical = 576 ; free virtual = 9624
Phase 1.3 Constrain Clocks/Macros | Checksum: 1e309b321

Time (s): cpu = 00:00:05 ; elapsed = 00:00:03 . Memory (MB): peak = 1854.836 ; gain = 25.637 ; free physical = 576 ; free virtual = 9624
Phase 1 Placer Initialization | Checksum: 1e309b321

Time (s): cpu = 00:00:05 ; elapsed = 00:00:03 . Memory (MB): peak = 1854.836 ; gain = 25.637 ; free physical = 576 ; free virtual = 9624

Phase 2 Global Placement
SimPL: WL = 495325 (167951, 327374)
SimPL: WL = 465457 (161634, 303823)
SimPL: WL = 462278 (160335, 301943)
SimPL: WL = 462323 (160096, 302227)
SimPL: WL = 462100 (160124, 301976)
Phase 2 Global Placement | Checksum: 1dd8e5f69

Time (s): cpu = 00:00:11 ; elapsed = 00:00:06 . Memory (MB): peak = 1878.848 ; gain = 49.648 ; free physical = 564 ; free virtual = 9612

Phase 3 Detail Placement

Phase 3.1 Commit Multi Column Macros
Phase 3.1 Commit Multi Column Macros | Checksum: 1dd8e5f69

Time (s): cpu = 00:00:11 ; elapsed = 00:00:06 . Memory (MB): peak = 1878.848 ; gain = 49.648 ; free physical = 564 ; free virtual = 9612

Phase 3.2 Commit Most Macros & LUTRAMs
Phase 3.2 Commit Most Macros & LUTRAMs | Checksum: 123757151

Time (s): cpu = 00:00:13 ; elapsed = 00:00:07 . Memory (MB): peak = 1878.848 ; gain = 49.648 ; free physical = 564 ; free virtual = 9612

Phase 3.3 Area Swap Optimization
Phase 3.3 Area Swap Optimization | Checksum: 165afb8f2

Time (s): cpu = 00:00:13 ; elapsed = 00:00:07 . Memory (MB): peak = 1878.848 ; gain = 49.648 ; free physical = 564 ; free virtual = 9612

Phase 3.4 updateClock Trees: DP
Phase 3.4 updateClock Trees: DP | Checksum: 165afb8f2

Time (s): cpu = 00:00:13 ; elapsed = 00:00:07 . Memory (MB): peak = 1878.848 ; gain = 49.648 ; free physical = 564 ; free virtual = 9612

Phase 3.5 Timing Path Optimizer
Phase 3.5 Timing Path Optimizer | Checksum: 191f95428

Time (s): cpu = 00:00:13 ; elapsed = 00:00:07 . Memory (MB): peak = 1878.848 ; gain = 49.648 ; free physical = 564 ; free virtual = 9612

Phase 3.6 Fast Optimization
Phase 3.6 Fast Optimization | Checksum: 191f95428

Time (s): cpu = 00:00:13 ; elapsed = 00:00:07 . Memory (MB): peak = 1878.848 ; gain = 49.648 ; free physical = 564 ; free virtual = 9612

Phase 3.7 Small Shape Detail Placement

Phase 3.7.1 Commit Small Macros and Core Logic

Phase 3.7.1.1 Commit Slice Clusters
Phase 3.7.1.1 Commit Slice Clusters | Checksum: 2856da52c

Time (s): cpu = 00:00:15 ; elapsed = 00:00:09 . Memory (MB): peak = 1878.848 ; gain = 49.648 ; free physical = 560 ; free virtual = 9608
Phase 3.7.1 Commit Small Macros and Core Logic | Checksum: 2856da52c

Time (s): cpu = 00:00:15 ; elapsed = 00:00:09 . Memory (MB): peak = 1878.848 ; gain = 49.648 ; free physical = 560 ; free virtual = 9608

Phase 3.7.2 Clock Restriction Legalization for Leaf Columns
Phase 3.7.2 Clock Restriction Legalization for Leaf Columns | Checksum: 2856da52c

Time (s): cpu = 00:00:15 ; elapsed = 00:00:09 . Memory (MB): peak = 1878.848 ; gain = 49.648 ; free physical = 560 ; free virtual = 9608

Phase 3.7.3 Clock Restriction Legalization for Non-Clock Pins
Phase 3.7.3 Clock Restriction Legalization for Non-Clock Pins | Checksum: 2856da52c

Time (s): cpu = 00:00:15 ; elapsed = 00:00:09 . Memory (MB): peak = 1878.848 ; gain = 49.648 ; free physical = 560 ; free virtual = 9608
Phase 3.7 Small Shape Detail Placement | Checksum: 2856da52c

Time (s): cpu = 00:00:15 ; elapsed = 00:00:09 . Memory (MB): peak = 1878.848 ; gain = 49.648 ; free physical = 560 ; free virtual = 9608

Phase 3.8 Re-assign LUT pins
Phase 3.8 Re-assign LUT pins | Checksum: 25017b8bc

Time (s): cpu = 00:00:15 ; elapsed = 00:00:09 . Memory (MB): peak = 1878.848 ; gain = 49.648 ; free physical = 560 ; free virtual = 9608
Phase 3 Detail Placement | Checksum: 25017b8bc

Time (s): cpu = 00:00:15 ; elapsed = 00:00:09 . Memory (MB): peak = 1878.848 ; gain = 49.648 ; free physical = 560 ; free virtual = 9608

Phase 4 Post Placement Optimization and Clean-Up

Phase 4.1 Post Commit Optimization

Phase 4.1.1 callUpdateTimingBeforePCO
Phase 4.1.1 callUpdateTimingBeforePCO | Checksum: 263c101b7

Time (s): cpu = 00:00:17 ; elapsed = 00:00:10 . Memory (MB): peak = 1878.848 ; gain = 49.648 ; free physical = 560 ; free virtual = 9608

Phase 4.1.2 updateClock Trees: PCOPT
Phase 4.1.2 updateClock Trees: PCOPT | Checksum: 263c101b7

Time (s): cpu = 00:00:17 ; elapsed = 00:00:10 . Memory (MB): peak = 1878.848 ; gain = 49.648 ; free physical = 560 ; free virtual = 9608

Phase 4.1.3 Post Placement Optimization

Phase 4.1.3.1 PCOPT Shape updates

Phase 4.1.3.1.1 removeOptionalFFsFromShapes
Phase 4.1.3.1.1 removeOptionalFFsFromShapes | Checksum: 263c101b7

Time (s): cpu = 00:00:17 ; elapsed = 00:00:10 . Memory (MB): peak = 1878.848 ; gain = 49.648 ; free physical = 560 ; free virtual = 9608

Phase 4.1.3.1.2 deleteLutnmShapes

Phase 4.1.3.1.2.1 deleteShapes
Phase 4.1.3.1.2.1 deleteShapes | Checksum: 141792995

Time (s): cpu = 00:00:17 ; elapsed = 00:00:10 . Memory (MB): peak = 1878.848 ; gain = 49.648 ; free physical = 560 ; free virtual = 9608
Phase 4.1.3.1.2 deleteLutnmShapes | Checksum: 141792995

Time (s): cpu = 00:00:17 ; elapsed = 00:00:10 . Memory (MB): peak = 1878.848 ; gain = 49.648 ; free physical = 560 ; free virtual = 9608
Phase 4.1.3.1 PCOPT Shape updates | Checksum: 141792995

Time (s): cpu = 00:00:17 ; elapsed = 00:00:10 . Memory (MB): peak = 1878.848 ; gain = 49.648 ; free physical = 560 ; free virtual = 9608

Phase 4.1.3.2 Post Placement Timing Optimization
INFO: [Place 30-746] Post Placement Timing Summary WNS=3.347. For the most accurate timing information please run report_timing.
Phase 4.1.3.2 Post Placement Timing Optimization | Checksum: 185dfc0e0

Time (s): cpu = 00:00:17 ; elapsed = 00:00:10 . Memory (MB): peak = 1878.848 ; gain = 49.648 ; free physical = 560 ; free virtual = 9608
Phase 4.1.3 Post Placement Optimization | Checksum: 185dfc0e0

Time (s): cpu = 00:00:17 ; elapsed = 00:00:10 . Memory (MB): peak = 1878.848 ; gain = 49.648 ; free physical = 560 ; free virtual = 9608
Phase 4.1 Post Commit Optimization | Checksum: 185dfc0e0

Time (s): cpu = 00:00:17 ; elapsed = 00:00:10 . Memory (MB): peak = 1878.848 ; gain = 49.648 ; free physical = 560 ; free virtual = 9608

Phase 4.2 Sweep Clock Roots: Post-Placement
Phase 4.2 Sweep Clock Roots: Post-Placement | Checksum: 185dfc0e0

Time (s): cpu = 00:00:17 ; elapsed = 00:00:10 . Memory (MB): peak = 1878.848 ; gain = 49.648 ; free physical = 560 ; free virtual = 9608

Phase 4.3 Post Placement Cleanup
Phase 4.3 Post Placement Cleanup | Checksum: 185dfc0e0

Time (s): cpu = 00:00:17 ; elapsed = 00:00:10 . Memory (MB): peak = 1878.848 ; gain = 49.648 ; free physical = 560 ; free virtual = 9608

Phase 4.4 Placer Reporting

Phase 4.4.1 Restore STA
Phase 4.4.1 Restore STA | Checksum: 185dfc0e0

Time (s): cpu = 00:00:17 ; elapsed = 00:00:10 . Memory (MB): peak = 1878.848 ; gain = 49.648 ; free physical = 560 ; free virtual = 9608
Phase 4.4 Placer Reporting | Checksum: 185dfc0e0

Time (s): cpu = 00:00:17 ; elapsed = 00:00:10 . Memory (MB): peak = 1878.848 ; gain = 49.648 ; free physical = 560 ; free virtual = 9608

Phase 4.5 Final Placement Cleanup
Phase 4.5 Final Placement Cleanup | Checksum: 1c86aa0f1

Time (s): cpu = 00:00:17 ; elapsed = 00:00:10 . Memory (MB): peak = 1878.848 ; gain = 49.648 ; free physical = 560 ; free virtual = 9608
Phase 4 Post Placement Optimization and Clean-Up | Checksum: 1c86aa0f1

Time (s): cpu = 00:00:17 ; elapsed = 00:00:10 . Memory (MB): peak = 1878.848 ; gain = 49.648 ; free physical = 560 ; free virtual = 9608
Ending Placer Task | Checksum: 16f63c728

Time (s): cpu = 00:00:17 ; elapsed = 00:00:10 . Memory (MB): peak = 1878.848 ; gain = 49.648 ; free physical = 560 ; free virtual = 9608
INFO: [Common 17-83] Releasing license: Implementation
33 Infos, 1 Warnings, 0 Critical Warnings and 0 Errors encountered.
place_design completed successfully
place_design: Time (s): cpu = 00:00:19 ; elapsed = 00:00:11 . Memory (MB): peak = 1878.848 ; gain = 49.648 ; free physical = 560 ; free virtual = 9608
Writing placer database...
Writing XDEF routing.
Writing XDEF routing logical nets.
Writing XDEF routing special nets.
Write XDEF Complete: Time (s): cpu = 00:00:02 ; elapsed = 00:00:00.71 . Memory (MB): peak = 1878.848 ; gain = 0.000 ; free physical = 552 ; free virtual = 9607
report_io: Time (s): cpu = 00:00:00.14 ; elapsed = 00:00:00.14 . Memory (MB): peak = 1878.848 ; gain = 0.000 ; free physical = 552 ; free virtual = 9602
report_utilization: Time (s): cpu = 00:00:00.05 ; elapsed = 00:00:00.05 . Memory (MB): peak = 1878.848 ; gain = 0.000 ; free physical = 552 ; free virtual = 9602
report_control_sets: Time (s): cpu = 00:00:00.02 ; elapsed = 00:00:00.02 . Memory (MB): peak = 1878.848 ; gain = 0.000 ; free physical = 552 ; free virtual = 9602
Command: route_design
Attempting to get a license for feature 'Implementation' and/or device 'xc7z020'
INFO: [Common 17-349] Got license for feature 'Implementation' and/or device 'xc7z020'
Running DRC as a precondition to command route_design
INFO: [DRC 23-27] Running DRC with 4 threads
WARNING: [DRC 23-20] Rule violation (PLIO-7) Placement Constraints Check for IO constraints - An IO Bus FIXED_IO_mio[53:0] with more than one IO standard is found. Components associated with this bus are: LVCMOS18 (FIXED_IO_mio[53], FIXED_IO_mio[52], FIXED_IO_mio[51], FIXED_IO_mio[50], FIXED_IO_mio[49], FIXED_IO_mio[48], FIXED_IO_mio[47], FIXED_IO_mio[46], FIXED_IO_mio[45], FIXED_IO_mio[44], FIXED_IO_mio[43], FIXED_IO_mio[42], FIXED_IO_mio[41], FIXED_IO_mio[40], FIXED_IO_mio[39] (the first 15 of 38 listed)); LVCMOS33 (FIXED_IO_mio[15], FIXED_IO_mio[14], FIXED_IO_mio[13], FIXED_IO_mio[12], FIXED_IO_mio[11], FIXED_IO_mio[10], FIXED_IO_mio[9], FIXED_IO_mio[8], FIXED_IO_mio[7], FIXED_IO_mio[6], FIXED_IO_mio[5], FIXED_IO_mio[4], FIXED_IO_mio[3], FIXED_IO_mio[2], FIXED_IO_mio[1] (the first 15 of 16 listed)); 
INFO: [Vivado_Tcl 4-198] DRC finished with 0 Errors, 1 Warnings
INFO: [Vivado_Tcl 4-199] Please refer to the DRC report (report_drc) for more information.


Starting Routing Task
INFO: [Route 35-254] Multithreading enabled for route_design using a maximum of 4 CPUs
Checksum: PlaceDB: a431c692 ConstDB: 0 ShapeSum: cb320096 RouteDB: 0

Phase 1 Build RT Design
Phase 1 Build RT Design | Checksum: 148be971c

Time (s): cpu = 00:00:27 ; elapsed = 00:00:21 . Memory (MB): peak = 1937.512 ; gain = 58.664 ; free physical = 442 ; free virtual = 9492

Phase 2 Router Initialization

Phase 2.1 Create Timer
Phase 2.1 Create Timer | Checksum: 148be971c

Time (s): cpu = 00:00:27 ; elapsed = 00:00:21 . Memory (MB): peak = 1941.512 ; gain = 62.664 ; free physical = 441 ; free virtual = 9491

Phase 2.2 Pre Route Cleanup
Phase 2.2 Pre Route Cleanup | Checksum: 148be971c

Time (s): cpu = 00:00:27 ; elapsed = 00:00:21 . Memory (MB): peak = 1956.512 ; gain = 77.664 ; free physical = 427 ; free virtual = 9477
 Number of Nodes with overlaps = 0

Phase 2.3 Update Timing
Phase 2.3 Update Timing | Checksum: 11ca27fab

Time (s): cpu = 00:00:31 ; elapsed = 00:00:23 . Memory (MB): peak = 1987.566 ; gain = 108.719 ; free physical = 396 ; free virtual = 9446
INFO: [Route 35-416] Intermediate Timing Summary | WNS=3.334  | TNS=0.000  | WHS=-0.156 | THS=-41.329|

Phase 2 Router Initialization | Checksum: 17558d0d3

Time (s): cpu = 00:00:32 ; elapsed = 00:00:23 . Memory (MB): peak = 1987.566 ; gain = 108.719 ; free physical = 396 ; free virtual = 9446

Phase 3 Initial Routing
Phase 3 Initial Routing | Checksum: 19d34e84f

Time (s): cpu = 00:00:33 ; elapsed = 00:00:24 . Memory (MB): peak = 1987.566 ; gain = 108.719 ; free physical = 396 ; free virtual = 9446

Phase 4 Rip-up And Reroute

Phase 4.1 Global Iteration 0
 Number of Nodes with overlaps = 282
 Number of Nodes with overlaps = 1
 Number of Nodes with overlaps = 0

Phase 4.1.1 Update Timing
Phase 4.1.1 Update Timing | Checksum: 1f54e87cb

Time (s): cpu = 00:00:36 ; elapsed = 00:00:24 . Memory (MB): peak = 1987.566 ; gain = 108.719 ; free physical = 396 ; free virtual = 9446
INFO: [Route 35-416] Intermediate Timing Summary | WNS=2.155  | TNS=0.000  | WHS=N/A    | THS=N/A    |

Phase 4.1 Global Iteration 0 | Checksum: 1534bd8cb

Time (s): cpu = 00:00:36 ; elapsed = 00:00:25 . Memory (MB): peak = 1987.566 ; gain = 108.719 ; free physical = 396 ; free virtual = 9446

Phase 4.2 Global Iteration 1
 Number of Nodes with overlaps = 0

Phase 4.2.1 Update Timing
Phase 4.2.1 Update Timing | Checksum: 275ea1982

Time (s): cpu = 00:00:36 ; elapsed = 00:00:25 . Memory (MB): peak = 1987.566 ; gain = 108.719 ; free physical = 396 ; free virtual = 9446
INFO: [Route 35-416] Intermediate Timing Summary | WNS=2.155  | TNS=0.000  | WHS=N/A    | THS=N/A    |

Phase 4.2 Global Iteration 1 | Checksum: 2a4c1437c

Time (s): cpu = 00:00:37 ; elapsed = 00:00:25 . Memory (MB): peak = 1987.566 ; gain = 108.719 ; free physical = 396 ; free virtual = 9446
Phase 4 Rip-up And Reroute | Checksum: 2a4c1437c

Time (s): cpu = 00:00:37 ; elapsed = 00:00:25 . Memory (MB): peak = 1987.566 ; gain = 108.719 ; free physical = 396 ; free virtual = 9446

Phase 5 Delay and Skew Optimization

Phase 5.1 Delay CleanUp

Phase 5.1.1 Update Timing
Phase 5.1.1 Update Timing | Checksum: 28f03ab37

Time (s): cpu = 00:00:37 ; elapsed = 00:00:25 . Memory (MB): peak = 1987.566 ; gain = 108.719 ; free physical = 396 ; free virtual = 9446
INFO: [Route 35-416] Intermediate Timing Summary | WNS=2.169  | TNS=0.000  | WHS=N/A    | THS=N/A    |

Phase 5.1 Delay CleanUp | Checksum: 28f03ab37

Time (s): cpu = 00:00:37 ; elapsed = 00:00:25 . Memory (MB): peak = 1987.566 ; gain = 108.719 ; free physical = 396 ; free virtual = 9446

Phase 5.2 Clock Skew Optimization
Phase 5.2 Clock Skew Optimization | Checksum: 28f03ab37

Time (s): cpu = 00:00:37 ; elapsed = 00:00:25 . Memory (MB): peak = 1987.566 ; gain = 108.719 ; free physical = 396 ; free virtual = 9446
Phase 5 Delay and Skew Optimization | Checksum: 28f03ab37

Time (s): cpu = 00:00:37 ; elapsed = 00:00:25 . Memory (MB): peak = 1987.566 ; gain = 108.719 ; free physical = 396 ; free virtual = 9446

Phase 6 Post Hold Fix

Phase 6.1 Update Timing
Phase 6.1 Update Timing | Checksum: 1b2528f12

Time (s): cpu = 00:00:38 ; elapsed = 00:00:25 . Memory (MB): peak = 1987.566 ; gain = 108.719 ; free physical = 396 ; free virtual = 9446
INFO: [Route 35-416] Intermediate Timing Summary | WNS=2.169  | TNS=0.000  | WHS=0.039  | THS=0.000  |

Phase 6 Post Hold Fix | Checksum: 208803a78

Time (s): cpu = 00:00:38 ; elapsed = 00:00:25 . Memory (MB): peak = 1987.566 ; gain = 108.719 ; free physical = 396 ; free virtual = 9446

Phase 7 Route finalize

Router Utilization Summary
  Global Vertical Routing Utilization    = 0.539764 %
  Global Horizontal Routing Utilization  = 0.724983 %
  Routable Net Status*
  *Does not include unroutable nets such as driverless and loadless.
  Run report_route_status for detailed report.
  Number of Failed Nets               = 0
  Number of Unrouted Nets             = 0
  Number of Partially Routed Nets     = 0
  Number of Node Overlaps             = 0

Phase 7 Route finalize | Checksum: 2990a48c5

Time (s): cpu = 00:00:38 ; elapsed = 00:00:25 . Memory (MB): peak = 1987.566 ; gain = 108.719 ; free physical = 396 ; free virtual = 9446

Phase 8 Verifying routed nets

 Verification completed successfully
Phase 8 Verifying routed nets | Checksum: 2990a48c5

Time (s): cpu = 00:00:38 ; elapsed = 00:00:25 . Memory (MB): peak = 1987.566 ; gain = 108.719 ; free physical = 396 ; free virtual = 9446

Phase 9 Depositing Routes
Phase 9 Depositing Routes | Checksum: 2a069e551

Time (s): cpu = 00:00:38 ; elapsed = 00:00:25 . Memory (MB): peak = 1987.566 ; gain = 108.719 ; free physical = 396 ; free virtual = 9446

Phase 10 Post Router Timing
INFO: [Route 35-57] Estimated Timing Summary | WNS=2.169  | TNS=0.000  | WHS=0.039  | THS=0.000  |

INFO: [Route 35-327] The final timing numbers are based on the router estimated timing analysis. For a complete and accurate timing signoff, please run report_timing_summary.
Phase 10 Post Router Timing | Checksum: 2a069e551

Time (s): cpu = 00:00:38 ; elapsed = 00:00:25 . Memory (MB): peak = 1987.566 ; gain = 108.719 ; free physical = 396 ; free virtual = 9446
INFO: [Route 35-16] Router Completed Successfully

Time (s): cpu = 00:00:38 ; elapsed = 00:00:25 . Memory (MB): peak = 1987.566 ; gain = 108.719 ; free physical = 396 ; free virtual = 9446

Routing Is Done.
INFO: [Common 17-83] Releasing license: Implementation
47 Infos, 2 Warnings, 0 Critical Warnings and 0 Errors encountered.
route_design completed successfully
route_design: Time (s): cpu = 00:00:39 ; elapsed = 00:00:26 . Memory (MB): peak = 1987.566 ; gain = 108.719 ; free physical = 396 ; free virtual = 9446
Writing placer database...
Writing XDEF routing.
Writing XDEF routing logical nets.
Writing XDEF routing special nets.
Write XDEF Complete: Time (s): cpu = 00:00:02 ; elapsed = 00:00:00.65 . Memory (MB): peak = 1987.566 ; gain = 0.000 ; free physical = 388 ; free virtual = 9446
INFO: [DRC 23-27] Running DRC with 4 threads
INFO: [Coretcl 2-168] The results of DRC are in file /home/rupprich/Masterarbeit/indoor-loc/indoor-loc/indoor-loc.runs/impl_2/design_1_wrapper_drc_routed.rpt.
INFO: [Timing 38-91] UpdateTimingParams: Speed grade: -1, Delay Type: min_max.
INFO: [Timing 38-191] Multithreading enabled for timing update using a maximum of 4 CPUs
Running Vector-less Activity Propagation...

Finished Running Vector-less Activity Propagation
Attempting to get a license for feature 'Implementation' and/or device 'xc7z020'
INFO: [Common 17-349] Got license for feature 'Implementation' and/or device 'xc7z020'
Running DRC as a precondition to command write_bitstream
INFO: [DRC 23-27] Running DRC with 4 threads
INFO: [Vivado 12-3199] DRC finished with 0 Errors
INFO: [Vivado 12-3200] Please refer to the DRC report (report_drc) for more information.
Loading data files...
Loading site data...
Loading route data...
Processing options...
Creating bitmap...
Creating bitstream...
Writing bitstream ./design_1_wrapper.bit...
INFO: [Vivado 12-1842] Bitgen Completed Successfully.
INFO: [Project 1-118] WebTalk data collection is enabled (User setting is ON. Install Setting is ON.).
INFO: [Common 17-186] '/home/rupprich/Masterarbeit/indoor-loc/indoor-loc/indoor-loc.runs/impl_2/usage_statistics_webtalk.xml' has been successfully sent to Xilinx on Thu Mar 10 15:25:28 2016. For additional details about this file, please refer to the WebTalk help file at /opt/Xilinx/Vivado/2015.3/doc/webtalk_introduction.html.
INFO: [Common 17-83] Releasing license: Implementation
write_bitstream: Time (s): cpu = 00:00:26 ; elapsed = 00:00:27 . Memory (MB): peak = 2291.711 ; gain = 288.129 ; free physical = 145 ; free virtual = 9148
INFO: [Common 17-206] Exiting Vivado at Thu Mar 10 15:25:28 2016...
