14:31:37 INFO  : Launching XSDB server: xsdb -n /opt/Xilinx/SDK/2015.3/scripts/xsdb/xsdb/xsdb-server.tcl
14:31:42 INFO  : XSDB server has started successfully.
14:31:43 INFO  : Processing command line option -hwspec /home/rupprich/Zynq/indoor-loc/indoor-loc.sdk/design_1_wrapper.hdf.
14:32:32 INFO  : Connected to target on host '127.0.0.1' and port '3121'.
14:32:33 INFO  : 'targets -set -filter {jtag_cable_name =~ "Digilent Zed 210248492852" && level==0} -index 1' command is executed.
14:32:35 INFO  : FPGA configured successfully with bitstream "/home/rupprich/Zynq/indoor-loc/indoor-loc.sdk/design_1_wrapper_hw_platform_0/design_1_wrapper.bit"
14:32:51 INFO  : 'targets -set -filter {jtag_cable_name =~ "Digilent Zed 210248492852" && level==0} -index 1' command is executed.
14:32:51 INFO  : 'fpga -state' command is executed.
14:32:51 INFO  : Connected to target on host '127.0.0.1' and port '3121'.
14:32:51 INFO  : Sourcing of '/home/rupprich/Zynq/indoor-loc/indoor-loc.sdk/design_1_wrapper_hw_platform_0/ps7_init.tcl' is done.
14:32:52 INFO  : 'targets -set -filter {name =~"APU" && jtag_cable_name =~ "Digilent Zed 210248492852"} -index 0' command is executed.
14:32:52 INFO  : Hardware design information is loaded from '/home/rupprich/Zynq/indoor-loc/indoor-loc.sdk/design_1_wrapper_hw_platform_0/system.hdf'.
14:32:52 INFO  : 'targets -set -filter {name =~"APU" && jtag_cable_name =~ "Digilent Zed 210248492852"} -index 0' command is executed.
14:32:53 ERROR : Cannot halt processor core, timeout
14:32:53 INFO  : ----------------XSDB Script----------------
connect -url tcp:127.0.0.1:3121
source /home/rupprich/Zynq/indoor-loc/indoor-loc.sdk/design_1_wrapper_hw_platform_0/ps7_init.tcl
targets -set -filter {name =~"APU" && jtag_cable_name =~ "Digilent Zed 210248492852"} -index 0
loadhw /home/rupprich/Zynq/indoor-loc/indoor-loc.sdk/design_1_wrapper_hw_platform_0/system.hdf
targets -set -filter {name =~"APU" && jtag_cable_name =~ "Digilent Zed 210248492852"} -index 0
ps7_init
----------------End of Script----------------

14:33:05 INFO  : Connected to target on host '127.0.0.1' and port '3121'.
14:33:06 INFO  : 'targets -set -filter {jtag_cable_name =~ "Digilent Zed 210248492852" && level==0} -index 1' command is executed.
14:33:08 INFO  : FPGA configured successfully with bitstream "/home/rupprich/Zynq/indoor-loc/indoor-loc.sdk/design_1_wrapper_hw_platform_0/design_1_wrapper.bit"
14:33:12 INFO  : 'targets -set -filter {jtag_cable_name =~ "Digilent Zed 210248492852" && level==0} -index 1' command is executed.
14:33:12 INFO  : 'fpga -state' command is executed.
14:33:12 INFO  : Connected to target on host '127.0.0.1' and port '3121'.
14:33:12 INFO  : Sourcing of '/home/rupprich/Zynq/indoor-loc/indoor-loc.sdk/design_1_wrapper_hw_platform_0/ps7_init.tcl' is done.
14:33:12 INFO  : 'targets -set -filter {name =~"APU" && jtag_cable_name =~ "Digilent Zed 210248492852"} -index 0' command is executed.
14:33:12 INFO  : Hardware design information is loaded from '/home/rupprich/Zynq/indoor-loc/indoor-loc.sdk/design_1_wrapper_hw_platform_0/system.hdf'.
14:33:13 INFO  : 'targets -set -filter {name =~"APU" && jtag_cable_name =~ "Digilent Zed 210248492852"} -index 0' command is executed.
14:33:14 INFO  : 'ps7_init' command is executed.
14:33:14 INFO  : 'ps7_post_config' command is executed.
14:33:15 INFO  : Context for processor 'ps7_cortexa9_0' is selected.
14:33:15 INFO  : Processor reset is completed for 'ps7_cortexa9_0'.
14:33:15 INFO  : Context for processor 'ps7_cortexa9_0' is selected.
14:33:15 INFO  : The application '/home/rupprich/Zynq/indoor-loc/indoor-loc.sdk/IndoorLoc/Debug/IndoorLoc.elf' is downloaded to processor 'ps7_cortexa9_0'.
14:33:15 INFO  : ----------------XSDB Script----------------
connect -url tcp:127.0.0.1:3121
source /home/rupprich/Zynq/indoor-loc/indoor-loc.sdk/design_1_wrapper_hw_platform_0/ps7_init.tcl
targets -set -filter {name =~"APU" && jtag_cable_name =~ "Digilent Zed 210248492852"} -index 0
loadhw /home/rupprich/Zynq/indoor-loc/indoor-loc.sdk/design_1_wrapper_hw_platform_0/system.hdf
targets -set -filter {name =~"APU" && jtag_cable_name =~ "Digilent Zed 210248492852"} -index 0
ps7_init
ps7_post_config
targets -set -nocase -filter {name =~ "ARM*#0" && jtag_cable_name =~ "Digilent Zed 210248492852"} -index 0
rst -processor
targets -set -nocase -filter {name =~ "ARM*#0" && jtag_cable_name =~ "Digilent Zed 210248492852"} -index 0
dow /home/rupprich/Zynq/indoor-loc/indoor-loc.sdk/IndoorLoc/Debug/IndoorLoc.elf
----------------End of Script----------------

14:33:15 INFO  : Memory regions updated for context APU
14:33:16 INFO  : Context for processor 'ps7_cortexa9_0' is selected.
14:33:16 INFO  : 'con' command is executed.
14:33:16 INFO  : ----------------XSDB Script (After Launch)----------------
targets -set -nocase -filter {name =~ "ARM*#0" && jtag_cable_name =~ "Digilent Zed 210248492852"} -index 0
con
----------------End of Script----------------

14:33:24 INFO  : Disconnected from the channel tcfchan#1.
14:33:24 INFO  : 'targets -set -filter {jtag_cable_name =~ "Digilent Zed 210248492852" && level==0} -index 1' command is executed.
14:33:25 INFO  : 'fpga -state' command is executed.
14:33:25 INFO  : Connected to target on host '127.0.0.1' and port '3121'.
14:33:25 INFO  : Sourcing of '/home/rupprich/Zynq/indoor-loc/indoor-loc.sdk/design_1_wrapper_hw_platform_0/ps7_init.tcl' is done.
14:33:25 INFO  : 'targets -set -filter {name =~"APU" && jtag_cable_name =~ "Digilent Zed 210248492852"} -index 0' command is executed.
14:33:25 INFO  : Hardware design information is loaded from '/home/rupprich/Zynq/indoor-loc/indoor-loc.sdk/design_1_wrapper_hw_platform_0/system.hdf'.
14:33:25 INFO  : 'targets -set -filter {name =~"APU" && jtag_cable_name =~ "Digilent Zed 210248492852"} -index 0' command is executed.
14:33:27 INFO  : 'ps7_init' command is executed.
14:33:27 INFO  : 'ps7_post_config' command is executed.
14:33:28 INFO  : Context for processor 'ps7_cortexa9_0' is selected.
14:33:28 INFO  : Processor reset is completed for 'ps7_cortexa9_0'.
14:33:28 INFO  : Context for processor 'ps7_cortexa9_0' is selected.
14:33:28 INFO  : The application '/home/rupprich/Zynq/indoor-loc/indoor-loc.sdk/IndoorLoc/Debug/IndoorLoc.elf' is downloaded to processor 'ps7_cortexa9_0'.
14:33:28 INFO  : ----------------XSDB Script----------------
connect -url tcp:127.0.0.1:3121
source /home/rupprich/Zynq/indoor-loc/indoor-loc.sdk/design_1_wrapper_hw_platform_0/ps7_init.tcl
targets -set -filter {name =~"APU" && jtag_cable_name =~ "Digilent Zed 210248492852"} -index 0
loadhw /home/rupprich/Zynq/indoor-loc/indoor-loc.sdk/design_1_wrapper_hw_platform_0/system.hdf
targets -set -filter {name =~"APU" && jtag_cable_name =~ "Digilent Zed 210248492852"} -index 0
ps7_init
ps7_post_config
targets -set -nocase -filter {name =~ "ARM*#0" && jtag_cable_name =~ "Digilent Zed 210248492852"} -index 0
rst -processor
targets -set -nocase -filter {name =~ "ARM*#0" && jtag_cable_name =~ "Digilent Zed 210248492852"} -index 0
dow /home/rupprich/Zynq/indoor-loc/indoor-loc.sdk/IndoorLoc/Debug/IndoorLoc.elf
----------------End of Script----------------

14:33:28 INFO  : Memory regions updated for context APU
14:33:28 INFO  : Context for processor 'ps7_cortexa9_0' is selected.
14:33:28 INFO  : 'con' command is executed.
14:33:28 INFO  : ----------------XSDB Script (After Launch)----------------
targets -set -nocase -filter {name =~ "ARM*#0" && jtag_cable_name =~ "Digilent Zed 210248492852"} -index 0
con
----------------End of Script----------------

14:33:55 INFO  : Disconnected from the channel tcfchan#2.
14:33:56 INFO  : 'targets -set -filter {jtag_cable_name =~ "Digilent Zed 210248492852" && level==0} -index 1' command is executed.
14:33:56 INFO  : 'fpga -state' command is executed.
14:33:56 INFO  : Connected to target on host '127.0.0.1' and port '3121'.
14:33:56 INFO  : Sourcing of '/home/rupprich/Zynq/indoor-loc/indoor-loc.sdk/design_1_wrapper_hw_platform_0/ps7_init.tcl' is done.
14:33:56 INFO  : 'targets -set -filter {name =~"APU" && jtag_cable_name =~ "Digilent Zed 210248492852"} -index 0' command is executed.
14:33:57 INFO  : Hardware design information is loaded from '/home/rupprich/Zynq/indoor-loc/indoor-loc.sdk/design_1_wrapper_hw_platform_0/system.hdf'.
14:33:57 INFO  : 'targets -set -filter {name =~"APU" && jtag_cable_name =~ "Digilent Zed 210248492852"} -index 0' command is executed.
14:33:59 INFO  : 'ps7_init' command is executed.
14:33:59 INFO  : 'ps7_post_config' command is executed.
14:33:59 INFO  : Context for processor 'ps7_cortexa9_0' is selected.
14:33:59 INFO  : Processor reset is completed for 'ps7_cortexa9_0'.
14:33:59 INFO  : Context for processor 'ps7_cortexa9_0' is selected.
14:34:00 INFO  : The application '/home/rupprich/Zynq/indoor-loc/indoor-loc.sdk/IndoorLoc/Debug/IndoorLoc.elf' is downloaded to processor 'ps7_cortexa9_0'.
14:34:00 INFO  : ----------------XSDB Script----------------
connect -url tcp:127.0.0.1:3121
source /home/rupprich/Zynq/indoor-loc/indoor-loc.sdk/design_1_wrapper_hw_platform_0/ps7_init.tcl
targets -set -filter {name =~"APU" && jtag_cable_name =~ "Digilent Zed 210248492852"} -index 0
loadhw /home/rupprich/Zynq/indoor-loc/indoor-loc.sdk/design_1_wrapper_hw_platform_0/system.hdf
targets -set -filter {name =~"APU" && jtag_cable_name =~ "Digilent Zed 210248492852"} -index 0
ps7_init
ps7_post_config
targets -set -nocase -filter {name =~ "ARM*#0" && jtag_cable_name =~ "Digilent Zed 210248492852"} -index 0
rst -processor
targets -set -nocase -filter {name =~ "ARM*#0" && jtag_cable_name =~ "Digilent Zed 210248492852"} -index 0
dow /home/rupprich/Zynq/indoor-loc/indoor-loc.sdk/IndoorLoc/Debug/IndoorLoc.elf
----------------End of Script----------------

14:34:00 INFO  : Memory regions updated for context APU
14:34:00 INFO  : Context for processor 'ps7_cortexa9_0' is selected.
14:34:00 INFO  : 'con' command is executed.
14:34:00 INFO  : ----------------XSDB Script (After Launch)----------------
targets -set -nocase -filter {name =~ "ARM*#0" && jtag_cable_name =~ "Digilent Zed 210248492852"} -index 0
con
----------------End of Script----------------

14:34:25 INFO  : Disconnected from the channel tcfchan#3.
14:34:25 INFO  : 'targets -set -filter {jtag_cable_name =~ "Digilent Zed 210248492852" && level==0} -index 1' command is executed.
14:34:25 INFO  : 'fpga -state' command is executed.
14:34:32 INFO  : Connected to target on host '127.0.0.1' and port '3121'.
14:34:32 INFO  : 'targets -set -filter {jtag_cable_name =~ "Digilent Zed 210248492852" && level==0} -index 1' command is executed.
14:34:38 INFO  : FPGA configured successfully with bitstream "/home/rupprich/Zynq/indoor-loc/indoor-loc.sdk/design_1_wrapper_hw_platform_0/design_1_wrapper.bit"
14:34:41 INFO  : 'targets -set -filter {jtag_cable_name =~ "Digilent Zed 210248492852" && level==0} -index 1' command is executed.
14:34:41 INFO  : 'fpga -state' command is executed.
14:34:41 INFO  : Connected to target on host '127.0.0.1' and port '3121'.
14:34:41 INFO  : Sourcing of '/home/rupprich/Zynq/indoor-loc/indoor-loc.sdk/design_1_wrapper_hw_platform_0/ps7_init.tcl' is done.
14:34:42 INFO  : 'targets -set -filter {name =~"APU" && jtag_cable_name =~ "Digilent Zed 210248492852"} -index 0' command is executed.
14:34:42 INFO  : Hardware design information is loaded from '/home/rupprich/Zynq/indoor-loc/indoor-loc.sdk/design_1_wrapper_hw_platform_0/system.hdf'.
14:34:42 INFO  : 'targets -set -filter {name =~"APU" && jtag_cable_name =~ "Digilent Zed 210248492852"} -index 0' command is executed.
14:34:44 INFO  : 'ps7_init' command is executed.
14:34:44 INFO  : 'ps7_post_config' command is executed.
14:34:44 INFO  : Context for processor 'ps7_cortexa9_0' is selected.
14:34:44 INFO  : Processor reset is completed for 'ps7_cortexa9_0'.
14:34:45 INFO  : Context for processor 'ps7_cortexa9_0' is selected.
14:34:45 INFO  : The application '/home/rupprich/Zynq/indoor-loc/indoor-loc.sdk/IndoorLoc/Debug/IndoorLoc.elf' is downloaded to processor 'ps7_cortexa9_0'.
14:34:45 INFO  : ----------------XSDB Script----------------
connect -url tcp:127.0.0.1:3121
source /home/rupprich/Zynq/indoor-loc/indoor-loc.sdk/design_1_wrapper_hw_platform_0/ps7_init.tcl
targets -set -filter {name =~"APU" && jtag_cable_name =~ "Digilent Zed 210248492852"} -index 0
loadhw /home/rupprich/Zynq/indoor-loc/indoor-loc.sdk/design_1_wrapper_hw_platform_0/system.hdf
targets -set -filter {name =~"APU" && jtag_cable_name =~ "Digilent Zed 210248492852"} -index 0
ps7_init
ps7_post_config
targets -set -nocase -filter {name =~ "ARM*#0" && jtag_cable_name =~ "Digilent Zed 210248492852"} -index 0
rst -processor
targets -set -nocase -filter {name =~ "ARM*#0" && jtag_cable_name =~ "Digilent Zed 210248492852"} -index 0
dow /home/rupprich/Zynq/indoor-loc/indoor-loc.sdk/IndoorLoc/Debug/IndoorLoc.elf
----------------End of Script----------------

14:34:45 INFO  : Memory regions updated for context APU
14:34:45 INFO  : Context for processor 'ps7_cortexa9_0' is selected.
14:34:45 INFO  : 'con' command is executed.
14:34:45 INFO  : ----------------XSDB Script (After Launch)----------------
targets -set -nocase -filter {name =~ "ARM*#0" && jtag_cable_name =~ "Digilent Zed 210248492852"} -index 0
con
----------------End of Script----------------

14:40:59 INFO  : Disconnected from the channel tcfchan#4.
14:41:00 INFO  : 'targets -set -filter {jtag_cable_name =~ "Digilent Zed 210248492852" && level==0} -index 1' command is executed.
14:41:00 INFO  : 'fpga -state' command is executed.
14:41:00 INFO  : Connected to target on host '127.0.0.1' and port '3121'.
14:41:00 INFO  : Sourcing of '/home/rupprich/Zynq/indoor-loc/indoor-loc.sdk/design_1_wrapper_hw_platform_0/ps7_init.tcl' is done.
14:41:00 INFO  : 'targets -set -filter {name =~"APU" && jtag_cable_name =~ "Digilent Zed 210248492852"} -index 0' command is executed.
14:41:00 INFO  : Hardware design information is loaded from '/home/rupprich/Zynq/indoor-loc/indoor-loc.sdk/design_1_wrapper_hw_platform_0/system.hdf'.
14:41:01 INFO  : 'targets -set -filter {name =~"APU" && jtag_cable_name =~ "Digilent Zed 210248492852"} -index 0' command is executed.
14:41:02 INFO  : 'ps7_init' command is executed.
14:41:03 INFO  : 'ps7_post_config' command is executed.
14:41:03 INFO  : Context for processor 'ps7_cortexa9_0' is selected.
14:41:03 INFO  : Processor reset is completed for 'ps7_cortexa9_0'.
14:41:03 INFO  : Context for processor 'ps7_cortexa9_0' is selected.
14:41:04 INFO  : The application '/home/rupprich/Zynq/indoor-loc/indoor-loc.sdk/IndoorLoc/Debug/IndoorLoc.elf' is downloaded to processor 'ps7_cortexa9_0'.
14:41:04 INFO  : ----------------XSDB Script----------------
connect -url tcp:127.0.0.1:3121
source /home/rupprich/Zynq/indoor-loc/indoor-loc.sdk/design_1_wrapper_hw_platform_0/ps7_init.tcl
targets -set -filter {name =~"APU" && jtag_cable_name =~ "Digilent Zed 210248492852"} -index 0
loadhw /home/rupprich/Zynq/indoor-loc/indoor-loc.sdk/design_1_wrapper_hw_platform_0/system.hdf
targets -set -filter {name =~"APU" && jtag_cable_name =~ "Digilent Zed 210248492852"} -index 0
ps7_init
ps7_post_config
targets -set -nocase -filter {name =~ "ARM*#0" && jtag_cable_name =~ "Digilent Zed 210248492852"} -index 0
rst -processor
targets -set -nocase -filter {name =~ "ARM*#0" && jtag_cable_name =~ "Digilent Zed 210248492852"} -index 0
dow /home/rupprich/Zynq/indoor-loc/indoor-loc.sdk/IndoorLoc/Debug/IndoorLoc.elf
----------------End of Script----------------

14:41:04 INFO  : Memory regions updated for context APU
14:41:04 INFO  : Context for processor 'ps7_cortexa9_0' is selected.
14:41:04 INFO  : 'con' command is executed.
14:41:04 INFO  : ----------------XSDB Script (After Launch)----------------
targets -set -nocase -filter {name =~ "ARM*#0" && jtag_cable_name =~ "Digilent Zed 210248492852"} -index 0
con
----------------End of Script----------------

14:41:22 INFO  : Launching XSDB server: xsdb -n /opt/Xilinx/SDK/2015.3/scripts/xsdb/xsdb/xsdb-server.tcl
14:41:40 INFO  : Launching XSDB server: xsdb -n /opt/Xilinx/SDK/2015.3/scripts/xsdb/xsdb/xsdb-server.tcl
14:41:42 INFO  : XSDB server has started successfully.
14:41:42 INFO  : Processing command line option -hwspec /home/rupprich/Zynq/indoor-loc/indoor-loc.sdk/design_1_wrapper.hdf.
14:41:42 INFO  : Checking for hwspec changes in the project design_1_wrapper_hw_platform_0.
14:41:57 INFO  : Connected to target on host '127.0.0.1' and port '3121'.
14:41:57 INFO  : 'targets -set -filter {jtag_cable_name =~ "Digilent Zed 210248492852" && level==0} -index 1' command is executed.
14:42:00 INFO  : FPGA configured successfully with bitstream "/home/rupprich/Zynq/indoor-loc/indoor-loc.sdk/design_1_wrapper_hw_platform_0/design_1_wrapper.bit"
14:42:10 INFO  : 'targets -set -filter {jtag_cable_name =~ "Digilent Zed 210248492852" && level==0} -index 1' command is executed.
14:42:10 INFO  : 'fpga -state' command is executed.
14:42:10 INFO  : Connected to target on host '127.0.0.1' and port '3121'.
14:42:10 INFO  : Sourcing of '/home/rupprich/Zynq/indoor-loc/indoor-loc.sdk/design_1_wrapper_hw_platform_0/ps7_init.tcl' is done.
14:42:10 INFO  : 'targets -set -filter {name =~"APU" && jtag_cable_name =~ "Digilent Zed 210248492852"} -index 0' command is executed.
14:42:10 INFO  : Hardware design information is loaded from '/home/rupprich/Zynq/indoor-loc/indoor-loc.sdk/design_1_wrapper_hw_platform_0/system.hdf'.
14:42:11 INFO  : 'targets -set -filter {name =~"APU" && jtag_cable_name =~ "Digilent Zed 210248492852"} -index 0' command is executed.
14:42:12 ERROR : Cannot halt processor core, timeout
14:42:12 INFO  : ----------------XSDB Script----------------
connect -url tcp:127.0.0.1:3121
source /home/rupprich/Zynq/indoor-loc/indoor-loc.sdk/design_1_wrapper_hw_platform_0/ps7_init.tcl
targets -set -filter {name =~"APU" && jtag_cable_name =~ "Digilent Zed 210248492852"} -index 0
loadhw /home/rupprich/Zynq/indoor-loc/indoor-loc.sdk/design_1_wrapper_hw_platform_0/system.hdf
targets -set -filter {name =~"APU" && jtag_cable_name =~ "Digilent Zed 210248492852"} -index 0
ps7_init
----------------End of Script----------------

14:44:22 ERROR : Timed out. 180 seconds have elapsed while waiting for XSDB server to launch.
14:44:22 WARN  : Unexpected exception occurred.
java.lang.Exception: java.lang.Error: Channel is waiting for Hello message
	at org.eclipse.tcf.core.Command.<init>(Command.java:83)
	at com.xilinx.sdk.xsdb.XSDBCommandManager$8.<init>(XSDBCommandManager.java:384)
	at com.xilinx.sdk.xsdb.XSDBCommandManager.issueTcfCmd(XSDBCommandManager.java:384)
	at com.xilinx.sdk.xsdb.XSDBCommandManager.access$4(XSDBCommandManager.java:381)
	at com.xilinx.sdk.xsdb.XSDBCommandManager$7.run(XSDBCommandManager.java:376)
	at org.eclipse.tcf.EventQueue.run(EventQueue.java:95)
	at java.lang.Thread.run(Thread.java:745)
Caused by: java.lang.Error: Channel is waiting for Hello message
	at org.eclipse.tcf.core.AbstractChannel.sendCommand(AbstractChannel.java:874)
	at org.eclipse.tcf.core.Command.<init>(Command.java:79)
	... 6 more
14:45:57 INFO  : Launching XSDB server: xsdb -n /opt/Xilinx/SDK/2015.3/scripts/xsdb/xsdb/xsdb-server.tcl
14:45:58 INFO  : XSDB server has started successfully.
14:45:58 INFO  : Processing command line option -hwspec /home/rupprich/Zynq/indoor-loc/indoor-loc.sdk/design_1_wrapper.hdf.
14:45:59 INFO  : Checking for hwspec changes in the project design_1_wrapper_hw_platform_0.
14:46:13 INFO  : Connected to target on host '127.0.0.1' and port '3121'.
14:46:13 INFO  : 'targets -set -filter {jtag_cable_name =~ "Digilent Zed 210248492852" && level==0} -index 1' command is executed.
14:46:16 INFO  : FPGA configured successfully with bitstream "/home/rupprich/Zynq/indoor-loc/indoor-loc.sdk/design_1_wrapper_hw_platform_0/design_1_wrapper.bit"
14:46:27 INFO  : 'targets -set -filter {jtag_cable_name =~ "Digilent Zed 210248492852" && level==0} -index 1' command is executed.
14:46:27 INFO  : 'fpga -state' command is executed.
14:46:27 INFO  : Connected to target on host '127.0.0.1' and port '3121'.
14:46:28 INFO  : Sourcing of '/home/rupprich/Zynq/indoor-loc/indoor-loc.sdk/design_1_wrapper_hw_platform_0/ps7_init.tcl' is done.
14:46:28 INFO  : 'targets -set -filter {name =~"APU" && jtag_cable_name =~ "Digilent Zed 210248492852"} -index 0' command is executed.
14:46:28 INFO  : Hardware design information is loaded from '/home/rupprich/Zynq/indoor-loc/indoor-loc.sdk/design_1_wrapper_hw_platform_0/system.hdf'.
14:46:28 INFO  : 'targets -set -filter {name =~"APU" && jtag_cable_name =~ "Digilent Zed 210248492852"} -index 0' command is executed.
14:46:29 ERROR : Cannot halt processor core, timeout
14:46:29 INFO  : ----------------XSDB Script----------------
connect -url tcp:127.0.0.1:3121
source /home/rupprich/Zynq/indoor-loc/indoor-loc.sdk/design_1_wrapper_hw_platform_0/ps7_init.tcl
targets -set -filter {name =~"APU" && jtag_cable_name =~ "Digilent Zed 210248492852"} -index 0
loadhw /home/rupprich/Zynq/indoor-loc/indoor-loc.sdk/design_1_wrapper_hw_platform_0/system.hdf
targets -set -filter {name =~"APU" && jtag_cable_name =~ "Digilent Zed 210248492852"} -index 0
ps7_init
----------------End of Script----------------

14:46:58 INFO  : Connected to target on host '127.0.0.1' and port '3121'.
14:46:58 INFO  : 'targets -set -filter {jtag_cable_name =~ "Digilent Zed 210248492852" && level==0} -index 1' command is executed.
14:47:00 INFO  : FPGA configured successfully with bitstream "/home/rupprich/Zynq/indoor-loc/indoor-loc.sdk/design_1_wrapper_hw_platform_0/design_1_wrapper.bit"
14:47:57 INFO  : 'targets -set -filter {jtag_cable_name =~ "Digilent Zed 210248492852" && level==0} -index 1' command is executed.
14:47:57 INFO  : 'fpga -state' command is executed.
14:47:57 INFO  : Connected to target on host '127.0.0.1' and port '3121'.
14:47:57 INFO  : Sourcing of '/home/rupprich/Zynq/indoor-loc/indoor-loc.sdk/design_1_wrapper_hw_platform_0/ps7_init.tcl' is done.
14:47:58 INFO  : 'targets -set -filter {name =~"APU" && jtag_cable_name =~ "Digilent Zed 210248492852"} -index 0' command is executed.
14:47:58 INFO  : Hardware design information is loaded from '/home/rupprich/Zynq/indoor-loc/indoor-loc.sdk/design_1_wrapper_hw_platform_0/system.hdf'.
14:47:58 INFO  : 'targets -set -filter {name =~"APU" && jtag_cable_name =~ "Digilent Zed 210248492852"} -index 0' command is executed.
14:48:00 INFO  : 'ps7_init' command is executed.
14:48:00 INFO  : 'ps7_post_config' command is executed.
14:48:00 INFO  : Context for processor 'ps7_cortexa9_0' is selected.
14:48:00 INFO  : Processor reset is completed for 'ps7_cortexa9_0'.
14:48:01 INFO  : Context for processor 'ps7_cortexa9_0' is selected.
14:48:01 INFO  : The application '/home/rupprich/Zynq/indoor-loc/indoor-loc.sdk/IndoorLoc/Debug/IndoorLoc.elf' is downloaded to processor 'ps7_cortexa9_0'.
14:48:01 INFO  : ----------------XSDB Script----------------
connect -url tcp:127.0.0.1:3121
source /home/rupprich/Zynq/indoor-loc/indoor-loc.sdk/design_1_wrapper_hw_platform_0/ps7_init.tcl
targets -set -filter {name =~"APU" && jtag_cable_name =~ "Digilent Zed 210248492852"} -index 0
loadhw /home/rupprich/Zynq/indoor-loc/indoor-loc.sdk/design_1_wrapper_hw_platform_0/system.hdf
targets -set -filter {name =~"APU" && jtag_cable_name =~ "Digilent Zed 210248492852"} -index 0
ps7_init
ps7_post_config
targets -set -nocase -filter {name =~ "ARM*#0" && jtag_cable_name =~ "Digilent Zed 210248492852"} -index 0
rst -processor
targets -set -nocase -filter {name =~ "ARM*#0" && jtag_cable_name =~ "Digilent Zed 210248492852"} -index 0
dow /home/rupprich/Zynq/indoor-loc/indoor-loc.sdk/IndoorLoc/Debug/IndoorLoc.elf
----------------End of Script----------------

14:48:01 INFO  : Memory regions updated for context APU
14:48:01 INFO  : Context for processor 'ps7_cortexa9_0' is selected.
14:48:01 INFO  : 'con' command is executed.
14:48:01 INFO  : ----------------XSDB Script (After Launch)----------------
targets -set -nocase -filter {name =~ "ARM*#0" && jtag_cable_name =~ "Digilent Zed 210248492852"} -index 0
con
----------------End of Script----------------

