
*** Running vivado
    with args -log design_1_wrapper.vdi -applog -m64 -messageDb vivado.pb -mode batch -source design_1_wrapper.tcl -notrace


****** Vivado v2015.3 (64-bit)
  **** SW Build 1368829 on Mon Sep 28 20:06:39 MDT 2015
  **** IP Build 1367837 on Mon Sep 28 08:56:14 MDT 2015
    ** Copyright 1986-2015 Xilinx, Inc. All Rights Reserved.

source design_1_wrapper.tcl -notrace
Command: open_checkpoint /home/rupprich/Zynq/indoor-loc-zybo/indoor-loc-zybo.runs/impl_1/design_1_wrapper.dcp
INFO: [Netlist 29-17] Analyzing 122 Unisim elements for replacement
INFO: [Netlist 29-28] Unisim Transformation completed in 0 CPU seconds
INFO: [Project 1-479] Netlist was created with Vivado 2015.3
INFO: [Device 21-403] Loading part xc7z010clg400-1
INFO: [Project 1-570] Preparing netlist for logic optimization
Parsing XDC File [/home/rupprich/Zynq/indoor-loc-zybo/indoor-loc-zybo.runs/impl_1/.Xil/Vivado-2318-mp-akulapd.ziti.uni-heidelberg.de/dcp/design_1_wrapper_board.xdc]
Finished Parsing XDC File [/home/rupprich/Zynq/indoor-loc-zybo/indoor-loc-zybo.runs/impl_1/.Xil/Vivado-2318-mp-akulapd.ziti.uni-heidelberg.de/dcp/design_1_wrapper_board.xdc]
Parsing XDC File [/home/rupprich/Zynq/indoor-loc-zybo/indoor-loc-zybo.runs/impl_1/.Xil/Vivado-2318-mp-akulapd.ziti.uni-heidelberg.de/dcp/design_1_wrapper_early.xdc]
Finished Parsing XDC File [/home/rupprich/Zynq/indoor-loc-zybo/indoor-loc-zybo.runs/impl_1/.Xil/Vivado-2318-mp-akulapd.ziti.uni-heidelberg.de/dcp/design_1_wrapper_early.xdc]
Parsing XDC File [/home/rupprich/Zynq/indoor-loc-zybo/indoor-loc-zybo.runs/impl_1/.Xil/Vivado-2318-mp-akulapd.ziti.uni-heidelberg.de/dcp/design_1_wrapper.xdc]
Finished Parsing XDC File [/home/rupprich/Zynq/indoor-loc-zybo/indoor-loc-zybo.runs/impl_1/.Xil/Vivado-2318-mp-akulapd.ziti.uni-heidelberg.de/dcp/design_1_wrapper.xdc]
Reading XDEF placement.
Reading placer database...
Reading XDEF routing.
Read XDEF File: Time (s): cpu = 00:00:00.17 ; elapsed = 00:00:00.18 . Memory (MB): peak = 1282.305 ; gain = 1.000 ; free physical = 3007 ; free virtual = 12673
Restored from archive | CPU: 0.170000 secs | Memory: 0.013786 MB |
Finished XDEF File Restore: Time (s): cpu = 00:00:00.17 ; elapsed = 00:00:00.18 . Memory (MB): peak = 1282.305 ; gain = 1.000 ; free physical = 3007 ; free virtual = 12673
INFO: [Project 1-111] Unisim Transformation Summary:
No Unisim elements were transformed.

INFO: [Project 1-604] Checkpoint was created with Vivado v2015.3 (64-bit) build 1368829
open_checkpoint: Time (s): cpu = 00:00:07 ; elapsed = 00:00:08 . Memory (MB): peak = 1282.305 ; gain = 261.934 ; free physical = 3009 ; free virtual = 12672
Command: opt_design
Attempting to get a license for feature 'Implementation' and/or device 'xc7z010'
INFO: [Common 17-349] Got license for feature 'Implementation' and/or device 'xc7z010'
Running DRC as a precondition to command opt_design

Starting DRC Task
INFO: [DRC 23-27] Running DRC with 4 threads
INFO: [Project 1-461] DRC finished with 0 Errors
INFO: [Project 1-462] Please refer to the DRC report (report_drc) for more information.

Time (s): cpu = 00:00:00.15 ; elapsed = 00:00:00.13 . Memory (MB): peak = 1328.324 ; gain = 37.016 ; free physical = 3005 ; free virtual = 12667
INFO: [Timing 38-35] Done setting XDC timing constraints.

Starting Logic Optimization Task

Phase 1 Generate And Synthesize Debug Cores
INFO: [IP_Flow 19-234] Refreshing IP repositories
INFO: [IP_Flow 19-1700] Loaded user IP repository '/home/rupprich/Zynq/indoor-loc-zybo/indoor-loc-zybo.cache/ip'.
INFO: [IP_Flow 19-1700] Loaded user IP repository '/home/rupprich/Zynq/ip_repo/pwm4zybo_1.0'.
INFO: [IP_Flow 19-2313] Loaded Vivado IP repository '/opt/Xilinx/Vivado/2015.3/data/ip'.
INFO: [IP_Flow 19-3806] Processing IP xilinx.com:ip:xsdbm:1.1 for cell dbg_hub_CV.
INFO: [Chipscope 16-220] Re-using generated and synthesized IP, "xilinx.com:ip:xsdbm:1.1", from Vivado IP cache entry "3fffe206342cfe95".
INFO: [IP_Flow 19-3806] Processing IP xilinx.com:ip:ila:6.0 for cell u_ila_0_0_CV.
Netlist sorting complete. Time (s): cpu = 00:00:00.03 ; elapsed = 00:00:00.02 . Memory (MB): peak = 1792.277 ; gain = 0.000 ; free physical = 2618 ; free virtual = 12290
Phase 1 Generate And Synthesize Debug Cores | Checksum: 1091d3417

Time (s): cpu = 00:03:32 ; elapsed = 00:03:37 . Memory (MB): peak = 1792.277 ; gain = 51.461 ; free physical = 2618 ; free virtual = 12290
Implement Debug Cores | Checksum: f52fa565
INFO: [Timing 38-35] Done setting XDC timing constraints.

Phase 2 Retarget
INFO: [Opt 31-138] Pushed 0 inverter(s) to 0 load pin(s).
INFO: [Opt 31-49] Retargeted 0 cell(s).
Phase 2 Retarget | Checksum: 16a24332b

Time (s): cpu = 00:03:34 ; elapsed = 00:03:38 . Memory (MB): peak = 1826.289 ; gain = 85.473 ; free physical = 2615 ; free virtual = 12287

Phase 3 Constant Propagation
INFO: [Opt 31-138] Pushed 0 inverter(s) to 0 load pin(s).
INFO: [Opt 31-10] Eliminated 120 cells.
Phase 3 Constant Propagation | Checksum: 14183df38

Time (s): cpu = 00:03:35 ; elapsed = 00:03:39 . Memory (MB): peak = 1826.289 ; gain = 85.473 ; free physical = 2614 ; free virtual = 12287

Phase 4 Sweep
INFO: [Opt 31-12] Eliminated 530 unconnected nets.
INFO: [Opt 31-11] Eliminated 257 unconnected cells.
Phase 4 Sweep | Checksum: d77e771c

Time (s): cpu = 00:03:36 ; elapsed = 00:03:40 . Memory (MB): peak = 1826.289 ; gain = 85.473 ; free physical = 2614 ; free virtual = 12287

Starting Connectivity Check Task

Time (s): cpu = 00:00:00.01 ; elapsed = 00:00:00.02 . Memory (MB): peak = 1826.289 ; gain = 0.000 ; free physical = 2614 ; free virtual = 12287
Ending Logic Optimization Task | Checksum: d77e771c

Time (s): cpu = 00:03:36 ; elapsed = 00:03:40 . Memory (MB): peak = 1826.289 ; gain = 85.473 ; free physical = 2614 ; free virtual = 12287

Starting Power Optimization Task
INFO: [Pwropt 34-132] Skipping clock gating for clocks with a period < 2.00 ns.
INFO: [Timing 38-35] Done setting XDC timing constraints.
INFO: [Pwropt 34-9] Applying IDT optimizations ...
INFO: [Pwropt 34-10] Applying ODC optimizations ...
Running Vector-less Activity Propagation...

Finished Running Vector-less Activity Propagation


Starting PowerOpt Patch Enables Task
INFO: [Pwropt 34-162] WRITE_MODE attribute of 0 BRAM(s) out of a total of 8 has been updated to save power. Run report_power_opt to get a complete listing of the BRAMs updated.
INFO: [Pwropt 34-201] Structural ODC has moved 0 WE to EN ports
Number of BRAM Ports augmented: 13 newly gated: 0 Total Ports: 16
Number of Flops added for Enable Generation: 2

Ending PowerOpt Patch Enables Task | Checksum: ded1b2fe

Time (s): cpu = 00:00:00.04 ; elapsed = 00:00:00.04 . Memory (MB): peak = 2034.391 ; gain = 0.000 ; free physical = 2519 ; free virtual = 12191
Ending Power Optimization Task | Checksum: ded1b2fe

Time (s): cpu = 00:00:04 ; elapsed = 00:00:02 . Memory (MB): peak = 2034.391 ; gain = 208.102 ; free physical = 2519 ; free virtual = 12191
INFO: [Common 17-83] Releasing license: Implementation
38 Infos, 0 Warnings, 0 Critical Warnings and 0 Errors encountered.
opt_design completed successfully
opt_design: Time (s): cpu = 00:03:50 ; elapsed = 00:03:52 . Memory (MB): peak = 2034.391 ; gain = 752.086 ; free physical = 2519 ; free virtual = 12191
Writing placer database...
Writing XDEF routing.
Writing XDEF routing logical nets.
Writing XDEF routing special nets.
Write XDEF Complete: Time (s): cpu = 00:00:00.25 ; elapsed = 00:00:00.08 . Memory (MB): peak = 2034.391 ; gain = 0.000 ; free physical = 2516 ; free virtual = 12191
INFO: [DRC 23-27] Running DRC with 4 threads
INFO: [Coretcl 2-168] The results of DRC are in file /home/rupprich/Zynq/indoor-loc-zybo/indoor-loc-zybo.runs/impl_1/design_1_wrapper_drc_opted.rpt.
Command: place_design
Attempting to get a license for feature 'Implementation' and/or device 'xc7z010'
INFO: [Common 17-349] Got license for feature 'Implementation' and/or device 'xc7z010'
INFO: [DRC 23-27] Running DRC with 4 threads
INFO: [Vivado_Tcl 4-198] DRC finished with 0 Errors
INFO: [Vivado_Tcl 4-199] Please refer to the DRC report (report_drc) for more information.
Running DRC as a precondition to command place_design
INFO: [DRC 23-27] Running DRC with 4 threads
INFO: [Vivado_Tcl 4-198] DRC finished with 0 Errors
INFO: [Vivado_Tcl 4-199] Please refer to the DRC report (report_drc) for more information.

Starting Placer Task
INFO: [Place 30-611] Multithreading enabled for place_design using a maximum of 4 CPUs

Phase 1 Placer Initialization
Netlist sorting complete. Time (s): cpu = 00:00:00.01 ; elapsed = 00:00:00.01 . Memory (MB): peak = 2034.391 ; gain = 0.000 ; free physical = 2513 ; free virtual = 12188
INFO: [Timing 38-35] Done setting XDC timing constraints.
INFO: [Opt 31-138] Pushed 0 inverter(s) to 0 load pin(s).
Netlist sorting complete. Time (s): cpu = 00:00:00.01 ; elapsed = 00:00:00.01 . Memory (MB): peak = 2034.391 ; gain = 0.000 ; free physical = 2513 ; free virtual = 12187

Phase 1.1 IO Placement/ Clock Placement/ Build Placer Device

Phase 1.1.1 Pre-Place Cells
Phase 1.1.1 Pre-Place Cells | Checksum: 282d876e

Time (s): cpu = 00:00:00.80 ; elapsed = 00:00:00.57 . Memory (MB): peak = 2034.391 ; gain = 0.000 ; free physical = 2513 ; free virtual = 12187
WARNING: [Place 30-12] An IO Bus FIXED_IO_mio with more than one IO standard is found. Components associated with this bus are: 
	FIXED_IO_mio[53] of IOStandard LVCMOS18
	FIXED_IO_mio[52] of IOStandard LVCMOS18
	FIXED_IO_mio[51] of IOStandard LVCMOS18
	FIXED_IO_mio[50] of IOStandard LVCMOS18
	FIXED_IO_mio[49] of IOStandard LVCMOS18
	FIXED_IO_mio[48] of IOStandard LVCMOS18
	FIXED_IO_mio[47] of IOStandard LVCMOS18
	FIXED_IO_mio[46] of IOStandard LVCMOS18
	FIXED_IO_mio[45] of IOStandard LVCMOS18
	FIXED_IO_mio[44] of IOStandard LVCMOS18
	FIXED_IO_mio[43] of IOStandard LVCMOS18
	FIXED_IO_mio[42] of IOStandard LVCMOS18
	FIXED_IO_mio[41] of IOStandard LVCMOS18
	FIXED_IO_mio[40] of IOStandard LVCMOS18
	FIXED_IO_mio[39] of IOStandard LVCMOS18
	FIXED_IO_mio[38] of IOStandard LVCMOS18
	FIXED_IO_mio[37] of IOStandard LVCMOS18
	FIXED_IO_mio[36] of IOStandard LVCMOS18
	FIXED_IO_mio[35] of IOStandard LVCMOS18
	FIXED_IO_mio[34] of IOStandard LVCMOS18
	FIXED_IO_mio[33] of IOStandard LVCMOS18
	FIXED_IO_mio[32] of IOStandard LVCMOS18
	FIXED_IO_mio[31] of IOStandard LVCMOS18
	FIXED_IO_mio[30] of IOStandard LVCMOS18
	FIXED_IO_mio[29] of IOStandard LVCMOS18
	FIXED_IO_mio[28] of IOStandard LVCMOS18
	FIXED_IO_mio[27] of IOStandard HSTL_I_18
	FIXED_IO_mio[26] of IOStandard HSTL_I_18
	FIXED_IO_mio[25] of IOStandard HSTL_I_18
	FIXED_IO_mio[24] of IOStandard HSTL_I_18
	FIXED_IO_mio[23] of IOStandard HSTL_I_18
	FIXED_IO_mio[22] of IOStandard HSTL_I_18
	FIXED_IO_mio[21] of IOStandard HSTL_I_18
	FIXED_IO_mio[20] of IOStandard HSTL_I_18
	FIXED_IO_mio[19] of IOStandard HSTL_I_18
	FIXED_IO_mio[18] of IOStandard HSTL_I_18
	FIXED_IO_mio[17] of IOStandard HSTL_I_18
	FIXED_IO_mio[16] of IOStandard HSTL_I_18
	FIXED_IO_mio[15] of IOStandard LVCMOS33
	FIXED_IO_mio[14] of IOStandard LVCMOS33
	FIXED_IO_mio[13] of IOStandard LVCMOS33
	FIXED_IO_mio[12] of IOStandard LVCMOS33
	FIXED_IO_mio[11] of IOStandard LVCMOS33
	FIXED_IO_mio[10] of IOStandard LVCMOS33
	FIXED_IO_mio[9] of IOStandard LVCMOS33
	FIXED_IO_mio[8] of IOStandard LVCMOS33
	FIXED_IO_mio[7] of IOStandard LVCMOS33
	FIXED_IO_mio[6] of IOStandard LVCMOS33
	FIXED_IO_mio[5] of IOStandard LVCMOS33
	FIXED_IO_mio[4] of IOStandard LVCMOS33
	FIXED_IO_mio[3] of IOStandard LVCMOS33
	FIXED_IO_mio[2] of IOStandard LVCMOS33
	FIXED_IO_mio[1] of IOStandard LVCMOS33
	FIXED_IO_mio[0] of IOStandard LVCMOS33
INFO: [Timing 38-35] Done setting XDC timing constraints.

Phase 1.1.2 IO and Clk Clean Up
Phase 1.1.2 IO and Clk Clean Up | Checksum: 282d876e

Time (s): cpu = 00:00:03 ; elapsed = 00:00:02 . Memory (MB): peak = 2034.391 ; gain = 0.000 ; free physical = 2513 ; free virtual = 12187

Phase 1.1.3 Implementation Feasibility check On IDelay
Phase 1.1.3 Implementation Feasibility check On IDelay | Checksum: 282d876e

Time (s): cpu = 00:00:03 ; elapsed = 00:00:02 . Memory (MB): peak = 2034.391 ; gain = 0.000 ; free physical = 2513 ; free virtual = 12187

Phase 1.1.4 Commit IO Placement
Phase 1.1.4 Commit IO Placement | Checksum: 4834704c

Time (s): cpu = 00:00:03 ; elapsed = 00:00:02 . Memory (MB): peak = 2034.391 ; gain = 0.000 ; free physical = 2513 ; free virtual = 12187
Phase 1.1 IO Placement/ Clock Placement/ Build Placer Device | Checksum: 141c32284

Time (s): cpu = 00:00:03 ; elapsed = 00:00:02 . Memory (MB): peak = 2034.391 ; gain = 0.000 ; free physical = 2513 ; free virtual = 12187

Phase 1.2 Build Placer Netlist Model

Phase 1.2.1 Place Init Design

Phase 1.2.1.1 Init Lut Pin Assignment
Phase 1.2.1.1 Init Lut Pin Assignment | Checksum: e76d137e

Time (s): cpu = 00:00:04 ; elapsed = 00:00:03 . Memory (MB): peak = 2034.391 ; gain = 0.000 ; free physical = 2513 ; free virtual = 12187
Phase 1.2.1 Place Init Design | Checksum: 11052ee02

Time (s): cpu = 00:00:07 ; elapsed = 00:00:04 . Memory (MB): peak = 2034.391 ; gain = 0.000 ; free physical = 2512 ; free virtual = 12187
Phase 1.2 Build Placer Netlist Model | Checksum: 11052ee02

Time (s): cpu = 00:00:07 ; elapsed = 00:00:04 . Memory (MB): peak = 2034.391 ; gain = 0.000 ; free physical = 2512 ; free virtual = 12187

Phase 1.3 Constrain Clocks/Macros

Phase 1.3.1 Constrain Global/Regional Clocks
Phase 1.3.1 Constrain Global/Regional Clocks | Checksum: 11052ee02

Time (s): cpu = 00:00:07 ; elapsed = 00:00:04 . Memory (MB): peak = 2034.391 ; gain = 0.000 ; free physical = 2512 ; free virtual = 12187
Phase 1.3 Constrain Clocks/Macros | Checksum: 11052ee02

Time (s): cpu = 00:00:07 ; elapsed = 00:00:04 . Memory (MB): peak = 2034.391 ; gain = 0.000 ; free physical = 2512 ; free virtual = 12187
Phase 1 Placer Initialization | Checksum: 11052ee02

Time (s): cpu = 00:00:07 ; elapsed = 00:00:04 . Memory (MB): peak = 2034.391 ; gain = 0.000 ; free physical = 2512 ; free virtual = 12187

Phase 2 Global Placement
SimPL: WL = 262922 (69998, 192924)
SimPL: WL = 253412 (62644, 190768)
SimPL: WL = 251452 (60966, 190486)
SimPL: WL = 251703 (60626, 191077)
SimPL: WL = 250718 (60469, 190249)
Phase 2 Global Placement | Checksum: 111ddaf79

Time (s): cpu = 00:00:14 ; elapsed = 00:00:08 . Memory (MB): peak = 2034.391 ; gain = 0.000 ; free physical = 2506 ; free virtual = 12180

Phase 3 Detail Placement

Phase 3.1 Commit Multi Column Macros
Phase 3.1 Commit Multi Column Macros | Checksum: 111ddaf79

Time (s): cpu = 00:00:14 ; elapsed = 00:00:08 . Memory (MB): peak = 2034.391 ; gain = 0.000 ; free physical = 2506 ; free virtual = 12180

Phase 3.2 Commit Most Macros & LUTRAMs
Phase 3.2 Commit Most Macros & LUTRAMs | Checksum: 1211cde88

Time (s): cpu = 00:00:17 ; elapsed = 00:00:09 . Memory (MB): peak = 2034.391 ; gain = 0.000 ; free physical = 2506 ; free virtual = 12180

Phase 3.3 Area Swap Optimization
Phase 3.3 Area Swap Optimization | Checksum: 1914e5eea

Time (s): cpu = 00:00:17 ; elapsed = 00:00:09 . Memory (MB): peak = 2034.391 ; gain = 0.000 ; free physical = 2506 ; free virtual = 12180

Phase 3.4 updateClock Trees: DP
Phase 3.4 updateClock Trees: DP | Checksum: 1914e5eea

Time (s): cpu = 00:00:17 ; elapsed = 00:00:09 . Memory (MB): peak = 2034.391 ; gain = 0.000 ; free physical = 2506 ; free virtual = 12180

Phase 3.5 Timing Path Optimizer
Phase 3.5 Timing Path Optimizer | Checksum: ff6f1ece

Time (s): cpu = 00:00:18 ; elapsed = 00:00:10 . Memory (MB): peak = 2034.391 ; gain = 0.000 ; free physical = 2506 ; free virtual = 12180

Phase 3.6 Fast Optimization
Phase 3.6 Fast Optimization | Checksum: ff6f1ece

Time (s): cpu = 00:00:18 ; elapsed = 00:00:10 . Memory (MB): peak = 2034.391 ; gain = 0.000 ; free physical = 2506 ; free virtual = 12180

Phase 3.7 Small Shape Detail Placement

Phase 3.7.1 Commit Small Macros and Core Logic

Phase 3.7.1.1 Commit Slice Clusters
Phase 3.7.1.1 Commit Slice Clusters | Checksum: 49b84a14

Time (s): cpu = 00:00:19 ; elapsed = 00:00:11 . Memory (MB): peak = 2034.391 ; gain = 0.000 ; free physical = 2505 ; free virtual = 12179
Phase 3.7.1 Commit Small Macros and Core Logic | Checksum: 49b84a14

Time (s): cpu = 00:00:19 ; elapsed = 00:00:11 . Memory (MB): peak = 2034.391 ; gain = 0.000 ; free physical = 2505 ; free virtual = 12179

Phase 3.7.2 Clock Restriction Legalization for Leaf Columns
Phase 3.7.2 Clock Restriction Legalization for Leaf Columns | Checksum: 49b84a14

Time (s): cpu = 00:00:20 ; elapsed = 00:00:11 . Memory (MB): peak = 2034.391 ; gain = 0.000 ; free physical = 2505 ; free virtual = 12179

Phase 3.7.3 Clock Restriction Legalization for Non-Clock Pins
Phase 3.7.3 Clock Restriction Legalization for Non-Clock Pins | Checksum: 49b84a14

Time (s): cpu = 00:00:20 ; elapsed = 00:00:11 . Memory (MB): peak = 2034.391 ; gain = 0.000 ; free physical = 2505 ; free virtual = 12179
Phase 3.7 Small Shape Detail Placement | Checksum: 49b84a14

Time (s): cpu = 00:00:20 ; elapsed = 00:00:11 . Memory (MB): peak = 2034.391 ; gain = 0.000 ; free physical = 2505 ; free virtual = 12179

Phase 3.8 Re-assign LUT pins
Phase 3.8 Re-assign LUT pins | Checksum: 52366b0c

Time (s): cpu = 00:00:20 ; elapsed = 00:00:12 . Memory (MB): peak = 2034.391 ; gain = 0.000 ; free physical = 2505 ; free virtual = 12179
Phase 3 Detail Placement | Checksum: 52366b0c

Time (s): cpu = 00:00:20 ; elapsed = 00:00:12 . Memory (MB): peak = 2034.391 ; gain = 0.000 ; free physical = 2505 ; free virtual = 12179

Phase 4 Post Placement Optimization and Clean-Up

Phase 4.1 Post Commit Optimization

Phase 4.1.1 callUpdateTimingBeforePCO
Phase 4.1.1 callUpdateTimingBeforePCO | Checksum: 3f552602

Time (s): cpu = 00:00:22 ; elapsed = 00:00:13 . Memory (MB): peak = 2034.391 ; gain = 0.000 ; free physical = 2505 ; free virtual = 12179

Phase 4.1.2 updateClock Trees: PCOPT
Phase 4.1.2 updateClock Trees: PCOPT | Checksum: 3f552602

Time (s): cpu = 00:00:22 ; elapsed = 00:00:13 . Memory (MB): peak = 2034.391 ; gain = 0.000 ; free physical = 2505 ; free virtual = 12179

Phase 4.1.3 Post Placement Optimization

Phase 4.1.3.1 PCOPT Shape updates

Phase 4.1.3.1.1 removeOptionalFFsFromShapes
Phase 4.1.3.1.1 removeOptionalFFsFromShapes | Checksum: 3f552602

Time (s): cpu = 00:00:23 ; elapsed = 00:00:13 . Memory (MB): peak = 2034.391 ; gain = 0.000 ; free physical = 2505 ; free virtual = 12179

Phase 4.1.3.1.2 deleteLutnmShapes

Phase 4.1.3.1.2.1 deleteShapes
Phase 4.1.3.1.2.1 deleteShapes | Checksum: 12878a3c1

Time (s): cpu = 00:00:23 ; elapsed = 00:00:13 . Memory (MB): peak = 2034.391 ; gain = 0.000 ; free physical = 2505 ; free virtual = 12179
Phase 4.1.3.1.2 deleteLutnmShapes | Checksum: 12878a3c1

Time (s): cpu = 00:00:23 ; elapsed = 00:00:13 . Memory (MB): peak = 2034.391 ; gain = 0.000 ; free physical = 2505 ; free virtual = 12179
Phase 4.1.3.1 PCOPT Shape updates | Checksum: 12878a3c1

Time (s): cpu = 00:00:23 ; elapsed = 00:00:13 . Memory (MB): peak = 2034.391 ; gain = 0.000 ; free physical = 2505 ; free virtual = 12179

Phase 4.1.3.2 Post Placement Timing Optimization
INFO: [Place 30-746] Post Placement Timing Summary WNS=3.512. For the most accurate timing information please run report_timing.
Phase 4.1.3.2 Post Placement Timing Optimization | Checksum: 167112c05

Time (s): cpu = 00:00:23 ; elapsed = 00:00:13 . Memory (MB): peak = 2034.391 ; gain = 0.000 ; free physical = 2505 ; free virtual = 12179
Phase 4.1.3 Post Placement Optimization | Checksum: 167112c05

Time (s): cpu = 00:00:23 ; elapsed = 00:00:13 . Memory (MB): peak = 2034.391 ; gain = 0.000 ; free physical = 2505 ; free virtual = 12179
Phase 4.1 Post Commit Optimization | Checksum: 167112c05

Time (s): cpu = 00:00:23 ; elapsed = 00:00:13 . Memory (MB): peak = 2034.391 ; gain = 0.000 ; free physical = 2505 ; free virtual = 12179

Phase 4.2 Sweep Clock Roots: Post-Placement
Phase 4.2 Sweep Clock Roots: Post-Placement | Checksum: 167112c05

Time (s): cpu = 00:00:23 ; elapsed = 00:00:13 . Memory (MB): peak = 2034.391 ; gain = 0.000 ; free physical = 2505 ; free virtual = 12179

Phase 4.3 Post Placement Cleanup
Phase 4.3 Post Placement Cleanup | Checksum: 167112c05

Time (s): cpu = 00:00:23 ; elapsed = 00:00:13 . Memory (MB): peak = 2034.391 ; gain = 0.000 ; free physical = 2505 ; free virtual = 12179

Phase 4.4 Placer Reporting

Phase 4.4.1 Restore STA
Phase 4.4.1 Restore STA | Checksum: 167112c05

Time (s): cpu = 00:00:23 ; elapsed = 00:00:13 . Memory (MB): peak = 2034.391 ; gain = 0.000 ; free physical = 2505 ; free virtual = 12179
Phase 4.4 Placer Reporting | Checksum: 167112c05

Time (s): cpu = 00:00:23 ; elapsed = 00:00:13 . Memory (MB): peak = 2034.391 ; gain = 0.000 ; free physical = 2505 ; free virtual = 12179

Phase 4.5 Final Placement Cleanup
Phase 4.5 Final Placement Cleanup | Checksum: 17d173725

Time (s): cpu = 00:00:23 ; elapsed = 00:00:13 . Memory (MB): peak = 2034.391 ; gain = 0.000 ; free physical = 2505 ; free virtual = 12179
Phase 4 Post Placement Optimization and Clean-Up | Checksum: 17d173725

Time (s): cpu = 00:00:23 ; elapsed = 00:00:13 . Memory (MB): peak = 2034.391 ; gain = 0.000 ; free physical = 2505 ; free virtual = 12179
Ending Placer Task | Checksum: e2b62b16

Time (s): cpu = 00:00:23 ; elapsed = 00:00:13 . Memory (MB): peak = 2034.391 ; gain = 0.000 ; free physical = 2505 ; free virtual = 12179
INFO: [Common 17-83] Releasing license: Implementation
53 Infos, 1 Warnings, 0 Critical Warnings and 0 Errors encountered.
place_design completed successfully
place_design: Time (s): cpu = 00:00:25 ; elapsed = 00:00:14 . Memory (MB): peak = 2034.391 ; gain = 0.000 ; free physical = 2505 ; free virtual = 12179
Writing placer database...
Writing XDEF routing.
Writing XDEF routing logical nets.
Writing XDEF routing special nets.
Write XDEF Complete: Time (s): cpu = 00:00:01 ; elapsed = 00:00:00.47 . Memory (MB): peak = 2034.391 ; gain = 0.000 ; free physical = 2497 ; free virtual = 12179
report_io: Time (s): cpu = 00:00:00.11 ; elapsed = 00:00:00.11 . Memory (MB): peak = 2034.391 ; gain = 0.000 ; free physical = 2501 ; free virtual = 12178
report_utilization: Time (s): cpu = 00:00:00.06 ; elapsed = 00:00:00.06 . Memory (MB): peak = 2034.391 ; gain = 0.000 ; free physical = 2501 ; free virtual = 12178
report_control_sets: Time (s): cpu = 00:00:00.03 ; elapsed = 00:00:00.03 . Memory (MB): peak = 2034.391 ; gain = 0.000 ; free physical = 2501 ; free virtual = 12178
Command: route_design
Attempting to get a license for feature 'Implementation' and/or device 'xc7z010'
INFO: [Common 17-349] Got license for feature 'Implementation' and/or device 'xc7z010'
Running DRC as a precondition to command route_design
INFO: [DRC 23-27] Running DRC with 4 threads
WARNING: [DRC 23-20] Rule violation (PLIO-7) Placement Constraints Check for IO constraints - An IO Bus FIXED_IO_mio[53:0] with more than one IO standard is found. Components associated with this bus are: HSTL_I_18 (FIXED_IO_mio[27], FIXED_IO_mio[26], FIXED_IO_mio[25], FIXED_IO_mio[24], FIXED_IO_mio[23], FIXED_IO_mio[22], FIXED_IO_mio[21], FIXED_IO_mio[20], FIXED_IO_mio[19], FIXED_IO_mio[18], FIXED_IO_mio[17], FIXED_IO_mio[16]); LVCMOS18 (FIXED_IO_mio[53], FIXED_IO_mio[52], FIXED_IO_mio[51], FIXED_IO_mio[50], FIXED_IO_mio[49], FIXED_IO_mio[48], FIXED_IO_mio[47], FIXED_IO_mio[46], FIXED_IO_mio[45], FIXED_IO_mio[44], FIXED_IO_mio[43], FIXED_IO_mio[42], FIXED_IO_mio[41], FIXED_IO_mio[40], FIXED_IO_mio[39] (the first 15 of 26 listed)); LVCMOS33 (FIXED_IO_mio[15], FIXED_IO_mio[14], FIXED_IO_mio[13], FIXED_IO_mio[12], FIXED_IO_mio[11], FIXED_IO_mio[10], FIXED_IO_mio[9], FIXED_IO_mio[8], FIXED_IO_mio[7], FIXED_IO_mio[6], FIXED_IO_mio[5], FIXED_IO_mio[4], FIXED_IO_mio[3], FIXED_IO_mio[2], FIXED_IO_mio[1] (the first 15 of 16 listed)); 
INFO: [Vivado_Tcl 4-198] DRC finished with 0 Errors, 1 Warnings
INFO: [Vivado_Tcl 4-199] Please refer to the DRC report (report_drc) for more information.


Starting Routing Task
INFO: [Route 35-254] Multithreading enabled for route_design using a maximum of 4 CPUs
Checksum: PlaceDB: 3e8d5482 ConstDB: 0 ShapeSum: a428d694 RouteDB: 0

Phase 1 Build RT Design
Phase 1 Build RT Design | Checksum: 12e24da4a

Time (s): cpu = 00:00:14 ; elapsed = 00:00:11 . Memory (MB): peak = 2034.391 ; gain = 0.000 ; free physical = 2470 ; free virtual = 12147

Phase 2 Router Initialization

Phase 2.1 Create Timer
Phase 2.1 Create Timer | Checksum: 12e24da4a

Time (s): cpu = 00:00:14 ; elapsed = 00:00:11 . Memory (MB): peak = 2034.391 ; gain = 0.000 ; free physical = 2468 ; free virtual = 12146

Phase 2.2 Pre Route Cleanup
Phase 2.2 Pre Route Cleanup | Checksum: 12e24da4a

Time (s): cpu = 00:00:14 ; elapsed = 00:00:11 . Memory (MB): peak = 2034.391 ; gain = 0.000 ; free physical = 2456 ; free virtual = 12133
 Number of Nodes with overlaps = 0

Phase 2.3 Update Timing
Phase 2.3 Update Timing | Checksum: 1036569ff

Time (s): cpu = 00:00:18 ; elapsed = 00:00:13 . Memory (MB): peak = 2034.391 ; gain = 0.000 ; free physical = 2443 ; free virtual = 12120
INFO: [Route 35-416] Intermediate Timing Summary | WNS=3.644  | TNS=0.000  | WHS=-0.202 | THS=-71.895|

Phase 2 Router Initialization | Checksum: f24741b0

Time (s): cpu = 00:00:20 ; elapsed = 00:00:14 . Memory (MB): peak = 2034.391 ; gain = 0.000 ; free physical = 2443 ; free virtual = 12120

Phase 3 Initial Routing
Phase 3 Initial Routing | Checksum: 1d6782fd7

Time (s): cpu = 00:00:22 ; elapsed = 00:00:14 . Memory (MB): peak = 2034.391 ; gain = 0.000 ; free physical = 2440 ; free virtual = 12118

Phase 4 Rip-up And Reroute

Phase 4.1 Global Iteration 0
 Number of Nodes with overlaps = 323
 Number of Nodes with overlaps = 1
 Number of Nodes with overlaps = 0

Phase 4.1.1 Update Timing
Phase 4.1.1 Update Timing | Checksum: 2a24cf281

Time (s): cpu = 00:00:26 ; elapsed = 00:00:15 . Memory (MB): peak = 2034.391 ; gain = 0.000 ; free physical = 2440 ; free virtual = 12118
INFO: [Route 35-416] Intermediate Timing Summary | WNS=2.589  | TNS=0.000  | WHS=N/A    | THS=N/A    |

Phase 4.1 Global Iteration 0 | Checksum: f454fd53

Time (s): cpu = 00:00:26 ; elapsed = 00:00:15 . Memory (MB): peak = 2034.391 ; gain = 0.000 ; free physical = 2440 ; free virtual = 12118

Phase 4.2 Global Iteration 1
 Number of Nodes with overlaps = 0

Phase 4.2.1 Update Timing
Phase 4.2.1 Update Timing | Checksum: 155764009

Time (s): cpu = 00:00:26 ; elapsed = 00:00:15 . Memory (MB): peak = 2034.391 ; gain = 0.000 ; free physical = 2440 ; free virtual = 12118
INFO: [Route 35-416] Intermediate Timing Summary | WNS=2.589  | TNS=0.000  | WHS=N/A    | THS=N/A    |

Phase 4.2 Global Iteration 1 | Checksum: 1cfe9098a

Time (s): cpu = 00:00:26 ; elapsed = 00:00:15 . Memory (MB): peak = 2034.391 ; gain = 0.000 ; free physical = 2440 ; free virtual = 12118
Phase 4 Rip-up And Reroute | Checksum: 1cfe9098a

Time (s): cpu = 00:00:26 ; elapsed = 00:00:15 . Memory (MB): peak = 2034.391 ; gain = 0.000 ; free physical = 2440 ; free virtual = 12118

Phase 5 Delay and Skew Optimization

Phase 5.1 Delay CleanUp

Phase 5.1.1 Update Timing
Phase 5.1.1 Update Timing | Checksum: 1813f0337

Time (s): cpu = 00:00:27 ; elapsed = 00:00:16 . Memory (MB): peak = 2034.391 ; gain = 0.000 ; free physical = 2440 ; free virtual = 12118
INFO: [Route 35-416] Intermediate Timing Summary | WNS=2.590  | TNS=0.000  | WHS=N/A    | THS=N/A    |

Phase 5.1 Delay CleanUp | Checksum: 1813f0337

Time (s): cpu = 00:00:27 ; elapsed = 00:00:16 . Memory (MB): peak = 2034.391 ; gain = 0.000 ; free physical = 2440 ; free virtual = 12118

Phase 5.2 Clock Skew Optimization
Phase 5.2 Clock Skew Optimization | Checksum: 1813f0337

Time (s): cpu = 00:00:27 ; elapsed = 00:00:16 . Memory (MB): peak = 2034.391 ; gain = 0.000 ; free physical = 2440 ; free virtual = 12118
Phase 5 Delay and Skew Optimization | Checksum: 1813f0337

Time (s): cpu = 00:00:27 ; elapsed = 00:00:16 . Memory (MB): peak = 2034.391 ; gain = 0.000 ; free physical = 2440 ; free virtual = 12118

Phase 6 Post Hold Fix

Phase 6.1 Update Timing
Phase 6.1 Update Timing | Checksum: 1ba1f816a

Time (s): cpu = 00:00:28 ; elapsed = 00:00:16 . Memory (MB): peak = 2034.391 ; gain = 0.000 ; free physical = 2440 ; free virtual = 12118
INFO: [Route 35-416] Intermediate Timing Summary | WNS=2.590  | TNS=0.000  | WHS=0.025  | THS=0.000  |

Phase 6 Post Hold Fix | Checksum: 189eb7db5

Time (s): cpu = 00:00:28 ; elapsed = 00:00:16 . Memory (MB): peak = 2034.391 ; gain = 0.000 ; free physical = 2440 ; free virtual = 12118

Phase 7 Route finalize

Router Utilization Summary
  Global Vertical Routing Utilization    = 1.71917 %
  Global Horizontal Routing Utilization  = 2.32146 %
  Routable Net Status*
  *Does not include unroutable nets such as driverless and loadless.
  Run report_route_status for detailed report.
  Number of Failed Nets               = 0
  Number of Unrouted Nets             = 0
  Number of Partially Routed Nets     = 0
  Number of Node Overlaps             = 0

Phase 7 Route finalize | Checksum: 14b33852c

Time (s): cpu = 00:00:28 ; elapsed = 00:00:16 . Memory (MB): peak = 2034.391 ; gain = 0.000 ; free physical = 2440 ; free virtual = 12118

Phase 8 Verifying routed nets

 Verification completed successfully
Phase 8 Verifying routed nets | Checksum: 14b33852c

Time (s): cpu = 00:00:28 ; elapsed = 00:00:16 . Memory (MB): peak = 2034.391 ; gain = 0.000 ; free physical = 2440 ; free virtual = 12117

Phase 9 Depositing Routes
Phase 9 Depositing Routes | Checksum: 189cd86fc

Time (s): cpu = 00:00:28 ; elapsed = 00:00:17 . Memory (MB): peak = 2034.391 ; gain = 0.000 ; free physical = 2440 ; free virtual = 12117

Phase 10 Post Router Timing
INFO: [Route 35-57] Estimated Timing Summary | WNS=2.590  | TNS=0.000  | WHS=0.025  | THS=0.000  |

INFO: [Route 35-327] The final timing numbers are based on the router estimated timing analysis. For a complete and accurate timing signoff, please run report_timing_summary.
Phase 10 Post Router Timing | Checksum: 189cd86fc

Time (s): cpu = 00:00:28 ; elapsed = 00:00:17 . Memory (MB): peak = 2034.391 ; gain = 0.000 ; free physical = 2440 ; free virtual = 12117
INFO: [Route 35-16] Router Completed Successfully

Time (s): cpu = 00:00:28 ; elapsed = 00:00:17 . Memory (MB): peak = 2034.391 ; gain = 0.000 ; free physical = 2440 ; free virtual = 12117

Routing Is Done.
INFO: [Common 17-83] Releasing license: Implementation
67 Infos, 2 Warnings, 0 Critical Warnings and 0 Errors encountered.
route_design completed successfully
route_design: Time (s): cpu = 00:00:30 ; elapsed = 00:00:18 . Memory (MB): peak = 2034.391 ; gain = 0.000 ; free physical = 2440 ; free virtual = 12117
Writing placer database...
Writing XDEF routing.
Writing XDEF routing logical nets.
Writing XDEF routing special nets.
Write XDEF Complete: Time (s): cpu = 00:00:02 ; elapsed = 00:00:00.84 . Memory (MB): peak = 2034.391 ; gain = 0.000 ; free physical = 2429 ; free virtual = 12117
INFO: [DRC 23-27] Running DRC with 4 threads
INFO: [Coretcl 2-168] The results of DRC are in file /home/rupprich/Zynq/indoor-loc-zybo/indoor-loc-zybo.runs/impl_1/design_1_wrapper_drc_routed.rpt.
INFO: [Timing 38-91] UpdateTimingParams: Speed grade: -1, Delay Type: min_max.
INFO: [Timing 38-191] Multithreading enabled for timing update using a maximum of 4 CPUs
Running Vector-less Activity Propagation...

Finished Running Vector-less Activity Propagation
Attempting to get a license for feature 'Implementation' and/or device 'xc7z010'
INFO: [Common 17-349] Got license for feature 'Implementation' and/or device 'xc7z010'
Running DRC as a precondition to command write_bitstream
INFO: [DRC 23-27] Running DRC with 4 threads
INFO: [Vivado 12-3199] DRC finished with 0 Errors
INFO: [Vivado 12-3200] Please refer to the DRC report (report_drc) for more information.
Loading data files...
Loading site data...
Loading route data...
Processing options...
Creating bitmap...
Creating bitstream...
Writing bitstream ./design_1_wrapper.bit...
INFO: [Vivado 12-1842] Bitgen Completed Successfully.
INFO: [Project 1-118] WebTalk data collection is enabled (User setting is ON. Install Setting is ON.).
INFO: [Common 17-83] Releasing license: Implementation
write_bitstream: Time (s): cpu = 00:00:18 ; elapsed = 00:00:20 . Memory (MB): peak = 2266.777 ; gain = 232.387 ; free physical = 2121 ; free virtual = 11805
INFO: [Common 17-206] Exiting Vivado at Mon Oct 26 14:10:38 2015...
