INFO: [VRFC 10-163] Analyzing VHDL file "/home/rupprich/Zynq/indoor-loc-zybo/indoor-loc-zybo.srcs/sources_1/bd/design_1/ipshared/xilinx.com/axi_lite_ipif_v3_0/hdl/src/vhdl/ipif_pkg.vhd" into library axi_lite_ipif_v3_0_3
INFO: [VRFC 10-163] Analyzing VHDL file "/home/rupprich/Zynq/indoor-loc-zybo/indoor-loc-zybo.srcs/sources_1/bd/design_1/ipshared/xilinx.com/axi_lite_ipif_v3_0/hdl/src/vhdl/pselect_f.vhd" into library axi_lite_ipif_v3_0_3
INFO: [VRFC 10-307] analyzing entity pselect_f
INFO: [VRFC 10-163] Analyzing VHDL file "/home/rupprich/Zynq/indoor-loc-zybo/indoor-loc-zybo.srcs/sources_1/bd/design_1/ipshared/xilinx.com/axi_lite_ipif_v3_0/hdl/src/vhdl/address_decoder.vhd" into library axi_lite_ipif_v3_0_3
INFO: [VRFC 10-307] analyzing entity address_decoder
INFO: [VRFC 10-163] Analyzing VHDL file "/home/rupprich/Zynq/indoor-loc-zybo/indoor-loc-zybo.srcs/sources_1/bd/design_1/ipshared/xilinx.com/axi_lite_ipif_v3_0/hdl/src/vhdl/slave_attachment.vhd" into library axi_lite_ipif_v3_0_3
INFO: [VRFC 10-307] analyzing entity slave_attachment
INFO: [VRFC 10-163] Analyzing VHDL file "/home/rupprich/Zynq/indoor-loc-zybo/indoor-loc-zybo.srcs/sources_1/bd/design_1/ipshared/xilinx.com/axi_lite_ipif_v3_0/hdl/src/vhdl/axi_lite_ipif.vhd" into library axi_lite_ipif_v3_0_3
INFO: [VRFC 10-307] analyzing entity axi_lite_ipif
INFO: [VRFC 10-163] Analyzing VHDL file "/home/rupprich/Zynq/indoor-loc-zybo/indoor-loc-zybo.srcs/sources_1/bd/design_1/ipshared/xilinx.com/lib_cdc_v1_0/hdl/src/vhdl/cdc_sync.vhd" into library lib_cdc_v1_0_2
INFO: [VRFC 10-307] analyzing entity cdc_sync
INFO: [VRFC 10-163] Analyzing VHDL file "/home/rupprich/Zynq/indoor-loc-zybo/indoor-loc-zybo.srcs/sources_1/bd/design_1/ipshared/xilinx.com/interrupt_control_v3_1/hdl/src/vhdl/interrupt_control.vhd" into library interrupt_control_v3_1_2
INFO: [VRFC 10-307] analyzing entity interrupt_control
INFO: [VRFC 10-163] Analyzing VHDL file "/home/rupprich/Zynq/indoor-loc-zybo/indoor-loc-zybo.srcs/sources_1/bd/design_1/ipshared/xilinx.com/axi_gpio_v2_0/hdl/src/vhdl/gpio_core.vhd" into library axi_gpio_v2_0_8
INFO: [VRFC 10-307] analyzing entity GPIO_Core
INFO: [VRFC 10-163] Analyzing VHDL file "/home/rupprich/Zynq/indoor-loc-zybo/indoor-loc-zybo.srcs/sources_1/bd/design_1/ipshared/xilinx.com/axi_gpio_v2_0/hdl/src/vhdl/axi_gpio.vhd" into library axi_gpio_v2_0_8
INFO: [VRFC 10-307] analyzing entity axi_gpio
INFO: [VRFC 10-163] Analyzing VHDL file "/home/rupprich/Zynq/indoor-loc-zybo/indoor-loc-zybo.ip_user_files/bd/design_1/ip/design_1_axi_gpio_0_0/sim/design_1_axi_gpio_0_0.vhd" into library xil_defaultlib
INFO: [VRFC 10-307] analyzing entity design_1_axi_gpio_0_0
INFO: [VRFC 10-163] Analyzing VHDL file "/home/rupprich/Zynq/indoor-loc-zybo/indoor-loc-zybo.ip_user_files/bd/design_1/ip/design_1_axi_gpio_1_0/sim/design_1_axi_gpio_1_0.vhd" into library xil_defaultlib
INFO: [VRFC 10-307] analyzing entity design_1_axi_gpio_1_0
INFO: [VRFC 10-163] Analyzing VHDL file "/home/rupprich/Zynq/indoor-loc-zybo/indoor-loc-zybo.srcs/sources_1/bd/design_1/ipshared/xilinx.com/proc_sys_reset_v5_0/hdl/src/vhdl/upcnt_n.vhd" into library proc_sys_reset_v5_0_8
INFO: [VRFC 10-307] analyzing entity upcnt_n
INFO: [VRFC 10-163] Analyzing VHDL file "/home/rupprich/Zynq/indoor-loc-zybo/indoor-loc-zybo.srcs/sources_1/bd/design_1/ipshared/xilinx.com/proc_sys_reset_v5_0/hdl/src/vhdl/sequence_psr.vhd" into library proc_sys_reset_v5_0_8
INFO: [VRFC 10-307] analyzing entity sequence_psr
INFO: [VRFC 10-163] Analyzing VHDL file "/home/rupprich/Zynq/indoor-loc-zybo/indoor-loc-zybo.srcs/sources_1/bd/design_1/ipshared/xilinx.com/proc_sys_reset_v5_0/hdl/src/vhdl/lpf.vhd" into library proc_sys_reset_v5_0_8
INFO: [VRFC 10-307] analyzing entity lpf
INFO: [VRFC 10-163] Analyzing VHDL file "/home/rupprich/Zynq/indoor-loc-zybo/indoor-loc-zybo.srcs/sources_1/bd/design_1/ipshared/xilinx.com/proc_sys_reset_v5_0/hdl/src/vhdl/proc_sys_reset.vhd" into library proc_sys_reset_v5_0_8
INFO: [VRFC 10-307] analyzing entity proc_sys_reset
INFO: [VRFC 10-163] Analyzing VHDL file "/home/rupprich/Zynq/indoor-loc-zybo/indoor-loc-zybo.ip_user_files/bd/design_1/ip/design_1_rst_processing_system7_0_100M_0/sim/design_1_rst_processing_system7_0_100M_0.vhd" into library xil_defaultlib
INFO: [VRFC 10-307] analyzing entity design_1_rst_processing_system7_0_100M_0
INFO: [VRFC 10-163] Analyzing VHDL file "/home/rupprich/Zynq/indoor-loc-zybo/indoor-loc-zybo.srcs/sources_1/bd/design_1/ipshared/xilinx.com/fifo_generator_v13_0/simulation/fifo_generator_vhdl_beh.vhd" into library fifo_generator_v13_0_0
INFO: [VRFC 10-307] analyzing entity fifo_generator_v13_0_0_bhv_as
INFO: [VRFC 10-307] analyzing entity fifo_generator_v13_0_0_bhv_ss
INFO: [VRFC 10-307] analyzing entity fifo_generator_v13_0_0_bhv_preload0
INFO: [VRFC 10-307] analyzing entity fifo_generator_v13_0_0_conv
INFO: [VRFC 10-307] analyzing entity fifo_generator_v13_0_0_axic_reg_slice
INFO: [VRFC 10-307] analyzing entity fifo_generator_vhdl_beh
INFO: [VRFC 10-163] Analyzing VHDL file "/home/rupprich/Zynq/indoor-loc-zybo/indoor-loc-zybo.srcs/sources_1/bd/design_1/ipshared/xilinx.com/fifo_generator_v13_0/hdl/fifo_generator_v13_0_rfs.vhd" into library fifo_generator_v13_0_0
INFO: [VRFC 10-307] analyzing entity input_blk
INFO: [VRFC 10-307] analyzing entity output_blk
INFO: [VRFC 10-307] analyzing entity shft_wrapper
INFO: [VRFC 10-307] analyzing entity shft_ram
INFO: [VRFC 10-307] analyzing entity wr_pf_as
INFO: [VRFC 10-307] analyzing entity wr_pf_ss
INFO: [VRFC 10-307] analyzing entity rd_pe_as
INFO: [VRFC 10-307] analyzing entity rd_pe_ss
INFO: [VRFC 10-307] analyzing entity synchronizer_ff
INFO: [VRFC 10-307] analyzing entity delay
INFO: [VRFC 10-307] analyzing entity bin_cntr
INFO: [VRFC 10-307] analyzing entity clk_x_pntrs_builtin
INFO: [VRFC 10-307] analyzing entity logic_builtin
INFO: [VRFC 10-307] analyzing entity builtin_prim
INFO: [VRFC 10-307] analyzing entity builtin_extdepth
INFO: [VRFC 10-307] analyzing entity builtin_top
INFO: [VRFC 10-307] analyzing entity reset_builtin
INFO: [VRFC 10-307] analyzing entity builtin_prim_v6
INFO: [VRFC 10-307] analyzing entity builtin_extdepth_v6
INFO: [VRFC 10-307] analyzing entity builtin_extdepth_low_latency
INFO: [VRFC 10-307] analyzing entity builtin_top_v6
INFO: [VRFC 10-307] analyzing entity fifo_generator_v13_0_0_builtin
INFO: [VRFC 10-307] analyzing entity bram_sync_reg
INFO: [VRFC 10-307] analyzing entity bram_fifo_rstlogic
INFO: [VRFC 10-307] analyzing entity reset_blk_ramfifo
INFO: [VRFC 10-307] analyzing entity axi_reg_slice
INFO: [VRFC 10-307] analyzing entity fifo_generator_top
INFO: [VRFC 10-307] analyzing entity fifo_generator_v13_0_0_synth
INFO: [VRFC 10-307] analyzing entity fifo_generator_v13_0_0
INFO: [VRFC 10-163] Analyzing VHDL file "/home/rupprich/Zynq/indoor-loc-zybo/indoor-loc-zybo.ip_user_files/bd/design_1/ipshared/user.org/pwm4zybo_v1_0/hdl/pwm.vhd" into library xil_defaultlib
INFO: [VRFC 10-307] analyzing entity pwm
INFO: [VRFC 10-163] Analyzing VHDL file "/home/rupprich/Zynq/indoor-loc-zybo/indoor-loc-zybo.ip_user_files/bd/design_1/ipshared/user.org/pwm4zybo_v1_0/hdl/pwm4zybo_v1_0_S00_AXI.vhd" into library xil_defaultlib
INFO: [VRFC 10-307] analyzing entity pwm4zybo_v1_0_S00_AXI
INFO: [VRFC 10-163] Analyzing VHDL file "/home/rupprich/Zynq/indoor-loc-zybo/indoor-loc-zybo.ip_user_files/bd/design_1/ipshared/user.org/pwm4zybo_v1_0/hdl/pwm4zybo_v1_0.vhd" into library xil_defaultlib
INFO: [VRFC 10-307] analyzing entity pwm4zybo_v1_0
INFO: [VRFC 10-163] Analyzing VHDL file "/home/rupprich/Zynq/indoor-loc-zybo/indoor-loc-zybo.ip_user_files/bd/design_1/ip/design_1_pwm4zybo_0_1/sim/design_1_pwm4zybo_0_1.vhd" into library xil_defaultlib
INFO: [VRFC 10-307] analyzing entity design_1_pwm4zybo_0_1
INFO: [VRFC 10-163] Analyzing VHDL file "/home/rupprich/Zynq/indoor-loc-zybo/indoor-loc-zybo.ip_user_files/bd/design_1/hdl/design_1.vhd" into library xil_defaultlib
INFO: [VRFC 10-307] analyzing entity m00_couplers_imp_OBU1DD
INFO: [VRFC 10-307] analyzing entity m01_couplers_imp_1FBREZ4
INFO: [VRFC 10-307] analyzing entity m02_couplers_imp_MVV5YQ
INFO: [VRFC 10-307] analyzing entity s00_couplers_imp_1CFO1MB
INFO: [VRFC 10-307] analyzing entity design_1_processing_system7_0_axi_periph_0
INFO: [VRFC 10-307] analyzing entity design_1
INFO: [VRFC 10-163] Analyzing VHDL file "/home/rupprich/Zynq/indoor-loc-zybo/indoor-loc-zybo.srcs/sources_1/bd/design_1/hdl/design_1_wrapper.vhd" into library xil_defaultlib
INFO: [VRFC 10-307] analyzing entity design_1_wrapper
