09:52:45 **** Incremental Build of configuration Debug for project IndoorLocZybo ****
make all 
make: Nothing to be done for `all'.
09:53:12 **** Incremental Build of configuration Debug for project IndoorLocZybo ****
make all 
make: Nothing to be done for `all'.
09:53:13 **** Incremental Build of configuration Debug for project HelloWorld ****
make all 
make: Nothing to be done for `all'.
09:53:28 **** Clean-only build of configuration Debug for project IndoorLocZybo ****
make clean 
rm -rf  ./src/platform.o ./src/pwmTest.o  ./src/platform.d ./src/pwmTest.d  IndoorLocZybo.elf.size  IndoorLocZybo.elf
 
09:53:29 **** Auto Build of configuration Debug for project IndoorLocZybo ****
make all 
Building file: ../src/platform.c
Invoking: ARM gcc compiler
arm-xilinx-eabi-gcc -Wall -O0 -g3 -c -fmessage-length=0 -MT"src/platform.o" -I../../IndoorLocZybo_bsp/ps7_cortexa9_0/include -MMD -MP -MF"src/platform.d" -MT"src/platform.d" -o "src/platform.o" "../src/platform.c"
Finished building: ../src/platform.c
 
Building file: ../src/pwmTest.c
Invoking: ARM gcc compiler
arm-xilinx-eabi-gcc -Wall -O0 -g3 -c -fmessage-length=0 -MT"src/pwmTest.o" -I../../IndoorLocZybo_bsp/ps7_cortexa9_0/include -MMD -MP -MF"src/pwmTest.d" -MT"src/pwmTest.d" -o "src/pwmTest.o" "../src/pwmTest.c"
Finished building: ../src/pwmTest.c
 
Building target: IndoorLocZybo.elf
Invoking: ARM gcc linker
arm-xilinx-eabi-gcc -Wl,-T -Wl,../src/lscript.ld -L../../IndoorLocZybo_bsp/ps7_cortexa9_0/lib -o "IndoorLocZybo.elf"  ./src/platform.o ./src/pwmTest.o   -Wl,--start-group,-lxil,-lgcc,-lc,--end-group
Finished building target: IndoorLocZybo.elf
 
Invoking: ARM Print Size
arm-xilinx-eabi-size IndoorLocZybo.elf  |tee "IndoorLocZybo.elf.size"
   text	   data	    bss	    dec	    hex	filename
  22768	   1152	   8228	  32148	   7d94	IndoorLocZybo.elf
Finished building: IndoorLocZybo.elf.size
 
09:53:38 **** Incremental Build of configuration Debug for project IndoorLocZybo ****
make all 
make: Nothing to be done for `all'.
09:54:48 **** Auto Build of configuration Debug for project HelloWorld ****
make all 
Building file: ../src/helloworld.c
Invoking: ARM gcc compiler
arm-xilinx-eabi-gcc -Wall -O0 -g3 -c -fmessage-length=0 -MT"src/helloworld.o" -I../../IndoorLoc_bsp/ps7_cortexa9_0/include -MMD -MP -MF"src/helloworld.d" -MT"src/helloworld.d" -o "src/helloworld.o" "../src/helloworld.c"
../src/helloworld.c:51:20: fatal error: xil_io.h: No such file or directory
 #include <xil_io.h>
                    ^
compilation terminated.
make: *** [src/helloworld.o] Error 1
09:55:14 **** Auto Build of configuration Debug for project HelloWorld ****
make all 
Building file: ../src/helloworld.c
Invoking: ARM gcc compiler
arm-xilinx-eabi-gcc -Wall -O0 -g3 -c -fmessage-length=0 -MT"src/helloworld.o" -I../../IndoorLoc_bsp/ps7_cortexa9_0/include -MMD -MP -MF"src/helloworld.d" -MT"src/helloworld.d" -o "src/helloworld.o" "../src/helloworld.c"
../src/helloworld.c:51:20: fatal error: xil_io.h: No such file or directory
 #include <xil_io.h>
                    ^
compilation terminated.
make: *** [src/helloworld.o] Error 1
09:55:27 **** Auto Build of configuration Debug for project HelloWorld ****
make all 
Building file: ../src/helloworld.c
Invoking: ARM gcc compiler
arm-xilinx-eabi-gcc -Wall -O0 -g3 -c -fmessage-length=0 -MT"src/helloworld.o" -I../../IndoorLoc_bsp/ps7_cortexa9_0/include -MMD -MP -MF"src/helloworld.d" -MT"src/helloworld.d" -o "src/helloworld.o" "../src/helloworld.c"
../src/helloworld.c:53:22: fatal error: pwm4zybo.h: No such file or directory
 #include "pwm4zybo.h"
                      ^
compilation terminated.
make: *** [src/helloworld.o] Error 1
09:56:31 **** Auto Build of configuration Debug for project IndoorLocZybo ****
make all 
Building file: ../src/pwmTest.c
Invoking: ARM gcc compiler
arm-xilinx-eabi-gcc -Wall -O0 -g3 -c -fmessage-length=0 -MT"src/pwmTest.o" -I../../IndoorLocZybo_bsp/ps7_cortexa9_0/include -MMD -MP -MF"src/pwmTest.d" -MT"src/pwmTest.d" -o "src/pwmTest.o" "../src/pwmTest.c"
Finished building: ../src/pwmTest.c
 
Building target: IndoorLocZybo.elf
Invoking: ARM gcc linker
arm-xilinx-eabi-gcc -Wl,-T -Wl,../src/lscript.ld -L../../IndoorLocZybo_bsp/ps7_cortexa9_0/lib -o "IndoorLocZybo.elf"  ./src/platform.o ./src/pwmTest.o   -Wl,--start-group,-lxil,-lgcc,-lc,--end-group
Finished building target: IndoorLocZybo.elf
 
Invoking: ARM Print Size
arm-xilinx-eabi-size IndoorLocZybo.elf  |tee "IndoorLocZybo.elf.size"
   text	   data	    bss	    dec	    hex	filename
  22768	   1152	   8228	  32148	   7d94	IndoorLocZybo.elf
Finished building: IndoorLocZybo.elf.size
 
09:56:58 **** Incremental Build of configuration Debug for project IndoorLocZybo ****
make all 
make: Nothing to be done for `all'.
09:59:39 **** Auto Build of configuration Debug for project IndoorLocZybo ****
make all 
Building file: ../src/pwmTest.c
Invoking: ARM gcc compiler
arm-xilinx-eabi-gcc -Wall -O0 -g3 -c -fmessage-length=0 -MT"src/pwmTest.o" -I../../IndoorLocZybo_bsp/ps7_cortexa9_0/include -MMD -MP -MF"src/pwmTest.d" -MT"src/pwmTest.d" -o "src/pwmTest.o" "../src/pwmTest.c"
Finished building: ../src/pwmTest.c
 
Building target: IndoorLocZybo.elf
Invoking: ARM gcc linker
arm-xilinx-eabi-gcc -Wl,-T -Wl,../src/lscript.ld -L../../IndoorLocZybo_bsp/ps7_cortexa9_0/lib -o "IndoorLocZybo.elf"  ./src/platform.o ./src/pwmTest.o   -Wl,--start-group,-lxil,-lgcc,-lc,--end-group
Finished building target: IndoorLocZybo.elf
 
Invoking: ARM Print Size
arm-xilinx-eabi-size IndoorLocZybo.elf  |tee "IndoorLocZybo.elf.size"
   text	   data	    bss	    dec	    hex	filename
  22852	   1152	   8228	  32232	   7de8	IndoorLocZybo.elf
Finished building: IndoorLocZybo.elf.size
 
09:59:40 **** Incremental Build of configuration Debug for project IndoorLocZybo ****
make all 
make: Nothing to be done for `all'.
10:00:19 **** Auto Build of configuration Debug for project IndoorLocZybo ****
make all 
Building file: ../src/pwmTest.c
Invoking: ARM gcc compiler
arm-xilinx-eabi-gcc -Wall -O0 -g3 -c -fmessage-length=0 -MT"src/pwmTest.o" -I../../IndoorLocZybo_bsp/ps7_cortexa9_0/include -MMD -MP -MF"src/pwmTest.d" -MT"src/pwmTest.d" -o "src/pwmTest.o" "../src/pwmTest.c"
Finished building: ../src/pwmTest.c
 
Building target: IndoorLocZybo.elf
Invoking: ARM gcc linker
arm-xilinx-eabi-gcc -Wl,-T -Wl,../src/lscript.ld -L../../IndoorLocZybo_bsp/ps7_cortexa9_0/lib -o "IndoorLocZybo.elf"  ./src/platform.o ./src/pwmTest.o   -Wl,--start-group,-lxil,-lgcc,-lc,--end-group
Finished building target: IndoorLocZybo.elf
 
Invoking: ARM Print Size
arm-xilinx-eabi-size IndoorLocZybo.elf  |tee "IndoorLocZybo.elf.size"
   text	   data	    bss	    dec	    hex	filename
  22852	   1152	   8228	  32232	   7de8	IndoorLocZybo.elf
Finished building: IndoorLocZybo.elf.size
 
10:00:24 **** Auto Build of configuration Debug for project IndoorLocZybo ****
make all 
Building file: ../src/pwmTest.c
Invoking: ARM gcc compiler
arm-xilinx-eabi-gcc -Wall -O0 -g3 -c -fmessage-length=0 -MT"src/pwmTest.o" -I../../IndoorLocZybo_bsp/ps7_cortexa9_0/include -MMD -MP -MF"src/pwmTest.d" -MT"src/pwmTest.d" -o "src/pwmTest.o" "../src/pwmTest.c"
Finished building: ../src/pwmTest.c
 
Building target: IndoorLocZybo.elf
Invoking: ARM gcc linker
arm-xilinx-eabi-gcc -Wl,-T -Wl,../src/lscript.ld -L../../IndoorLocZybo_bsp/ps7_cortexa9_0/lib -o "IndoorLocZybo.elf"  ./src/platform.o ./src/pwmTest.o   -Wl,--start-group,-lxil,-lgcc,-lc,--end-group
Finished building target: IndoorLocZybo.elf
 
Invoking: ARM Print Size
arm-xilinx-eabi-size IndoorLocZybo.elf  |tee "IndoorLocZybo.elf.size"
   text	   data	    bss	    dec	    hex	filename
  22852	   1152	   8228	  32232	   7de8	IndoorLocZybo.elf
Finished building: IndoorLocZybo.elf.size
 
10:00:25 **** Incremental Build of configuration Debug for project IndoorLocZybo ****
make all 
make: Nothing to be done for `all'.
10:00:43 **** Auto Build of configuration Debug for project IndoorLocZybo ****
make all 
Building file: ../src/pwmTest.c
Invoking: ARM gcc compiler
arm-xilinx-eabi-gcc -Wall -O0 -g3 -c -fmessage-length=0 -MT"src/pwmTest.o" -I../../IndoorLocZybo_bsp/ps7_cortexa9_0/include -MMD -MP -MF"src/pwmTest.d" -MT"src/pwmTest.d" -o "src/pwmTest.o" "../src/pwmTest.c"
Finished building: ../src/pwmTest.c
 
Building target: IndoorLocZybo.elf
Invoking: ARM gcc linker
arm-xilinx-eabi-gcc -Wl,-T -Wl,../src/lscript.ld -L../../IndoorLocZybo_bsp/ps7_cortexa9_0/lib -o "IndoorLocZybo.elf"  ./src/platform.o ./src/pwmTest.o   -Wl,--start-group,-lxil,-lgcc,-lc,--end-group
Finished building target: IndoorLocZybo.elf
 
Invoking: ARM Print Size
arm-xilinx-eabi-size IndoorLocZybo.elf  |tee "IndoorLocZybo.elf.size"
   text	   data	    bss	    dec	    hex	filename
  22852	   1152	   8228	  32232	   7de8	IndoorLocZybo.elf
Finished building: IndoorLocZybo.elf.size
 
10:00:44 **** Incremental Build of configuration Debug for project IndoorLocZybo ****
make all 
make: Nothing to be done for `all'.
10:01:06 **** Incremental Build of configuration Debug for project IndoorLocZybo ****
make all 
make: Nothing to be done for `all'.
10:01:14 **** Incremental Build of configuration Debug for project IndoorLocZybo ****
make all 
make: Nothing to be done for `all'.
10:01:49 **** Incremental Build of configuration Debug for project IndoorLocZybo ****
make all 
make: Nothing to be done for `all'.
10:02:18 **** Auto Build of configuration Debug for project IndoorLocZybo ****
make all 
Building file: ../src/pwmTest.c
Invoking: ARM gcc compiler
arm-xilinx-eabi-gcc -Wall -O0 -g3 -c -fmessage-length=0 -MT"src/pwmTest.o" -I../../IndoorLocZybo_bsp/ps7_cortexa9_0/include -MMD -MP -MF"src/pwmTest.d" -MT"src/pwmTest.d" -o "src/pwmTest.o" "../src/pwmTest.c"
Finished building: ../src/pwmTest.c
 
Building target: IndoorLocZybo.elf
Invoking: ARM gcc linker
arm-xilinx-eabi-gcc -Wl,-T -Wl,../src/lscript.ld -L../../IndoorLocZybo_bsp/ps7_cortexa9_0/lib -o "IndoorLocZybo.elf"  ./src/platform.o ./src/pwmTest.o   -Wl,--start-group,-lxil,-lgcc,-lc,--end-group
Finished building target: IndoorLocZybo.elf
 
Invoking: ARM Print Size
arm-xilinx-eabi-size IndoorLocZybo.elf  |tee "IndoorLocZybo.elf.size"
   text	   data	    bss	    dec	    hex	filename
  22860	   1152	   8228	  32240	   7df0	IndoorLocZybo.elf
Finished building: IndoorLocZybo.elf.size
 
10:02:20 **** Incremental Build of configuration Debug for project IndoorLocZybo ****
make all 
make: Nothing to be done for `all'.
10:02:42 **** Auto Build of configuration Debug for project IndoorLocZybo ****
make all 
Building file: ../src/pwmTest.c
Invoking: ARM gcc compiler
arm-xilinx-eabi-gcc -Wall -O0 -g3 -c -fmessage-length=0 -MT"src/pwmTest.o" -I../../IndoorLocZybo_bsp/ps7_cortexa9_0/include -MMD -MP -MF"src/pwmTest.d" -MT"src/pwmTest.d" -o "src/pwmTest.o" "../src/pwmTest.c"
Finished building: ../src/pwmTest.c
 
Building target: IndoorLocZybo.elf
Invoking: ARM gcc linker
arm-xilinx-eabi-gcc -Wl,-T -Wl,../src/lscript.ld -L../../IndoorLocZybo_bsp/ps7_cortexa9_0/lib -o "IndoorLocZybo.elf"  ./src/platform.o ./src/pwmTest.o   -Wl,--start-group,-lxil,-lgcc,-lc,--end-group
Finished building target: IndoorLocZybo.elf
 
Invoking: ARM Print Size
arm-xilinx-eabi-size IndoorLocZybo.elf  |tee "IndoorLocZybo.elf.size"
   text	   data	    bss	    dec	    hex	filename
  22860	   1152	   8228	  32240	   7df0	IndoorLocZybo.elf
Finished building: IndoorLocZybo.elf.size
 
10:02:43 **** Incremental Build of configuration Debug for project IndoorLocZybo ****
make all 
make: Nothing to be done for `all'.
10:03:12 **** Auto Build of configuration Debug for project IndoorLocZybo ****
make all 
Building file: ../src/pwmTest.c
Invoking: ARM gcc compiler
arm-xilinx-eabi-gcc -Wall -O0 -g3 -c -fmessage-length=0 -MT"src/pwmTest.o" -I../../IndoorLocZybo_bsp/ps7_cortexa9_0/include -MMD -MP -MF"src/pwmTest.d" -MT"src/pwmTest.d" -o "src/pwmTest.o" "../src/pwmTest.c"
Finished building: ../src/pwmTest.c
 
Building target: IndoorLocZybo.elf
Invoking: ARM gcc linker
arm-xilinx-eabi-gcc -Wl,-T -Wl,../src/lscript.ld -L../../IndoorLocZybo_bsp/ps7_cortexa9_0/lib -o "IndoorLocZybo.elf"  ./src/platform.o ./src/pwmTest.o   -Wl,--start-group,-lxil,-lgcc,-lc,--end-group
Finished building target: IndoorLocZybo.elf
 
Invoking: ARM Print Size
arm-xilinx-eabi-size IndoorLocZybo.elf  |tee "IndoorLocZybo.elf.size"
   text	   data	    bss	    dec	    hex	filename
  22860	   1152	   8228	  32240	   7df0	IndoorLocZybo.elf
Finished building: IndoorLocZybo.elf.size
 
10:03:15 **** Incremental Build of configuration Debug for project IndoorLocZybo ****
make all 
make: Nothing to be done for `all'.
10:03:35 **** Auto Build of configuration Debug for project IndoorLocZybo ****
make all 
Building file: ../src/pwmTest.c
Invoking: ARM gcc compiler
arm-xilinx-eabi-gcc -Wall -O0 -g3 -c -fmessage-length=0 -MT"src/pwmTest.o" -I../../IndoorLocZybo_bsp/ps7_cortexa9_0/include -MMD -MP -MF"src/pwmTest.d" -MT"src/pwmTest.d" -o "src/pwmTest.o" "../src/pwmTest.c"
Finished building: ../src/pwmTest.c
 
Building target: IndoorLocZybo.elf
Invoking: ARM gcc linker
arm-xilinx-eabi-gcc -Wl,-T -Wl,../src/lscript.ld -L../../IndoorLocZybo_bsp/ps7_cortexa9_0/lib -o "IndoorLocZybo.elf"  ./src/platform.o ./src/pwmTest.o   -Wl,--start-group,-lxil,-lgcc,-lc,--end-group
Finished building target: IndoorLocZybo.elf
 
Invoking: ARM Print Size
arm-xilinx-eabi-size IndoorLocZybo.elf  |tee "IndoorLocZybo.elf.size"
   text	   data	    bss	    dec	    hex	filename
  22860	   1152	   8228	  32240	   7df0	IndoorLocZybo.elf
Finished building: IndoorLocZybo.elf.size
 
10:03:37 **** Incremental Build of configuration Debug for project IndoorLocZybo ****
make all 
make: Nothing to be done for `all'.
10:04:10 **** Auto Build of configuration Debug for project IndoorLocZybo ****
make all 
Building file: ../src/pwmTest.c
Invoking: ARM gcc compiler
arm-xilinx-eabi-gcc -Wall -O0 -g3 -c -fmessage-length=0 -MT"src/pwmTest.o" -I../../IndoorLocZybo_bsp/ps7_cortexa9_0/include -MMD -MP -MF"src/pwmTest.d" -MT"src/pwmTest.d" -o "src/pwmTest.o" "../src/pwmTest.c"
Finished building: ../src/pwmTest.c
 
Building target: IndoorLocZybo.elf
Invoking: ARM gcc linker
arm-xilinx-eabi-gcc -Wl,-T -Wl,../src/lscript.ld -L../../IndoorLocZybo_bsp/ps7_cortexa9_0/lib -o "IndoorLocZybo.elf"  ./src/platform.o ./src/pwmTest.o   -Wl,--start-group,-lxil,-lgcc,-lc,--end-group
Finished building target: IndoorLocZybo.elf
 
Invoking: ARM Print Size
arm-xilinx-eabi-size IndoorLocZybo.elf  |tee "IndoorLocZybo.elf.size"
   text	   data	    bss	    dec	    hex	filename
  22860	   1152	   8228	  32240	   7df0	IndoorLocZybo.elf
Finished building: IndoorLocZybo.elf.size
 
10:04:12 **** Incremental Build of configuration Debug for project IndoorLocZybo ****
make all 
make: Nothing to be done for `all'.
10:04:55 **** Auto Build of configuration Debug for project IndoorLocZybo ****
make all 
Building file: ../src/pwmTest.c
Invoking: ARM gcc compiler
arm-xilinx-eabi-gcc -Wall -O0 -g3 -c -fmessage-length=0 -MT"src/pwmTest.o" -I../../IndoorLocZybo_bsp/ps7_cortexa9_0/include -MMD -MP -MF"src/pwmTest.d" -MT"src/pwmTest.d" -o "src/pwmTest.o" "../src/pwmTest.c"
Finished building: ../src/pwmTest.c
 
Building target: IndoorLocZybo.elf
Invoking: ARM gcc linker
arm-xilinx-eabi-gcc -Wl,-T -Wl,../src/lscript.ld -L../../IndoorLocZybo_bsp/ps7_cortexa9_0/lib -o "IndoorLocZybo.elf"  ./src/platform.o ./src/pwmTest.o   -Wl,--start-group,-lxil,-lgcc,-lc,--end-group
Finished building target: IndoorLocZybo.elf
 
Invoking: ARM Print Size
arm-xilinx-eabi-size IndoorLocZybo.elf  |tee "IndoorLocZybo.elf.size"
   text	   data	    bss	    dec	    hex	filename
  22860	   1152	   8228	  32240	   7df0	IndoorLocZybo.elf
Finished building: IndoorLocZybo.elf.size
 
10:04:59 **** Incremental Build of configuration Debug for project IndoorLocZybo ****
make all 
make: Nothing to be done for `all'.
10:05:22 **** Auto Build of configuration Debug for project IndoorLocZybo ****
make all 
Building file: ../src/pwmTest.c
Invoking: ARM gcc compiler
arm-xilinx-eabi-gcc -Wall -O0 -g3 -c -fmessage-length=0 -MT"src/pwmTest.o" -I../../IndoorLocZybo_bsp/ps7_cortexa9_0/include -MMD -MP -MF"src/pwmTest.d" -MT"src/pwmTest.d" -o "src/pwmTest.o" "../src/pwmTest.c"
../src/pwmTest.c: In function 'main':
../src/pwmTest.c:86:31: warning: operation on 'i' may be undefined [-Wsequence-point]
   for (i = 0; i < PWMSTEPS; i = i++) {
                               ^
Finished building: ../src/pwmTest.c
 
Building target: IndoorLocZybo.elf
Invoking: ARM gcc linker
arm-xilinx-eabi-gcc -Wl,-T -Wl,../src/lscript.ld -L../../IndoorLocZybo_bsp/ps7_cortexa9_0/lib -o "IndoorLocZybo.elf"  ./src/platform.o ./src/pwmTest.o   -Wl,--start-group,-lxil,-lgcc,-lc,--end-group
Finished building target: IndoorLocZybo.elf
 
Invoking: ARM Print Size
arm-xilinx-eabi-size IndoorLocZybo.elf  |tee "IndoorLocZybo.elf.size"
   text	   data	    bss	    dec	    hex	filename
  22864	   1152	   8228	  32244	   7df4	IndoorLocZybo.elf
Finished building: IndoorLocZybo.elf.size
 
10:05:27 **** Auto Build of configuration Debug for project IndoorLocZybo ****
make all 
Building file: ../src/pwmTest.c
Invoking: ARM gcc compiler
arm-xilinx-eabi-gcc -Wall -O0 -g3 -c -fmessage-length=0 -MT"src/pwmTest.o" -I../../IndoorLocZybo_bsp/ps7_cortexa9_0/include -MMD -MP -MF"src/pwmTest.d" -MT"src/pwmTest.d" -o "src/pwmTest.o" "../src/pwmTest.c"
Finished building: ../src/pwmTest.c
 
Building target: IndoorLocZybo.elf
Invoking: ARM gcc linker
arm-xilinx-eabi-gcc -Wl,-T -Wl,../src/lscript.ld -L../../IndoorLocZybo_bsp/ps7_cortexa9_0/lib -o "IndoorLocZybo.elf"  ./src/platform.o ./src/pwmTest.o   -Wl,--start-group,-lxil,-lgcc,-lc,--end-group
Finished building target: IndoorLocZybo.elf
 
Invoking: ARM Print Size
arm-xilinx-eabi-size IndoorLocZybo.elf  |tee "IndoorLocZybo.elf.size"
   text	   data	    bss	    dec	    hex	filename
  22860	   1152	   8228	  32240	   7df0	IndoorLocZybo.elf
Finished building: IndoorLocZybo.elf.size
 
10:05:29 **** Incremental Build of configuration Debug for project IndoorLocZybo ****
make all 
make: Nothing to be done for `all'.
10:05:37 **** Auto Build of configuration Debug for project IndoorLocZybo ****
make all 
Building file: ../src/pwmTest.c
Invoking: ARM gcc compiler
arm-xilinx-eabi-gcc -Wall -O0 -g3 -c -fmessage-length=0 -MT"src/pwmTest.o" -I../../IndoorLocZybo_bsp/ps7_cortexa9_0/include -MMD -MP -MF"src/pwmTest.d" -MT"src/pwmTest.d" -o "src/pwmTest.o" "../src/pwmTest.c"
Finished building: ../src/pwmTest.c
 
Building target: IndoorLocZybo.elf
Invoking: ARM gcc linker
arm-xilinx-eabi-gcc -Wl,-T -Wl,../src/lscript.ld -L../../IndoorLocZybo_bsp/ps7_cortexa9_0/lib -o "IndoorLocZybo.elf"  ./src/platform.o ./src/pwmTest.o   -Wl,--start-group,-lxil,-lgcc,-lc,--end-group
Finished building target: IndoorLocZybo.elf
 
Invoking: ARM Print Size
arm-xilinx-eabi-size IndoorLocZybo.elf  |tee "IndoorLocZybo.elf.size"
   text	   data	    bss	    dec	    hex	filename
  22860	   1152	   8228	  32240	   7df0	IndoorLocZybo.elf
Finished building: IndoorLocZybo.elf.size
 
10:05:38 **** Incremental Build of configuration Debug for project IndoorLocZybo ****
make all 
make: Nothing to be done for `all'.
10:06:31 **** Auto Build of configuration Debug for project IndoorLocZybo ****
make all 
Building file: ../src/pwmTest.c
Invoking: ARM gcc compiler
arm-xilinx-eabi-gcc -Wall -O0 -g3 -c -fmessage-length=0 -MT"src/pwmTest.o" -I../../IndoorLocZybo_bsp/ps7_cortexa9_0/include -MMD -MP -MF"src/pwmTest.d" -MT"src/pwmTest.d" -o "src/pwmTest.o" "../src/pwmTest.c"
Finished building: ../src/pwmTest.c
 
Building target: IndoorLocZybo.elf
Invoking: ARM gcc linker
arm-xilinx-eabi-gcc -Wl,-T -Wl,../src/lscript.ld -L../../IndoorLocZybo_bsp/ps7_cortexa9_0/lib -o "IndoorLocZybo.elf"  ./src/platform.o ./src/pwmTest.o   -Wl,--start-group,-lxil,-lgcc,-lc,--end-group
Finished building target: IndoorLocZybo.elf
 
Invoking: ARM Print Size
arm-xilinx-eabi-size IndoorLocZybo.elf  |tee "IndoorLocZybo.elf.size"
   text	   data	    bss	    dec	    hex	filename
  22844	   1152	   8228	  32224	   7de0	IndoorLocZybo.elf
Finished building: IndoorLocZybo.elf.size
 
10:06:32 **** Incremental Build of configuration Debug for project IndoorLocZybo ****
make all 
make: Nothing to be done for `all'.
10:06:57 **** Auto Build of configuration Debug for project IndoorLocZybo ****
make all 
Building file: ../src/pwmTest.c
Invoking: ARM gcc compiler
arm-xilinx-eabi-gcc -Wall -O0 -g3 -c -fmessage-length=0 -MT"src/pwmTest.o" -I../../IndoorLocZybo_bsp/ps7_cortexa9_0/include -MMD -MP -MF"src/pwmTest.d" -MT"src/pwmTest.d" -o "src/pwmTest.o" "../src/pwmTest.c"
Finished building: ../src/pwmTest.c
 
Building target: IndoorLocZybo.elf
Invoking: ARM gcc linker
arm-xilinx-eabi-gcc -Wl,-T -Wl,../src/lscript.ld -L../../IndoorLocZybo_bsp/ps7_cortexa9_0/lib -o "IndoorLocZybo.elf"  ./src/platform.o ./src/pwmTest.o   -Wl,--start-group,-lxil,-lgcc,-lc,--end-group
Finished building target: IndoorLocZybo.elf
 
Invoking: ARM Print Size
arm-xilinx-eabi-size IndoorLocZybo.elf  |tee "IndoorLocZybo.elf.size"
   text	   data	    bss	    dec	    hex	filename
  22844	   1152	   8228	  32224	   7de0	IndoorLocZybo.elf
Finished building: IndoorLocZybo.elf.size
 
10:07:00 **** Incremental Build of configuration Debug for project IndoorLocZybo ****
make all 
make: Nothing to be done for `all'.
10:07:22 **** Auto Build of configuration Debug for project IndoorLocZybo ****
make all 
Building file: ../src/pwmTest.c
Invoking: ARM gcc compiler
arm-xilinx-eabi-gcc -Wall -O0 -g3 -c -fmessage-length=0 -MT"src/pwmTest.o" -I../../IndoorLocZybo_bsp/ps7_cortexa9_0/include -MMD -MP -MF"src/pwmTest.d" -MT"src/pwmTest.d" -o "src/pwmTest.o" "../src/pwmTest.c"
Finished building: ../src/pwmTest.c
 
Building target: IndoorLocZybo.elf
Invoking: ARM gcc linker
arm-xilinx-eabi-gcc -Wl,-T -Wl,../src/lscript.ld -L../../IndoorLocZybo_bsp/ps7_cortexa9_0/lib -o "IndoorLocZybo.elf"  ./src/platform.o ./src/pwmTest.o   -Wl,--start-group,-lxil,-lgcc,-lc,--end-group
Finished building target: IndoorLocZybo.elf
 
Invoking: ARM Print Size
arm-xilinx-eabi-size IndoorLocZybo.elf  |tee "IndoorLocZybo.elf.size"
   text	   data	    bss	    dec	    hex	filename
  22836	   1152	   8228	  32216	   7dd8	IndoorLocZybo.elf
Finished building: IndoorLocZybo.elf.size
 
10:07:25 **** Incremental Build of configuration Debug for project IndoorLocZybo ****
make all 
make: Nothing to be done for `all'.
10:14:43 **** Auto Build of configuration Debug for project IndoorLocZybo ****
make all 
Building file: ../src/iic_utils.c
Invoking: ARM gcc compiler
arm-xilinx-eabi-gcc -Wall -O0 -g3 -c -fmessage-length=0 -MT"src/iic_utils.o" -I../../IndoorLocZybo_bsp/ps7_cortexa9_0/include -MMD -MP -MF"src/iic_utils.d" -MT"src/iic_utils.d" -o "src/iic_utils.o" "../src/iic_utils.c"
Finished building: ../src/iic_utils.c
 
Building target: IndoorLocZybo.elf
Invoking: ARM gcc linker
arm-xilinx-eabi-gcc -Wl,-T -Wl,../src/lscript.ld -L../../IndoorLocZybo_bsp/ps7_cortexa9_0/lib -o "IndoorLocZybo.elf"  ./src/iic_utils.o ./src/platform.o ./src/pwmTest.o   -Wl,--start-group,-lxil,-lgcc,-lc,--end-group
Finished building target: IndoorLocZybo.elf
 
Invoking: ARM Print Size
arm-xilinx-eabi-size IndoorLocZybo.elf  |tee "IndoorLocZybo.elf.size"
   text	   data	    bss	    dec	    hex	filename
  22836	   1152	   8228	  32216	   7dd8	IndoorLocZybo.elf
Finished building: IndoorLocZybo.elf.size
 
10:14:56 **** Auto Build of configuration Debug for project IndoorLocZybo ****
make all 
make: Nothing to be done for `all'.
10:23:42 **** Auto Build of configuration Debug for project IndoorLocZybo ****
make all 
make: Nothing to be done for `all'.
10:24:49 **** Auto Build of configuration Debug for project IndoorLocZybo ****
make all 
make: Nothing to be done for `all'.
10:26:45 **** Auto Build of configuration Debug for project IndoorLocZybo ****
make all 
Building file: ../src/iic_utils.c
Invoking: ARM gcc compiler
arm-xilinx-eabi-gcc -Wall -O0 -g3 -c -fmessage-length=0 -MT"src/iic_utils.o" -I../../IndoorLocZybo_bsp/ps7_cortexa9_0/include -MMD -MP -MF"src/iic_utils.d" -MT"src/iic_utils.d" -o "src/iic_utils.o" "../src/iic_utils.c"
../src/iic_utils.c: In function 'iic_init':
../src/iic_utils.c:14:1: warning: control reaches end of non-void function [-Wreturn-type]
 }
 ^
Finished building: ../src/iic_utils.c
 
Building target: IndoorLocZybo.elf
Invoking: ARM gcc linker
arm-xilinx-eabi-gcc -Wl,-T -Wl,../src/lscript.ld -L../../IndoorLocZybo_bsp/ps7_cortexa9_0/lib -o "IndoorLocZybo.elf"  ./src/iic_utils.o ./src/platform.o ./src/pwmTest.o   -Wl,--start-group,-lxil,-lgcc,-lc,--end-group
Finished building target: IndoorLocZybo.elf
 
Invoking: ARM Print Size
arm-xilinx-eabi-size IndoorLocZybo.elf  |tee "IndoorLocZybo.elf.size"
   text	   data	    bss	    dec	    hex	filename
  22880	   1152	   8228	  32260	   7e04	IndoorLocZybo.elf
Finished building: IndoorLocZybo.elf.size
 
10:27:37 **** Auto Build of configuration Debug for project IndoorLocZybo ****
make all 
Building file: ../src/iic_utils.c
Invoking: ARM gcc compiler
arm-xilinx-eabi-gcc -Wall -O0 -g3 -c -fmessage-length=0 -MT"src/iic_utils.o" -I../../IndoorLocZybo_bsp/ps7_cortexa9_0/include -MMD -MP -MF"src/iic_utils.d" -MT"src/iic_utils.d" -o "src/iic_utils.o" "../src/iic_utils.c"
Finished building: ../src/iic_utils.c
 
Building target: IndoorLocZybo.elf
Invoking: ARM gcc linker
arm-xilinx-eabi-gcc -Wl,-T -Wl,../src/lscript.ld -L../../IndoorLocZybo_bsp/ps7_cortexa9_0/lib -o "IndoorLocZybo.elf"  ./src/iic_utils.o ./src/platform.o ./src/pwmTest.o   -Wl,--start-group,-lxil,-lgcc,-lc,--end-group
Finished building target: IndoorLocZybo.elf
 
Invoking: ARM Print Size
arm-xilinx-eabi-size IndoorLocZybo.elf  |tee "IndoorLocZybo.elf.size"
   text	   data	    bss	    dec	    hex	filename
  22884	   1152	   8228	  32264	   7e08	IndoorLocZybo.elf
Finished building: IndoorLocZybo.elf.size
 
10:28:55 **** Auto Build of configuration Debug for project IndoorLocZybo ****
make all 
Building file: ../src/iic_utils.c
Invoking: ARM gcc compiler
arm-xilinx-eabi-gcc -Wall -O0 -g3 -c -fmessage-length=0 -MT"src/iic_utils.o" -I../../IndoorLocZybo_bsp/ps7_cortexa9_0/include -MMD -MP -MF"src/iic_utils.d" -MT"src/iic_utils.d" -o "src/iic_utils.o" "../src/iic_utils.c"
../src/iic_utils.c: In function 'iic_init':
../src/iic_utils.c:40:2: warning: implicit declaration of function 'SetIiCSClk' [-Wimplicit-function-declaration]
  Status = SetIiCSClk(IicPs, ClkRate);
  ^
Finished building: ../src/iic_utils.c
 
Building target: IndoorLocZybo.elf
Invoking: ARM gcc linker
arm-xilinx-eabi-gcc -Wl,-T -Wl,../src/lscript.ld -L../../IndoorLocZybo_bsp/ps7_cortexa9_0/lib -o "IndoorLocZybo.elf"  ./src/iic_utils.o ./src/platform.o ./src/pwmTest.o   -Wl,--start-group,-lxil,-lgcc,-lc,--end-group
./src/iic_utils.o: In function `iic_init':
/home/rupprich/Zynq/indoor-loc-zybo/indoor-loc-zybo.sdk/IndoorLocZybo/Debug/../src/iic_utils.c:40: undefined reference to `SetIiCSClk'
collect2: error: ld returned 1 exit status
make: *** [IndoorLocZybo.elf] Error 1
10:30:37 **** Auto Build of configuration Debug for project IndoorLocZybo ****
make all 
Building file: ../src/iic_utils.c
Invoking: ARM gcc compiler
arm-xilinx-eabi-gcc -Wall -O0 -g3 -c -fmessage-length=0 -MT"src/iic_utils.o" -I../../IndoorLocZybo_bsp/ps7_cortexa9_0/include -MMD -MP -MF"src/iic_utils.d" -MT"src/iic_utils.d" -o "src/iic_utils.o" "../src/iic_utils.c"
Finished building: ../src/iic_utils.c
 
Building target: IndoorLocZybo.elf
Invoking: ARM gcc linker
arm-xilinx-eabi-gcc -Wl,-T -Wl,../src/lscript.ld -L../../IndoorLocZybo_bsp/ps7_cortexa9_0/lib -o "IndoorLocZybo.elf"  ./src/iic_utils.o ./src/platform.o ./src/pwmTest.o   -Wl,--start-group,-lxil,-lgcc,-lc,--end-group
Finished building target: IndoorLocZybo.elf
 
Invoking: ARM Print Size
arm-xilinx-eabi-size IndoorLocZybo.elf  |tee "IndoorLocZybo.elf.size"
   text	   data	    bss	    dec	    hex	filename
  29164	   1168	   8244	  38576	   96b0	IndoorLocZybo.elf
Finished building: IndoorLocZybo.elf.size
 
10:31:10 **** Auto Build of configuration Debug for project IndoorLocZybo ****
make all 
Building file: ../src/iic_utils.c
Invoking: ARM gcc compiler
arm-xilinx-eabi-gcc -Wall -O0 -g3 -c -fmessage-length=0 -MT"src/iic_utils.o" -I../../IndoorLocZybo_bsp/ps7_cortexa9_0/include -MMD -MP -MF"src/iic_utils.d" -MT"src/iic_utils.d" -o "src/iic_utils.o" "../src/iic_utils.c"
Finished building: ../src/iic_utils.c
 
Building target: IndoorLocZybo.elf
Invoking: ARM gcc linker
arm-xilinx-eabi-gcc -Wl,-T -Wl,../src/lscript.ld -L../../IndoorLocZybo_bsp/ps7_cortexa9_0/lib -o "IndoorLocZybo.elf"  ./src/iic_utils.o ./src/platform.o ./src/pwmTest.o   -Wl,--start-group,-lxil,-lgcc,-lc,--end-group
Finished building target: IndoorLocZybo.elf
 
Invoking: ARM Print Size
arm-xilinx-eabi-size IndoorLocZybo.elf  |tee "IndoorLocZybo.elf.size"
   text	   data	    bss	    dec	    hex	filename
  29164	   1168	   8244	  38576	   96b0	IndoorLocZybo.elf
Finished building: IndoorLocZybo.elf.size
 
10:31:19 **** Auto Build of configuration Debug for project IndoorLocZybo ****
make all 
Building file: ../src/iic_utils.c
Invoking: ARM gcc compiler
arm-xilinx-eabi-gcc -Wall -O0 -g3 -c -fmessage-length=0 -MT"src/iic_utils.o" -I../../IndoorLocZybo_bsp/ps7_cortexa9_0/include -MMD -MP -MF"src/iic_utils.d" -MT"src/iic_utils.d" -o "src/iic_utils.o" "../src/iic_utils.c"
Finished building: ../src/iic_utils.c
 
Building target: IndoorLocZybo.elf
Invoking: ARM gcc linker
arm-xilinx-eabi-gcc -Wl,-T -Wl,../src/lscript.ld -L../../IndoorLocZybo_bsp/ps7_cortexa9_0/lib -o "IndoorLocZybo.elf"  ./src/iic_utils.o ./src/platform.o ./src/pwmTest.o   -Wl,--start-group,-lxil,-lgcc,-lc,--end-group
Finished building target: IndoorLocZybo.elf
 
Invoking: ARM Print Size
arm-xilinx-eabi-size IndoorLocZybo.elf  |tee "IndoorLocZybo.elf.size"
   text	   data	    bss	    dec	    hex	filename
  29164	   1168	   8244	  38576	   96b0	IndoorLocZybo.elf
Finished building: IndoorLocZybo.elf.size
 
10:38:00 **** Auto Build of configuration Debug for project IndoorLocZybo ****
make all 
Building file: ../src/iicTest.c
Invoking: ARM gcc compiler
arm-xilinx-eabi-gcc -Wall -O0 -g3 -c -fmessage-length=0 -MT"src/iicTest.o" -I../../IndoorLocZybo_bsp/ps7_cortexa9_0/include -MMD -MP -MF"src/iicTest.d" -MT"src/iicTest.d" -o "src/iicTest.o" "../src/iicTest.c"
Finished building: ../src/iicTest.c
 
Building target: IndoorLocZybo.elf
Invoking: ARM gcc linker
arm-xilinx-eabi-gcc -Wl,-T -Wl,../src/lscript.ld -L../../IndoorLocZybo_bsp/ps7_cortexa9_0/lib -o "IndoorLocZybo.elf"  ./src/iicTest.o ./src/iic_utils.o ./src/platform.o ./src/pwmTest.o   -Wl,--start-group,-lxil,-lgcc,-lc,--end-group
Finished building target: IndoorLocZybo.elf
 
Invoking: ARM Print Size
arm-xilinx-eabi-size IndoorLocZybo.elf  |tee "IndoorLocZybo.elf.size"
   text	   data	    bss	    dec	    hex	filename
  29164	   1168	   8244	  38576	   96b0	IndoorLocZybo.elf
Finished building: IndoorLocZybo.elf.size
 
10:39:14 **** Auto Build of configuration Debug for project IndoorLocZybo ****
make all 
Building file: ../src/iicTest.c
Invoking: ARM gcc compiler
arm-xilinx-eabi-gcc -Wall -O0 -g3 -c -fmessage-length=0 -MT"src/iicTest.o" -I../../IndoorLocZybo_bsp/ps7_cortexa9_0/include -MMD -MP -MF"src/iicTest.d" -MT"src/iicTest.d" -o "src/iicTest.o" "../src/iicTest.c"
../src/iicTest.c:12:1: error: unknown type name 'in'
 in main(){
 ^
../src/iicTest.c: In function 'main':
../src/iicTest.c:15:18: warning: unused variable 'IicPs' [-Wunused-variable]
  volatile XIicPs IicPs;
                  ^
../src/iicTest.c:14:6: warning: unused variable 'Status' [-Wunused-variable]
  int Status;
      ^
../src/iicTest.c:16:1: warning: control reaches end of non-void function [-Wreturn-type]
 }
 ^
make: *** [src/iicTest.o] Error 1
10:39:18 **** Auto Build of configuration Debug for project IndoorLocZybo ****
make all 
Building file: ../src/iicTest.c
Invoking: ARM gcc compiler
arm-xilinx-eabi-gcc -Wall -O0 -g3 -c -fmessage-length=0 -MT"src/iicTest.o" -I../../IndoorLocZybo_bsp/ps7_cortexa9_0/include -MMD -MP -MF"src/iicTest.d" -MT"src/iicTest.d" -o "src/iicTest.o" "../src/iicTest.c"
../src/iicTest.c: In function 'main':
../src/iicTest.c:15:18: warning: unused variable 'IicPs' [-Wunused-variable]
  volatile XIicPs IicPs;
                  ^
../src/iicTest.c:14:6: warning: unused variable 'Status' [-Wunused-variable]
  int Status;
      ^
../src/iicTest.c:16:1: warning: control reaches end of non-void function [-Wreturn-type]
 }
 ^
Finished building: ../src/iicTest.c
 
Building target: IndoorLocZybo.elf
Invoking: ARM gcc linker
arm-xilinx-eabi-gcc -Wl,-T -Wl,../src/lscript.ld -L../../IndoorLocZybo_bsp/ps7_cortexa9_0/lib -o "IndoorLocZybo.elf"  ./src/iicTest.o ./src/iic_utils.o ./src/platform.o ./src/pwmTest.o   -Wl,--start-group,-lxil,-lgcc,-lc,--end-group
./src/pwmTest.o: In function `main':
/home/rupprich/Zynq/indoor-loc-zybo/indoor-loc-zybo.sdk/IndoorLocZybo/Debug/../src/pwmTest.c:59: multiple definition of `main'
./src/iicTest.o:/home/rupprich/Zynq/indoor-loc-zybo/indoor-loc-zybo.sdk/IndoorLocZybo/Debug/../src/iicTest.c:12: first defined here
collect2: error: ld returned 1 exit status
make: *** [IndoorLocZybo.elf] Error 1
10:39:32 **** Auto Build of configuration Debug for project IndoorLocZybo ****
make all 
Building file: ../src/iicTest.c
Invoking: ARM gcc compiler
arm-xilinx-eabi-gcc -Wall -O0 -g3 -c -fmessage-length=0 -MT"src/iicTest.o" -I../../IndoorLocZybo_bsp/ps7_cortexa9_0/include -MMD -MP -MF"src/iicTest.d" -MT"src/iicTest.d" -o "src/iicTest.o" "../src/iicTest.c"
../src/iicTest.c: In function 'main':
../src/iicTest.c:15:18: warning: unused variable 'IicPs' [-Wunused-variable]
  volatile XIicPs IicPs;
                  ^
../src/iicTest.c:14:6: warning: unused variable 'Status' [-Wunused-variable]
  int Status;
      ^
Finished building: ../src/iicTest.c
 
Building target: IndoorLocZybo.elf
Invoking: ARM gcc linker
arm-xilinx-eabi-gcc -Wl,-T -Wl,../src/lscript.ld -L../../IndoorLocZybo_bsp/ps7_cortexa9_0/lib -o "IndoorLocZybo.elf"  ./src/iicTest.o ./src/iic_utils.o ./src/platform.o ./src/pwmTest.o   -Wl,--start-group,-lxil,-lgcc,-lc,--end-group
./src/pwmTest.o: In function `main':
/home/rupprich/Zynq/indoor-loc-zybo/indoor-loc-zybo.sdk/IndoorLocZybo/Debug/../src/pwmTest.c:59: multiple definition of `main'
./src/iicTest.o:/home/rupprich/Zynq/indoor-loc-zybo/indoor-loc-zybo.sdk/IndoorLocZybo/Debug/../src/iicTest.c:12: first defined here
collect2: error: ld returned 1 exit status
make: *** [IndoorLocZybo.elf] Error 1
10:40:18 **** Auto Build of configuration Debug for project IndoorLocZybo ****
make all 
Building file: ../src/iicTest.c
Invoking: ARM gcc compiler
arm-xilinx-eabi-gcc -Wall -O0 -g3 -c -fmessage-length=0 -MT"src/iicTest.o" -I../../IndoorLocZybo_bsp/ps7_cortexa9_0/include -MMD -MP -MF"src/iicTest.d" -MT"src/iicTest.d" -o "src/iicTest.o" "../src/iicTest.c"
../src/iicTest.c: In function 'main':
../src/iicTest.c:18:2: warning: implicit declaration of function 'Xil_ICacheEnable' [-Wimplicit-function-declaration]
  Xil_ICacheEnable();
  ^
../src/iicTest.c:19:2: warning: implicit declaration of function 'Xil_DCacheEnable' [-Wimplicit-function-declaration]
  Xil_DCacheEnable();
  ^
../src/iicTest.c:23:20: warning: passing argument 1 of 'iic_init' discards 'volatile' qualifier from pointer target type
  Status = iic_init(&IicPs, IIC_DEVICE_ID, IIC_SCLK_RATE);
                    ^
In file included from ../src/iicTest.c:7:0:
../src/iic_utils.h:13:5: note: expected 'struct XIicPs *' but argument is of type 'volatile struct XIicPs *'
 int iic_init( XIicPs *IicPs, u16 DeviceId, u32 ClkRate );
     ^
Finished building: ../src/iicTest.c
 
Building target: IndoorLocZybo.elf
Invoking: ARM gcc linker
arm-xilinx-eabi-gcc -Wl,-T -Wl,../src/lscript.ld -L../../IndoorLocZybo_bsp/ps7_cortexa9_0/lib -o "IndoorLocZybo.elf"  ./src/iicTest.o ./src/iic_utils.o ./src/platform.o ./src/pwmTest.o   -Wl,--start-group,-lxil,-lgcc,-lc,--end-group
./src/pwmTest.o: In function `main':
/home/rupprich/Zynq/indoor-loc-zybo/indoor-loc-zybo.sdk/IndoorLocZybo/Debug/../src/pwmTest.c:59: multiple definition of `main'
./src/iicTest.o:/home/rupprich/Zynq/indoor-loc-zybo/indoor-loc-zybo.sdk/IndoorLocZybo/Debug/../src/iicTest.c:12: first defined here
collect2: error: ld returned 1 exit status
make: *** [IndoorLocZybo.elf] Error 1
10:40:42 **** Auto Build of configuration Debug for project IndoorLocZybo ****
make all 
Building file: ../src/iicTest.c
Invoking: ARM gcc compiler
arm-xilinx-eabi-gcc -Wall -O0 -g3 -c -fmessage-length=0 -MT"src/iicTest.o" -I../../IndoorLocZybo_bsp/ps7_cortexa9_0/include -MMD -MP -MF"src/iicTest.d" -MT"src/iicTest.d" -o "src/iicTest.o" "../src/iicTest.c"
../src/iicTest.c: In function 'main':
../src/iicTest.c:24:20: warning: passing argument 1 of 'iic_init' discards 'volatile' qualifier from pointer target type
  Status = iic_init(&IicPs, IIC_DEVICE_ID, IIC_SCLK_RATE);
                    ^
In file included from ../src/iicTest.c:8:0:
../src/iic_utils.h:13:5: note: expected 'struct XIicPs *' but argument is of type 'volatile struct XIicPs *'
 int iic_init( XIicPs *IicPs, u16 DeviceId, u32 ClkRate );
     ^
Finished building: ../src/iicTest.c
 
Building target: IndoorLocZybo.elf
Invoking: ARM gcc linker
arm-xilinx-eabi-gcc -Wl,-T -Wl,../src/lscript.ld -L../../IndoorLocZybo_bsp/ps7_cortexa9_0/lib -o "IndoorLocZybo.elf"  ./src/iicTest.o ./src/iic_utils.o ./src/platform.o ./src/pwmTest.o   -Wl,--start-group,-lxil,-lgcc,-lc,--end-group
./src/pwmTest.o: In function `main':
/home/rupprich/Zynq/indoor-loc-zybo/indoor-loc-zybo.sdk/IndoorLocZybo/Debug/../src/pwmTest.c:59: multiple definition of `main'
./src/iicTest.o:/home/rupprich/Zynq/indoor-loc-zybo/indoor-loc-zybo.sdk/IndoorLocZybo/Debug/../src/iicTest.c:13: first defined here
collect2: error: ld returned 1 exit status
make: *** [IndoorLocZybo.elf] Error 1
10:44:28 **** Auto Build of configuration Debug for project IndoorLocZybo ****
make all 
Building file: ../src/iic_utils.c
Invoking: ARM gcc compiler
arm-xilinx-eabi-gcc -Wall -O0 -g3 -c -fmessage-length=0 -MT"src/iic_utils.o" -I../../IndoorLocZybo_bsp/ps7_cortexa9_0/include -MMD -MP -MF"src/iic_utils.d" -MT"src/iic_utils.d" -o "src/iic_utils.o" "../src/iic_utils.c"
../src/iic_utils.c:12:5: error: conflicting types for 'SetIiCSClk'
 int SetIiCSClk(volatile XIicPs *InstancePtr, u32 FsclHz) {
     ^
In file included from ../src/iic_utils.c:7:0:
../src/iic_utils.h:12:5: note: previous declaration of 'SetIiCSClk' was here
 int SetIiCSClk(XIicPs *InstancePtr, u32 FsclHz);
     ^
../src/iic_utils.c:130:5: error: conflicting types for 'iic_init'
 int iic_init(volatile XIicPs *IicPs, u16 DeviceId, u32 ClkRate) {
     ^
In file included from ../src/iic_utils.c:7:0:
../src/iic_utils.h:13:5: note: previous declaration of 'iic_init' was here
 int iic_init( XIicPs *IicPs, u16 DeviceId, u32 ClkRate );
     ^
../src/iic_utils.c: In function 'iic_init':
../src/iic_utils.c:146:32: warning: passing argument 1 of 'XIicPs_CfgInitialize' discards 'volatile' qualifier from pointer target type
  Status = XIicPs_CfgInitialize(IicPs, IicPs_Config,
                                ^
In file included from ../src/iic_utils.c:6:0:
../../IndoorLocZybo_bsp/ps7_cortexa9_0/include/xiicps.h:360:5: note: expected 'struct XIicPs *' but argument is of type 'volatile struct XIicPs *'
 s32 XIicPs_CfgInitialize(XIicPs *InstancePtr, XIicPs_Config * ConfigPtr,
     ^
make: *** [src/iic_utils.o] Error 1
10:44:48 **** Auto Build of configuration Debug for project IndoorLocZybo ****
make all 
Building file: ../src/iicTest.c
Invoking: ARM gcc compiler
arm-xilinx-eabi-gcc -Wall -O0 -g3 -c -fmessage-length=0 -MT"src/iicTest.o" -I../../IndoorLocZybo_bsp/ps7_cortexa9_0/include -MMD -MP -MF"src/iicTest.d" -MT"src/iicTest.d" -o "src/iicTest.o" "../src/iicTest.c"
Finished building: ../src/iicTest.c
 
Building file: ../src/iic_utils.c
Invoking: ARM gcc compiler
arm-xilinx-eabi-gcc -Wall -O0 -g3 -c -fmessage-length=0 -MT"src/iic_utils.o" -I../../IndoorLocZybo_bsp/ps7_cortexa9_0/include -MMD -MP -MF"src/iic_utils.d" -MT"src/iic_utils.d" -o "src/iic_utils.o" "../src/iic_utils.c"
../src/iic_utils.c: In function 'iic_init':
../src/iic_utils.c:146:32: warning: passing argument 1 of 'XIicPs_CfgInitialize' discards 'volatile' qualifier from pointer target type
  Status = XIicPs_CfgInitialize(IicPs, IicPs_Config,
                                ^
In file included from ../src/iic_utils.c:6:0:
../../IndoorLocZybo_bsp/ps7_cortexa9_0/include/xiicps.h:360:5: note: expected 'struct XIicPs *' but argument is of type 'volatile struct XIicPs *'
 s32 XIicPs_CfgInitialize(XIicPs *InstancePtr, XIicPs_Config * ConfigPtr,
     ^
Finished building: ../src/iic_utils.c
 
Building target: IndoorLocZybo.elf
Invoking: ARM gcc linker
arm-xilinx-eabi-gcc -Wl,-T -Wl,../src/lscript.ld -L../../IndoorLocZybo_bsp/ps7_cortexa9_0/lib -o "IndoorLocZybo.elf"  ./src/iicTest.o ./src/iic_utils.o ./src/platform.o ./src/pwmTest.o   -Wl,--start-group,-lxil,-lgcc,-lc,--end-group
./src/pwmTest.o: In function `main':
/home/rupprich/Zynq/indoor-loc-zybo/indoor-loc-zybo.sdk/IndoorLocZybo/Debug/../src/pwmTest.c:59: multiple definition of `main'
./src/iicTest.o:/home/rupprich/Zynq/indoor-loc-zybo/indoor-loc-zybo.sdk/IndoorLocZybo/Debug/../src/iicTest.c:13: first defined here
collect2: error: ld returned 1 exit status
make: *** [IndoorLocZybo.elf] Error 1
10:45:36 **** Auto Build of configuration Debug for project IndoorLocZybo ****
make all 
Building file: ../src/pwmTest.c
Invoking: ARM gcc compiler
arm-xilinx-eabi-gcc -Wall -O0 -g3 -c -fmessage-length=0 -MT"src/pwmTest.o" -I../../IndoorLocZybo_bsp/ps7_cortexa9_0/include -MMD -MP -MF"src/pwmTest.d" -MT"src/pwmTest.d" -o "src/pwmTest.o" "../src/pwmTest.c"
Finished building: ../src/pwmTest.c
 
Building target: IndoorLocZybo.elf
Invoking: ARM gcc linker
arm-xilinx-eabi-gcc -Wl,-T -Wl,../src/lscript.ld -L../../IndoorLocZybo_bsp/ps7_cortexa9_0/lib -o "IndoorLocZybo.elf"  ./src/iicTest.o ./src/iic_utils.o ./src/platform.o ./src/pwmTest.o   -Wl,--start-group,-lxil,-lgcc,-lc,--end-group
Finished building target: IndoorLocZybo.elf
 
Invoking: ARM Print Size
arm-xilinx-eabi-size IndoorLocZybo.elf  |tee "IndoorLocZybo.elf.size"
   text	   data	    bss	    dec	    hex	filename
  29384	   1168	   8244	  38796	   978c	IndoorLocZybo.elf
Finished building: IndoorLocZybo.elf.size
 
