14:53:47 **** Auto Build of configuration Debug for project HelloWorld ****
make all 
Building file: ../src/helloworld.c
Invoking: ARM gcc compiler
arm-xilinx-eabi-gcc -Wall -O0 -g3 -c -fmessage-length=0 -MT"src/helloworld.o" -I../../IndoorLoc_bsp/ps7_cortexa9_0/include -MMD -MP -MF"src/helloworld.d" -MT"src/helloworld.d" -o "src/helloworld.o" "../src/helloworld.c"
../src/helloworld.c: In function 'main':
../src/helloworld.c:59:5: warning: implicit declaration of function 'Xil_Out32' [-Wimplicit-function-declaration]
     PWM4ZYBO_mWriteReg(PWMADDRESS, PWM4ZYBO_S00_AXI_SLV_REG0_OFFSET, 1);
     ^
Finished building: ../src/helloworld.c
 
Building target: HelloWorld.elf
Invoking: ARM gcc linker
arm-xilinx-eabi-gcc -Wl,-T -Wl,../src/lscript.ld -L../../IndoorLoc_bsp/ps7_cortexa9_0/lib -o "HelloWorld.elf"  ./src/helloworld.o ./src/platform.o   -Wl,--start-group,-lxil,-lgcc,-lc,--end-group
Finished building target: HelloWorld.elf
 
Invoking: ARM Print Size
arm-xilinx-eabi-size HelloWorld.elf  |tee "HelloWorld.elf.size"
   text	   data	    bss	    dec	    hex	filename
  22892	   1152	  22564	  46608	   b610	HelloWorld.elf
Finished building: HelloWorld.elf.size
 

14:53:47 Build Finished (took 168ms)

